

================================================================
== Synthesis Summary Report of 'setup_joint_aie'
================================================================
+ General Information: 
    * Date:           Fri May 31 12:46:14 2024
    * Version:        2022.2.2 (Build 3779808 on Feb 17 2023)
    * Project:        setup_joint_aie
    * Solution:       solution (Vitis Kernel Flow Target)
    * Product family: versal
    * Target device:  xcvc1902-vsvd1760-2MP-e-S
    

+ Performance & Resource Estimates: 
    
    PS: '+' for module; 'o' for loop; '*' for dataflow
    +---------------------------------------------+--------+-------+---------+-----------+----------+---------+------+----------+------+----+------------+------------+-----+
    |                   Modules                   |  Issue |       | Latency |  Latency  | Iteration|         | Trip |          |      |    |            |            |     |
    |                   & Loops                   |  Type  | Slack | (cycles)|    (ns)   |  Latency | Interval| Count| Pipelined| BRAM | DSP|     FF     |     LUT    | URAM|
    +---------------------------------------------+--------+-------+---------+-----------+----------+---------+------+----------+------+----+------------+------------+-----+
    |+ setup_joint_aie                            |  Timing|  -0.00|     8275|  2.758e+04|         -|     8276|     -|        no|     -|   -|  5925 (~0%)|  7171 (~0%)|    -|
    | + setup_joint_aie_Pipeline_VITIS_LOOP_68_1  |  Timing|  -0.00|     8271|  2.757e+04|         -|     8271|     -|        no|     -|   -|  3231 (~0%)|  2249 (~0%)|    -|
    |  o VITIS_LOOP_68_1                          |      II|   2.43|     8269|  2.756e+04|        86|        8|  1024|       yes|     -|   -|           -|           -|    -|
    +---------------------------------------------+--------+-------+---------+-----------+----------+---------+------+----------+------+----+------------+------------+-----+


================================================================
== HW Interfaces
================================================================
* M_AXI
+-------------+------------+---------------+---------+--------+----------+-----------+--------------+--------------+-------------+-------------+
| Interface   | Data Width | Address Width | Latency | Offset | Register | Max Widen | Max Read     | Max Write    | Num Read    | Num Write   |
|             | (SW->HW)   |               |         |        |          | Bitwidth  | Burst Length | Burst Length | Outstanding | Outstanding |
+-------------+------------+---------------+---------+--------+----------+-----------+--------------+--------------+-------------+-------------+
| m_axi_gmem0 | 32 -> 256  | 64            | 64      | slave  | 0        | 512       | 16           | 16           | 16          | 16          |
+-------------+------------+---------------+---------+--------+----------+-----------+--------------+--------------+-------------+-------------+

* S_AXILITE Interfaces
+---------------+------------+---------------+--------+----------+
| Interface     | Data Width | Address Width | Offset | Register |
+---------------+------------+---------------+--------+----------+
| s_axi_control | 32         | 6             | 16     | 0        |
+---------------+------------+---------------+--------+----------+

* S_AXILITE Registers
+---------------+------------------+--------+-------+--------+----------------------------------+------------------------------------------------------------------------------------+
| Interface     | Register         | Offset | Width | Access | Description                      | Bit Fields                                                                         |
+---------------+------------------+--------+-------+--------+----------------------------------+------------------------------------------------------------------------------------+
| s_axi_control | CTRL             | 0x00   | 32    | RW     | Control signals                  | 0=AP_START 1=AP_DONE 2=AP_IDLE 3=AP_READY 4=AP_CONTINUE 7=AUTO_RESTART 9=INTERRUPT |
| s_axi_control | GIER             | 0x04   | 32    | RW     | Global Interrupt Enable Register | 0=Enable                                                                           |
| s_axi_control | IP_IER           | 0x08   | 32    | RW     | IP Interrupt Enable Register     | 0=CHAN0_INT_EN 1=CHAN1_INT_EN                                                      |
| s_axi_control | IP_ISR           | 0x0c   | 32    | RW     | IP Interrupt Status Register     | 0=CHAN0_INT_ST 1=CHAN1_INT_ST                                                      |
| s_axi_control | image_size       | 0x10   | 32    | W      | Data signal of image_size        |                                                                                    |
| s_axi_control | histogram_rows_1 | 0x18   | 32    | W      | Data signal of histogram_rows    |                                                                                    |
| s_axi_control | histogram_rows_2 | 0x1c   | 32    | W      | Data signal of histogram_rows    |                                                                                    |
+---------------+------------------+--------+-------+--------+----------------------------------+------------------------------------------------------------------------------------+

* AXIS
+-----------+---------------+-------+--------+--------+
| Interface | Register Mode | TDATA | TREADY | TVALID |
+-----------+---------------+-------+--------+--------+
| s_0       | both          | 32    | 1      | 1      |
| s_1       | both          | 32    | 1      | 1      |
| s_2       | both          | 32    | 1      | 1      |
| s_3       | both          | 32    | 1      | 1      |
| s_4       | both          | 32    | 1      | 1      |
| s_5       | both          | 32    | 1      | 1      |
| s_6       | both          | 32    | 1      | 1      |
| s_7       | both          | 32    | 1      | 1      |
+-----------+---------------+-------+--------+--------+

* Other Ports
+-------------+----------+
| Interface   | Bitwidth |
+-------------+----------+
| event_done  | 1        |
| event_start | 1        |
+-------------+----------+

* TOP LEVEL CONTROL
+-----------+---------------+-----------+
| Interface | Type          | Ports     |
+-----------+---------------+-----------+
| ap_clk    | clock         | ap_clk    |
| ap_rst_n  | reset         | ap_rst_n  |
| interrupt | interrupt     | interrupt |
| ap_ctrl   | ap_ctrl_chain |           |
+-----------+---------------+-----------+


================================================================
== SW I/O Information
================================================================
* Top Function Arguments
+----------------+-----------+-----------------+
| Argument       | Direction | Datatype        |
+----------------+-----------+-----------------+
| image_size     | in        | int             |
| histogram_rows | in        | int*            |
| s_0            | out       | stream<int, 0>& |
| s_1            | out       | stream<int, 0>& |
| s_2            | out       | stream<int, 0>& |
| s_3            | out       | stream<int, 0>& |
| s_4            | out       | stream<int, 0>& |
| s_5            | out       | stream<int, 0>& |
| s_6            | out       | stream<int, 0>& |
| s_7            | out       | stream<int, 0>& |
+----------------+-----------+-----------------+

* SW-to-HW Mapping
+----------------+---------------+-----------+----------+--------------------------------------------+
| Argument       | HW Interface  | HW Type   | HW Usage | HW Info                                    |
+----------------+---------------+-----------+----------+--------------------------------------------+
| image_size     | s_axi_control | register  |          | name=image_size offset=0x10 range=32       |
| histogram_rows | m_axi_gmem0   | interface |          |                                            |
| histogram_rows | s_axi_control | register  | offset   | name=histogram_rows_1 offset=0x18 range=32 |
| histogram_rows | s_axi_control | register  | offset   | name=histogram_rows_2 offset=0x1c range=32 |
| s_0            | s_0           | interface |          |                                            |
| s_1            | s_1           | interface |          |                                            |
| s_2            | s_2           | interface |          |                                            |
| s_3            | s_3           | interface |          |                                            |
| s_4            | s_4           | interface |          |                                            |
| s_5            | s_5           | interface |          |                                            |
| s_6            | s_6           | interface |          |                                            |
| s_7            | s_7           | interface |          |                                            |
+----------------+---------------+-----------+----------+--------------------------------------------+


================================================================
== M_AXI Burst Information
================================================================
 Note: All burst requests might be further partitioned into multiple requests during RTL generation based on max_read_burst_length or max_write_burst_length settings.

  No burst in design

================================================================
== Bind Op Report
================================================================
+---------------------------------------------+-----+--------+------------+-----+--------+---------+
| Name                                        | DSP | Pragma | Variable   | Op  | Impl   | Latency |
+---------------------------------------------+-----+--------+------------+-----+--------+---------+
| + setup_joint_aie                           | 0   |        |            |     |        |         |
|  + setup_joint_aie_Pipeline_VITIS_LOOP_68_1 | 0   |        |            |     |        |         |
|    add_ln68_fu_294_p2                       | -   |        | add_ln68   | add | fabric | 0       |
|    add_ln70_fu_566_p2                       | -   |        | add_ln70   | add | fabric | 0       |
|    add_ln70_1_fu_534_p2                     | -   |        | add_ln70_1 | add | fabric | 0       |
|    add_ln70_2_fu_502_p2                     | -   |        | add_ln70_2 | add | fabric | 0       |
|    add_ln70_3_fu_464_p2                     | -   |        | add_ln70_3 | add | fabric | 0       |
|    add_ln70_4_fu_426_p2                     | -   |        | add_ln70_4 | add | fabric | 0       |
|    add_ln70_5_fu_394_p2                     | -   |        | add_ln70_5 | add | fabric | 0       |
|    add_ln70_6_fu_356_p2                     | -   |        | add_ln70_6 | add | fabric | 0       |
|    add_ln70_7_fu_322_p2                     | -   |        | add_ln70_7 | add | fabric | 0       |
+---------------------------------------------+-----+--------+------------+-----+--------+---------+


================================================================
== Bind Storage Report
================================================================
  No bind storage info in design

================================================================
== Pragma Report
================================================================
* Valid Pragma Syntax
+-----------+---------------------------------------------------------------+--------------------------------------------------------------------+
| Type      | Options                                                       | Location                                                           |
+-----------+---------------------------------------------------------------+--------------------------------------------------------------------+
| interface | m_axi port=histogram_rows depth=100 offset=slave bundle=gmem0 | ../../../setup_joint_aie.cpp:46 in setup_joint_aie, histogram_rows |
| interface | axis port=s_0                                                 | ../../../setup_joint_aie.cpp:47 in setup_joint_aie, s_0            |
| interface | axis port=s_1                                                 | ../../../setup_joint_aie.cpp:48 in setup_joint_aie, s_1            |
| interface | axis port=s_2                                                 | ../../../setup_joint_aie.cpp:49 in setup_joint_aie, s_2            |
| interface | axis port=s_3                                                 | ../../../setup_joint_aie.cpp:50 in setup_joint_aie, s_3            |
| interface | axis port=s_4                                                 | ../../../setup_joint_aie.cpp:51 in setup_joint_aie, s_4            |
| interface | axis port=s_5                                                 | ../../../setup_joint_aie.cpp:52 in setup_joint_aie, s_5            |
| interface | axis port=s_6                                                 | ../../../setup_joint_aie.cpp:53 in setup_joint_aie, s_6            |
| interface | axis port=s_7                                                 | ../../../setup_joint_aie.cpp:54 in setup_joint_aie, s_7            |
| interface | s_axilite port=histogram_rows bundle=control                  | ../../../setup_joint_aie.cpp:55 in setup_joint_aie, histogram_rows |
| interface | s_axilite port=image_size bundle=control                      | ../../../setup_joint_aie.cpp:56 in setup_joint_aie, image_size     |
| interface | s_axilite port=return bundle=control                          | ../../../setup_joint_aie.cpp:57 in setup_joint_aie, return         |
+-----------+---------------------------------------------------------------+--------------------------------------------------------------------+


