Add module pass cdno::xlopt::PrintFilteredPass
Add module pass {anonymous}::GuidancePass
Add module pass {anonymous}::ChessOptionsPass
Add module pass {anonymous}::InlineAPIPass
Add module pass {anonymous}::XLModuleAdaptor<llvm::PromotePass>
Add module pass {anonymous}::IpConstPropPass
Add module pass {anonymous}::XLModuleAdaptor<llvm::SimplifyCFGPass>
Add module pass {anonymous}::XLModuleAdaptor<llvm::LoopSimplifyPass>
Add module pass {anonymous}::XLModuleAdaptor<llvm::FunctionToLoopPassAdaptor>
Add module pass {anonymous}::XLModuleAdaptor<{anonymous}::AIELoopInfoPass>
Add module pass {anonymous}::FunctionInliner
Add module pass cdno::xlopt::AIEAnnotatePragmaPass
Add module pass {anonymous}::XLModuleAdaptor<llvm::FunctionToLoopPassAdaptor>
Add module pass {anonymous}::XLModuleAdaptor<{anonymous}::AIELoopPeelPass>
Add module pass {anonymous}::AIEAliasAnalysisPass


--------------- FUNCTION FILTERING LOG ---------------

Filtered function llvm.lifetime.start.p0i8
Filtered function llvm.dbg.declare
Filtered function llvm.chess_memory_fence
Filtered function _Z4donev
Filtered function llvm.lifetime.end.p0i8
Filtered function _ZL25chess_separator_scheduleri
Filtered function _ZN12me_primitive5eventE7uint2_t
Filtered function _ZN7uint2_tC2Ei
Filtered function __regcall3__chessintr_void_event_uint2_t
Filtered function __regcall3__chessintr_uint2_t_uint2_t___sint
Filtered function llvm.chess.init.customint.s_struct.ipd.custom_type.uint2_t.uint2_ts.i32.p1f_s_struct.ipd.custom_type.uint2_t.uint2_tsi32f
Filtered function _Z5fpadd7v8floatS_
Filtered function _Z10as_v8int167v4float
Filtered function _Z7put_wmsi7v8int16i
Filtered function _Z10as_v4int327v8int16
Filtered function _Z7put_wmsi7v4int32i
Filtered function llvm.chess_manifest
Filtered function _ZN7uint1_tC2Ei
Filtered function _ZN12me_primitive15stream_write128EPU4AS23U16__protect_accessi7v4int327uint1_tS3_
Filtered function _ZN12me_primitive15stream_write128EPU4AS24U16__protect_accessi7v4int327uint1_tS3_
Filtered function _ZN12me_primitive15stream_write128EPU4AS12U16__protect_accessi7v4int327uint1_tS3_
Filtered function __regcall3__chessintr_void_stream_write128___PWMSMEM__sint_v4int32_uint1_t_uint1_t
Filtered function __regcall3__chessintr_void_stream_write128___PWMS_rsrc2__sint_v4int32_uint1_t_uint1_t
Filtered function __regcall3__chessintr_void_stream_write128___PWMS_rsrc1__sint_v4int32_uint1_t_uint1_t
Filtered function __regcall3__chessintr_uint1_t_uint1_t___sint
Filtered function llvm.chess.init.customint.s_struct.ipd.custom_type.uint1_t.uint1_ts.i32.p1f_s_struct.ipd.custom_type.uint1_t.uint1_tsi32f
Filtered function _ZN7v4int32C2E17chessllvmInternal7v16int8
Filtered function _ZN7v8int16C2E17chessllvmInternal7v16int8
Filtered function llvm.chess_error
Filtered function llvm.is.constant.i32
Filtered function _Z5ext_v7v8floati
Filtered function _Z8shuffle88v8cint32ij
Filtered function _Z5ext_v8v8cint32i
Filtered function _Z10as_v4float8v2cint32
Filtered function _ZN7v4floatC2E17chessllvmInternal7v16int8
Filtered function __regcall3__chessintr_v2cint32_ext_v_v8cint32___sint
Filtered function __regcall3__chessintr_v8cint32_shuffle8_v8cint32___sint___uint
Filtered function _Z6xset_wi8v4cint32
Filtered function __regcall3__chessintr_v8cint32_xset_w___sint_v4cint32
Filtered function _Z14undef_v8cint32v
Filtered function __regcall3__chessintr_v8cint32_undef_v8cint32
Filtered function _Z11as_v4cint327v8float
Filtered function _ZN8v4cint32C2E17chessllvmInternal7v32int8
Filtered function _Z14undef_v4cint32v
Filtered function __regcall3__chessintr_v4cint32_undef_v4cint32
Filtered function __regcall3__chessintr_v4float_ext_v_v8float___sint
Filtered function _Z13undef_v4floatv
Filtered function __regcall3__chessintr_v4float_undef_v4float
Filtered function __regcall3__chessintr_v8float_fpadd_v8float_v8float
Filtered function _Z5upd_v7v8floati7v4float
Filtered function _Z7select8j8v8cint32ijS_ij
Filtered function _Z5ext_w8v8cint32i
Filtered function _Z10as_v8float8v4cint32
Filtered function _ZN7v8floatC2E17chessllvmInternal7v32int8
Filtered function __regcall3__chessintr_v4cint32_ext_w_v8cint32___sint
Filtered function __regcall3__chessintr_v8cint32_select8___uint_v8cint32___sint___uint_v8cint32___sint___uint
Filtered function _Z6xset_wi7v8float
Filtered function __regcall3__chessintr_v16float_xset_w___sint_v8float
Filtered function _Z14undef_v16floatv
Filtered function __regcall3__chessintr_v16float_undef_v16float
Filtered function _Z11as_v8cint328v16float
Filtered function _ZN8v8cint32C2E17chessllvmInternal7v64int8
Filtered function _Z6xset_vi7v4float
Filtered function __regcall3__chessintr_v16float_xset_v___sint_v4float
Filtered function __regcall3__chessintr_v8float_upd_v_v8float___sint_v4float
Filtered function _Z10as_v4float7v8int16
Filtered function _Z7get_wssi
Filtered function _Z8getl_wssi
Filtered function _Z10as_v8int167v4int32
Filtered function _ZN12me_primitive14stream_read128IiEEN13chessEnableIfIXsr17chessIsCompatibleIN15chessRemoveQualIT_E4typeEiEE5valueE7v4int32E4typeEPU4AS19U16__protect_accessi7uint1_tRS3_
Filtered function _ZN12me_primitive14stream_read128IiEEN13chessEnableIfIXsr17chessIsCompatibleIN15chessRemoveQualIT_E4typeEiEE5valueE7v4int32E4typeEPU4AS20U16__protect_accessi7uint1_tRS3_
Filtered function _ZN12me_primitive14stream_read128IiEEN13chessEnableIfIXsr17chessIsCompatibleIN15chessRemoveQualIT_E4typeEiEE5valueE7v4int32E4typeEPU4AS11U16__protect_accessi7uint1_tRS3_
Filtered function __regcall3__chessintr_v4int32_stream_read128___PWSSMEM__sint_uint1_t___sint
Filtered function __regcall3__chessintr_v4int32_stream_read128___PWSS_rsrc2__sint_uint1_t___sint
Filtered function __regcall3__chessintr_v4int32_stream_read128___PWSS_rsrc1__sint_uint1_t___sint
Filtered function _Z13undef_v8floatv
Filtered function __regcall3__chessintr_v8float_undef_v8float
Filtered function _Z8as_int32f
Filtered function _Z6put_msiii
Filtered function _ZN12me_primitive12stream_writeEPU4AS21U16__protect_accessii7uint1_tS2_
Filtered function _ZN12me_primitive12stream_writeEPU4AS22U16__protect_accessii7uint1_tS2_
Filtered function _ZN12me_primitive12stream_writeEPU4AS10U16__protect_accessii7uint1_tS2_
Filtered function __regcall3__chessintr_void_stream_write___PMSMEM__sint___sint_uint1_t_uint1_t
Filtered function __regcall3__chessintr_void_stream_write___PMS_rsrc2__sint___sint_uint1_t_uint1_t
Filtered function __regcall3__chessintr_void_stream_write___PMS_rsrc1__sint___sint_uint1_t_uint1_t
Filtered function __regcall3__chessintr___sint_as_int32___ffloat
Filtered function _Z8ext_elem7v8floatj
Filtered function __regcall3__chessintr___ffloat_ext_elem_v8float___uint
Filtered function _Z5fpadd7v8float8v16floatij
Filtered function __regcall3__chessintr_v8float_fpadd_v8float_v16float___sint___uint

------------------------------------------------------



--------------- STREAM APIs INLINING LOG ---------------

Cloning function _Z26reduce_vec_kernel_functionP12input_streamIfES1_P13output_streamIfE
Cloning function _Z10readincr_vILj8EL22aie_stream_resource_in0EfEN3aie6detail6vectorIT1_XT_EEEP12input_streamIS4_E
Cloning function _Z9writeincrIL23aie_stream_resource_out0EfLj8EEvP13output_streamIT0_ERKN3aie6detail6vectorIS2_XT1_EEE
Cloning function _ZN3aie6detail3adf17stream_out_helperILj8EfL23aie_stream_resource_out0EE9writeincrEP13output_streamIfENS0_6vectorIfLj8EEE
Cloning function _ZL9writeincrIL23aie_stream_resource_out0EEvP13output_streamIfE7v4floatb
Cloning function _ZL9writeincrIL23aie_stream_resource_out0EEvP13output_streamIsE7v8int16b
Cloning function _ZN12stream_utilsL18aie_stream_put_wmsIsEEvP13output_streamIsE7v8int16Rb
Cloning function _ZN3aie6detail3adf16stream_in_helperILj8EfL22aie_stream_resource_in0EE8readincrEP12input_streamIfE
Cloning function _ZL11readincr_v8IL22aie_stream_resource_in0EE7v8int16P12input_streamIsE
Cloning function _ZN12stream_utilsL18aie_stream_get_wssIsEE7v8int16P12input_streamIsE
Cloning function _Z22reduce_kernel_functionP12input_streamIfES1_P13output_streamIfE
Cloning function _ZL9writeincrIL23aie_stream_resource_out0EfEvP13output_streamIT0_ENSt3__213type_identityIS2_E4typeEb
Cloning function _ZN12stream_utilsL17aie_stream_put_msIffEEvP13output_streamIT0_Eib

--------------------------------------------------------



--------------- LOOP STATISTICS : main ---------------

Total loops = 2
Loops with prepare for pipelining pragma = 0
Loops with unroll pragma = 0
Loops with flatten pragma = 0
Loops with min range pragma = 0
Loops with max range pragma = 0
Loops with known trip count = 0

------------------------------------------------------



--------------- LOOP STATISTICS : _ZN3aie6detail3adf17stream_out_helperILj8EfL23aie_stream_resource_out0EE9writeincrEP13output_streamIfENS0_6vectorIfLj8EEE ---------------

Total loops = 1
Loops with prepare for pipelining pragma = 0
Loops with unroll pragma = 0
Loops with flatten pragma = 0
Loops with min range pragma = 0
Loops with max range pragma = 0
Loops with known trip count = 1

---------------------------------------------------------------------------------------------------------------------------------------------------------------------------



--------------- LOOP STATISTICS : _ZN3aie6detail3adf16stream_in_helperILj8EfL22aie_stream_resource_in0EE8readincrEP12input_streamIfE ---------------

Total loops = 1
Loops with prepare for pipelining pragma = 0
Loops with unroll pragma = 0
Loops with flatten pragma = 0
Loops with min range pragma = 0
Loops with max range pragma = 0
Loops with known trip count = 1

----------------------------------------------------------------------------------------------------------------------------------------------------



--------------- FUNCTION INLINING LOG (threshold = 5000) ---------------

Inlining statistics for functions :
	_ZN3aie6detail15add_reduce_bitsILj32EfLj8EE3runERKNS0_6vectorIfLj8EEE : inscount = 2, 1 callers
	_Z9writeincrIL23aie_stream_resource_out0EfLj8EEvP13output_streamIT0_ERKN3aie6detail6vectorIS2_XT1_EEE : inscount = 3, 1 callers
	_ZN13output_streamIfEC2Ej : inscount = 4, 0 callers
	_ZN12input_streamIfEC2Ej : inscount = 4, 0 callers
	_Z10readincr_vILj8EL22aie_stream_resource_in0EfEN3aie6detail6vectorIT1_XT_EEEP12input_streamIS4_E : inscount = 7, 2 callers
	_ZN3aie6detail17add_reduce_v_bitsILj32EfLj8EE3runIJRKNS0_6vectorIfLj8EEEEEES5_DpOT_ : inscount = 8, 1 callers
	_ZN7v4floatC2E17chessllvmInternal7v16int8 : inscount = 11, 2 callers
	_ZN7v8floatC2E17chessllvmInternal7v32int8 : inscount = 11, 1 callers
	_ZN8v4cint32C2E17chessllvmInternal7v32int8 : inscount = 11, 1 callers
	_ZN8v8cint32C2E17chessllvmInternal7v64int8 : inscount = 11, 1 callers
	_ZN7v8int16C2E17chessllvmInternal7v16int8 : inscount = 11, 2 callers
	_ZN7v4int32C2E17chessllvmInternal7v16int8 : inscount = 11, 1 callers
	_ZN3aie6detail14vector_storageIfLj16EE5undefEv : inscount = 13, 1 callers
	_ZN3aie6detail14vector_storageIfLj8EE5undefEv : inscount = 13, 1 callers
	_ZN3aie6detail14vector_storageI6cint32Lj4EE5undefEv : inscount = 13, 1 callers
	_ZN3aie6detail14vector_storageIfLj4EE5undefEv : inscount = 13, 1 callers
	_ZN3aie6detail14vector_storageI6cint32Lj8EE5undefEv : inscount = 13, 1 callers
	_ZN3aie6detailL18vector_cast_helperIfLj4ERK7v8int16EENS0_14vector_storageIT_XT0_EE4typeEOT1_ : inscount = 15, 1 callers
	_ZN3aie6detailL18vector_cast_helperI6cint32Lj8ERK8v16floatEENS0_14vector_storageIT_XT0_EE4typeEOT1_ : inscount = 15, 1 callers
	_ZN3aie6detailL18vector_cast_helperIfLj4E8v2cint32EENS0_14vector_storageIT_XT0_EE4typeEOT1_ : inscount = 15, 1 callers
	_ZN3aie6detailL18vector_cast_helperI6cint32Lj4ERK7v8floatEENS0_14vector_storageIT_XT0_EE4typeEOT1_ : inscount = 15, 1 callers
	_ZN3aie6detailL18vector_cast_helperIfLj8E8v4cint32EENS0_14vector_storageIT_XT0_EE4typeEOT1_ : inscount = 15, 1 callers
	_ZN3aie6detail20add_reduce_bits_implILj32EfLj8EE3runERKNS0_6vectorIfLj8EEE : inscount = 32, 1 callers
	_ZN3aie6detail11vector_castIfsLj8EEEDaRKNS0_6vectorIT0_XT1_EEE : inscount = 36, 1 callers
	_Z26reduce_vec_kernel_functionP12input_streamIfES1_P13output_streamIfE : inscount = 121, 0 callers
	_Z22reduce_kernel_functionP12input_streamIfES1_P13output_streamIfE : inscount = 312, 1 callers
	_ZN3aie6detail22add_reduce_v_bits_implILj32EfLj8ELj1EE3runERKNS0_6vectorIfLj8EEE : inscount = 322, 1 callers
	_ZN3aie6detail3adf17stream_out_helperILj8EfL23aie_stream_resource_out0EE9writeincrEP13output_streamIfENS0_6vectorIfLj8EEE : inscount = 486, 1 callers
	_ZN3aie6detail3adf16stream_in_helperILj8EfL22aie_stream_resource_in0EE8readincrEP12input_streamIfE : inscount = 636, 1 callers

Inlining decisions based on profitability metrics :
	inlining function _ZN3aie6detail15add_reduce_bitsILj32EfLj8EE3runERKNS0_6vectorIfLj8EEE
	inlining function _Z9writeincrIL23aie_stream_resource_out0EfLj8EEvP13output_streamIT0_ERKN3aie6detail6vectorIS2_XT1_EEE
	inlining function _Z10readincr_vILj8EL22aie_stream_resource_in0EfEN3aie6detail6vectorIT1_XT_EEEP12input_streamIS4_E
	inlining function _ZN3aie6detail17add_reduce_v_bitsILj32EfLj8EE3runIJRKNS0_6vectorIfLj8EEEEEES5_DpOT_
	inlining function _ZN7v4floatC2E17chessllvmInternal7v16int8
	inlining function _ZN7v8floatC2E17chessllvmInternal7v32int8
	inlining function _ZN8v4cint32C2E17chessllvmInternal7v32int8
	inlining function _ZN8v8cint32C2E17chessllvmInternal7v64int8
	inlining function _ZN7v8int16C2E17chessllvmInternal7v16int8
	inlining function _ZN7v4int32C2E17chessllvmInternal7v16int8
	inlining function _ZN3aie6detail14vector_storageIfLj16EE5undefEv
	inlining function _ZN3aie6detail14vector_storageIfLj8EE5undefEv
	inlining function _ZN3aie6detail14vector_storageI6cint32Lj4EE5undefEv
	inlining function _ZN3aie6detail14vector_storageIfLj4EE5undefEv
	inlining function _ZN3aie6detail14vector_storageI6cint32Lj8EE5undefEv
	inlining function _ZN3aie6detailL18vector_cast_helperIfLj4ERK7v8int16EENS0_14vector_storageIT_XT0_EE4typeEOT1_
	inlining function _ZN3aie6detailL18vector_cast_helperI6cint32Lj8ERK8v16floatEENS0_14vector_storageIT_XT0_EE4typeEOT1_
	inlining function _ZN3aie6detailL18vector_cast_helperIfLj4E8v2cint32EENS0_14vector_storageIT_XT0_EE4typeEOT1_
	inlining function _ZN3aie6detailL18vector_cast_helperI6cint32Lj4ERK7v8floatEENS0_14vector_storageIT_XT0_EE4typeEOT1_
	inlining function _ZN3aie6detailL18vector_cast_helperIfLj8E8v4cint32EENS0_14vector_storageIT_XT0_EE4typeEOT1_
	inlining function _ZN3aie6detail20add_reduce_bits_implILj32EfLj8EE3runERKNS0_6vectorIfLj8EEE
	inlining function _ZN3aie6detail11vector_castIfsLj8EEEDaRKNS0_6vectorIT0_XT1_EEE
	inlining function _ZN3aie6detail3adf16stream_in_helperILj8EfL22aie_stream_resource_in0EE8readincrEP12input_streamIfE
	inlining function _ZN3aie6detail22add_reduce_v_bits_implILj32EfLj8ELj1EE3runERKNS0_6vectorIfLj8EEE
	inlining function _Z22reduce_kernel_functionP12input_streamIfES1_P13output_streamIfE
	inlining function _ZN3aie6detail3adf17stream_out_helperILj8EfL23aie_stream_resource_out0EE9writeincrEP13output_streamIfENS0_6vectorIfLj8EEE
	inlining function _ZN12stream_utilsL17aie_stream_put_msIffEEvP13output_streamIT0_Eib
	inlining function _ZN12stream_utilsL18aie_stream_get_wssIsEE7v8int16P12input_streamIsE
	inlining function _ZL11readincr_v8IL22aie_stream_resource_in0EE7v8int16P12input_streamIsE
	inlining function _ZN12stream_utilsL18aie_stream_put_wmsIsEEvP13output_streamIsE7v8int16Rb
	inlining function _ZL9writeincrIL23aie_stream_resource_out0EEvP13output_streamIsE7v8int16b
	inlining function _ZL9writeincrIL23aie_stream_resource_out0EfEvP13output_streamIT0_ENSt3__213type_identityIS2_E4typeEb
	inlining function _ZL9writeincrIL23aie_stream_resource_out0EEvP13output_streamIfE7v4floatb
	inlining function _ZNSt3__27forwardIRKN3aie6detail6vectorIfLj8EEEEEOT_RNS_16remove_referenceIS7_E4typeE

------------------------------------------------------------------------



--------------- PRAGMA INSERTION LOG (unroll threshold = 3000, max unroll factor = 8) ---------------

Adding pragma to function _ZN3aie6detail3adf16stream_in_helperILj8EfL22aie_stream_resource_in0EE8readincrEP12input_streamIfE :
	Pragma added to loop at line 84 in file xilinx/software/Vitis/2022.2/aietools/include/aie_api/adf/stream.hpp : chess_loop_range(2,2)
	Pragma added to loop at line 84 in file xilinx/software/Vitis/2022.2/aietools/include/aie_api/adf/stream.hpp : chess_prepare_for_pipelining
	Pragma added to loop at line 84 in file xilinx/software/Vitis/2022.2/aietools/include/aie_api/adf/stream.hpp : chess_unroll_loop(2)
Adding pragma to function _ZN3aie6detail3adf17stream_out_helperILj8EfL23aie_stream_resource_out0EE9writeincrEP13output_streamIfENS0_6vectorIfLj8EEE :
	Pragma added to loop at line 131 in file xilinx/software/Vitis/2022.2/aietools/include/aie_api/adf/stream.hpp : chess_loop_range(2,2)
	Pragma added to loop at line 131 in file xilinx/software/Vitis/2022.2/aietools/include/aie_api/adf/stream.hpp : chess_prepare_for_pipelining
	Pragma added to loop at line 131 in file xilinx/software/Vitis/2022.2/aietools/include/aie_api/adf/stream.hpp : chess_unroll_loop(2)

-----------------------------------------------------------------------------------------------------

