/home/users/francesco.santambrogio/Downloads/Hpps24-fpga2aie/data_movers/_x/setup_joint_aie_hw/setup_joint_aie/setup_joint_aie/solution/.autopilot/db/setup_joint_aie.pp.0.cpp:1321:7: warning: Added loop label VITIS_LOOP_1211_1:   [xilinx-label-all-loops]
      for (i = 0; i < __N - 1; ++i) {
      ^~~
      VITIS_LOOP_1211_1: 
/home/users/francesco.santambrogio/Downloads/Hpps24-fpga2aie/data_movers/_x/setup_joint_aie_hw/setup_joint_aie/setup_joint_aie/solution/.autopilot/db/setup_joint_aie.pp.0.cpp:1321:7: note: FIX-IT applied suggested code changes
/home/users/francesco.santambrogio/Downloads/Hpps24-fpga2aie/data_movers/_x/setup_joint_aie_hw/setup_joint_aie/setup_joint_aie/solution/.autopilot/db/setup_joint_aie.pp.0.cpp:2295:5: warning: Added loop label VITIS_LOOP_676_1:   [xilinx-label-all-loops]
    for (unsigned i = low; i != high; ++i) {
    ^~~
    VITIS_LOOP_676_1: 
/home/users/francesco.santambrogio/Downloads/Hpps24-fpga2aie/data_movers/_x/setup_joint_aie_hw/setup_joint_aie/setup_joint_aie/solution/.autopilot/db/setup_joint_aie.pp.0.cpp:2295:5: note: FIX-IT applied suggested code changes
/home/users/francesco.santambrogio/Downloads/Hpps24-fpga2aie/data_movers/_x/setup_joint_aie_hw/setup_joint_aie/setup_joint_aie/solution/.autopilot/db/setup_joint_aie.pp.0.cpp:2309:5: warning: Added loop label VITIS_LOOP_690_1:   [xilinx-label-all-loops]
    for (unsigned i = low; i != high; ++i) {
    ^~~
    VITIS_LOOP_690_1: 
/home/users/francesco.santambrogio/Downloads/Hpps24-fpga2aie/data_movers/_x/setup_joint_aie_hw/setup_joint_aie/setup_joint_aie/solution/.autopilot/db/setup_joint_aie.pp.0.cpp:2309:5: note: FIX-IT applied suggested code changes
/home/users/francesco.santambrogio/Downloads/Hpps24-fpga2aie/data_movers/_x/setup_joint_aie_hw/setup_joint_aie/setup_joint_aie/solution/.autopilot/db/setup_joint_aie.pp.0.cpp:2323:5: warning: Added loop label VITIS_LOOP_704_1:   [xilinx-label-all-loops]
    for (unsigned i = low; i != high; ++i) {
    ^~~
    VITIS_LOOP_704_1: 
/home/users/francesco.santambrogio/Downloads/Hpps24-fpga2aie/data_movers/_x/setup_joint_aie_hw/setup_joint_aie/setup_joint_aie/solution/.autopilot/db/setup_joint_aie.pp.0.cpp:2323:5: note: FIX-IT applied suggested code changes
/home/users/francesco.santambrogio/Downloads/Hpps24-fpga2aie/data_movers/_x/setup_joint_aie_hw/setup_joint_aie/setup_joint_aie/solution/.autopilot/db/setup_joint_aie.pp.0.cpp:3934:7: warning: Added loop label VITIS_LOOP_1245_1:   [xilinx-label-all-loops]
      for (i = 0; i < __N - 1; ++i) {
      ^~~
      VITIS_LOOP_1245_1: 
/home/users/francesco.santambrogio/Downloads/Hpps24-fpga2aie/data_movers/_x/setup_joint_aie_hw/setup_joint_aie/setup_joint_aie/solution/.autopilot/db/setup_joint_aie.pp.0.cpp:3934:7: note: FIX-IT applied suggested code changes
/home/users/francesco.santambrogio/Downloads/Hpps24-fpga2aie/data_movers/_x/setup_joint_aie_hw/setup_joint_aie/setup_joint_aie/solution/.autopilot/db/setup_joint_aie.pp.0.cpp:6330:2: warning: Added loop label VITIS_LOOP_68_1:   [xilinx-label-all-loops]
 for (int j = 0; j < 256*256 / (4 * 2*8); j++) {
 ^~~
 VITIS_LOOP_68_1: 
/home/users/francesco.santambrogio/Downloads/Hpps24-fpga2aie/data_movers/_x/setup_joint_aie_hw/setup_joint_aie/setup_joint_aie/solution/.autopilot/db/setup_joint_aie.pp.0.cpp:6330:2: note: FIX-IT applied suggested code changes
