/home/users/francesco.santambrogio/Downloads/Hpps24-fpga2aie/data_movers/_x/sink_from_aie_hw/sink_from_aie/sink_from_aie/solution/.autopilot/db/sink_from_aie.pp.0.cpp:1321:7: warning: Added loop label VITIS_LOOP_1211_1:   [xilinx-label-all-loops]
      for (i = 0; i < __N - 1; ++i) {
      ^~~
      VITIS_LOOP_1211_1: 
/home/users/francesco.santambrogio/Downloads/Hpps24-fpga2aie/data_movers/_x/sink_from_aie_hw/sink_from_aie/sink_from_aie/solution/.autopilot/db/sink_from_aie.pp.0.cpp:1321:7: note: FIX-IT applied suggested code changes
/home/users/francesco.santambrogio/Downloads/Hpps24-fpga2aie/data_movers/_x/sink_from_aie_hw/sink_from_aie/sink_from_aie/solution/.autopilot/db/sink_from_aie.pp.0.cpp:2295:5: warning: Added loop label VITIS_LOOP_676_1:   [xilinx-label-all-loops]
    for (unsigned i = low; i != high; ++i) {
    ^~~
    VITIS_LOOP_676_1: 
/home/users/francesco.santambrogio/Downloads/Hpps24-fpga2aie/data_movers/_x/sink_from_aie_hw/sink_from_aie/sink_from_aie/solution/.autopilot/db/sink_from_aie.pp.0.cpp:2295:5: note: FIX-IT applied suggested code changes
/home/users/francesco.santambrogio/Downloads/Hpps24-fpga2aie/data_movers/_x/sink_from_aie_hw/sink_from_aie/sink_from_aie/solution/.autopilot/db/sink_from_aie.pp.0.cpp:2309:5: warning: Added loop label VITIS_LOOP_690_1:   [xilinx-label-all-loops]
    for (unsigned i = low; i != high; ++i) {
    ^~~
    VITIS_LOOP_690_1: 
/home/users/francesco.santambrogio/Downloads/Hpps24-fpga2aie/data_movers/_x/sink_from_aie_hw/sink_from_aie/sink_from_aie/solution/.autopilot/db/sink_from_aie.pp.0.cpp:2309:5: note: FIX-IT applied suggested code changes
/home/users/francesco.santambrogio/Downloads/Hpps24-fpga2aie/data_movers/_x/sink_from_aie_hw/sink_from_aie/sink_from_aie/solution/.autopilot/db/sink_from_aie.pp.0.cpp:2323:5: warning: Added loop label VITIS_LOOP_704_1:   [xilinx-label-all-loops]
    for (unsigned i = low; i != high; ++i) {
    ^~~
    VITIS_LOOP_704_1: 
/home/users/francesco.santambrogio/Downloads/Hpps24-fpga2aie/data_movers/_x/sink_from_aie_hw/sink_from_aie/sink_from_aie/solution/.autopilot/db/sink_from_aie.pp.0.cpp:2323:5: note: FIX-IT applied suggested code changes
/home/users/francesco.santambrogio/Downloads/Hpps24-fpga2aie/data_movers/_x/sink_from_aie_hw/sink_from_aie/sink_from_aie/solution/.autopilot/db/sink_from_aie.pp.0.cpp:3934:7: warning: Added loop label VITIS_LOOP_1245_1:   [xilinx-label-all-loops]
      for (i = 0; i < __N - 1; ++i) {
      ^~~
      VITIS_LOOP_1245_1: 
/home/users/francesco.santambrogio/Downloads/Hpps24-fpga2aie/data_movers/_x/sink_from_aie_hw/sink_from_aie/sink_from_aie/solution/.autopilot/db/sink_from_aie.pp.0.cpp:3934:7: note: FIX-IT applied suggested code changes
/home/users/francesco.santambrogio/Downloads/Hpps24-fpga2aie/data_movers/_x/sink_from_aie_hw/sink_from_aie/sink_from_aie/solution/.autopilot/db/sink_from_aie.pp.0.cpp:15485:72: error: Invalid Directive: for current device, ROM_1P + LUTRAM is invalid combination for BIND_STORAGE's option 'type + impl' [clang-diagnostic-error]
#pragma HLS BIND_STORAGE variable=fourth_order_double::sin_cos_K0 type=ROM_1P impl=LUTRAM
                                                                       ^
/home/users/francesco.santambrogio/Downloads/Hpps24-fpga2aie/data_movers/_x/sink_from_aie_hw/sink_from_aie/sink_from_aie/solution/.autopilot/db/sink_from_aie.pp.0.cpp:15486:72: error: Invalid Directive: for current device, ROM_1P + LUTRAM is invalid combination for BIND_STORAGE's option 'type + impl' [clang-diagnostic-error]
#pragma HLS BIND_STORAGE variable=fourth_order_double::sin_cos_K1 type=ROM_1P impl=LUTRAM
                                                                       ^
/home/users/francesco.santambrogio/Downloads/Hpps24-fpga2aie/data_movers/_x/sink_from_aie_hw/sink_from_aie/sink_from_aie/solution/.autopilot/db/sink_from_aie.pp.0.cpp:15487:72: error: Invalid Directive: for current device, ROM_1P + LUTRAM is invalid combination for BIND_STORAGE's option 'type + impl' [clang-diagnostic-error]
#pragma HLS BIND_STORAGE variable=fourth_order_double::sin_cos_K2 type=ROM_1P impl=LUTRAM
                                                                       ^
/home/users/francesco.santambrogio/Downloads/Hpps24-fpga2aie/data_movers/_x/sink_from_aie_hw/sink_from_aie/sink_from_aie/solution/.autopilot/db/sink_from_aie.pp.0.cpp:15488:72: error: Invalid Directive: for current device, ROM_1P + LUTRAM is invalid combination for BIND_STORAGE's option 'type + impl' [clang-diagnostic-error]
#pragma HLS BIND_STORAGE variable=fourth_order_double::sin_cos_K3 type=ROM_1P impl=LUTRAM
                                                                       ^
/home/users/francesco.santambrogio/Downloads/Hpps24-fpga2aie/data_movers/_x/sink_from_aie_hw/sink_from_aie/sink_from_aie/solution/.autopilot/db/sink_from_aie.pp.0.cpp:15489:72: error: Invalid Directive: for current device, ROM_1P + LUTRAM is invalid combination for BIND_STORAGE's option 'type + impl' [clang-diagnostic-error]
#pragma HLS BIND_STORAGE variable=fourth_order_double::sin_cos_K4 type=ROM_1P impl=LUTRAM
                                                                       ^
/home/users/francesco.santambrogio/Downloads/Hpps24-fpga2aie/data_movers/_x/sink_from_aie_hw/sink_from_aie/sink_from_aie/solution/.autopilot/db/sink_from_aie.pp.0.cpp:15519:68: error: Invalid Directive: for current device, ROM_1P + LUTRAM is invalid combination for BIND_STORAGE's option 'type + impl' [clang-diagnostic-error]
#pragma HLS BIND_STORAGE variable=fourth_order_double::cos_K0 type=ROM_1P impl=LUTRAM
                                                                   ^
/home/users/francesco.santambrogio/Downloads/Hpps24-fpga2aie/data_movers/_x/sink_from_aie_hw/sink_from_aie/sink_from_aie/solution/.autopilot/db/sink_from_aie.pp.0.cpp:15520:68: error: Invalid Directive: for current device, ROM_1P + LUTRAM is invalid combination for BIND_STORAGE's option 'type + impl' [clang-diagnostic-error]
#pragma HLS BIND_STORAGE variable=fourth_order_double::cos_K1 type=ROM_1P impl=LUTRAM
                                                                   ^
/home/users/francesco.santambrogio/Downloads/Hpps24-fpga2aie/data_movers/_x/sink_from_aie_hw/sink_from_aie/sink_from_aie/solution/.autopilot/db/sink_from_aie.pp.0.cpp:15521:68: error: Invalid Directive: for current device, ROM_1P + LUTRAM is invalid combination for BIND_STORAGE's option 'type + impl' [clang-diagnostic-error]
#pragma HLS BIND_STORAGE variable=fourth_order_double::cos_K2 type=ROM_1P impl=LUTRAM
                                                                   ^
/home/users/francesco.santambrogio/Downloads/Hpps24-fpga2aie/data_movers/_x/sink_from_aie_hw/sink_from_aie/sink_from_aie/solution/.autopilot/db/sink_from_aie.pp.0.cpp:15522:68: error: Invalid Directive: for current device, ROM_1P + LUTRAM is invalid combination for BIND_STORAGE's option 'type + impl' [clang-diagnostic-error]
#pragma HLS BIND_STORAGE variable=fourth_order_double::cos_K3 type=ROM_1P impl=LUTRAM
                                                                   ^
/home/users/francesco.santambrogio/Downloads/Hpps24-fpga2aie/data_movers/_x/sink_from_aie_hw/sink_from_aie/sink_from_aie/solution/.autopilot/db/sink_from_aie.pp.0.cpp:15523:68: error: Invalid Directive: for current device, ROM_1P + LUTRAM is invalid combination for BIND_STORAGE's option 'type + impl' [clang-diagnostic-error]
#pragma HLS BIND_STORAGE variable=fourth_order_double::cos_K4 type=ROM_1P impl=LUTRAM
                                                                   ^
/home/users/francesco.santambrogio/Downloads/Hpps24-fpga2aie/data_movers/_x/sink_from_aie_hw/sink_from_aie/sink_from_aie/solution/.autopilot/db/sink_from_aie.pp.0.cpp:15524:68: error: Invalid Directive: for current device, ROM_1P + LUTRAM is invalid combination for BIND_STORAGE's option 'type + impl' [clang-diagnostic-error]
#pragma HLS BIND_STORAGE variable=fourth_order_double::sin_K0 type=ROM_1P impl=LUTRAM
                                                                   ^
/home/users/francesco.santambrogio/Downloads/Hpps24-fpga2aie/data_movers/_x/sink_from_aie_hw/sink_from_aie/sink_from_aie/solution/.autopilot/db/sink_from_aie.pp.0.cpp:15525:68: error: Invalid Directive: for current device, ROM_1P + LUTRAM is invalid combination for BIND_STORAGE's option 'type + impl' [clang-diagnostic-error]
#pragma HLS BIND_STORAGE variable=fourth_order_double::sin_K1 type=ROM_1P impl=LUTRAM
                                                                   ^
/home/users/francesco.santambrogio/Downloads/Hpps24-fpga2aie/data_movers/_x/sink_from_aie_hw/sink_from_aie/sink_from_aie/solution/.autopilot/db/sink_from_aie.pp.0.cpp:15526:68: error: Invalid Directive: for current device, ROM_1P + LUTRAM is invalid combination for BIND_STORAGE's option 'type + impl' [clang-diagnostic-error]
#pragma HLS BIND_STORAGE variable=fourth_order_double::sin_K2 type=ROM_1P impl=LUTRAM
                                                                   ^
/home/users/francesco.santambrogio/Downloads/Hpps24-fpga2aie/data_movers/_x/sink_from_aie_hw/sink_from_aie/sink_from_aie/solution/.autopilot/db/sink_from_aie.pp.0.cpp:15527:68: error: Invalid Directive: for current device, ROM_1P + LUTRAM is invalid combination for BIND_STORAGE's option 'type + impl' [clang-diagnostic-error]
#pragma HLS BIND_STORAGE variable=fourth_order_double::sin_K3 type=ROM_1P impl=LUTRAM
                                                                   ^
/home/users/francesco.santambrogio/Downloads/Hpps24-fpga2aie/data_movers/_x/sink_from_aie_hw/sink_from_aie/sink_from_aie/solution/.autopilot/db/sink_from_aie.pp.0.cpp:15528:68: error: Invalid Directive: for current device, ROM_1P + LUTRAM is invalid combination for BIND_STORAGE's option 'type + impl' [clang-diagnostic-error]
#pragma HLS BIND_STORAGE variable=fourth_order_double::sin_K4 type=ROM_1P impl=LUTRAM
                                                                   ^
/home/users/francesco.santambrogio/Downloads/Hpps24-fpga2aie/data_movers/_x/sink_from_aie_hw/sink_from_aie/sink_from_aie/solution/.autopilot/db/sink_from_aie.pp.0.cpp:15578:71: error: Invalid Directive: for current device, ROM_1P + LUTRAM is invalid combination for BIND_STORAGE's option 'type + impl' [clang-diagnostic-error]
#pragma HLS BIND_STORAGE variable=second_order_float::sin_cos_K0 type=ROM_1P impl=LUTRAM
                                                                      ^
/home/users/francesco.santambrogio/Downloads/Hpps24-fpga2aie/data_movers/_x/sink_from_aie_hw/sink_from_aie/sink_from_aie/solution/.autopilot/db/sink_from_aie.pp.0.cpp:15579:71: error: Invalid Directive: for current device, ROM_1P + LUTRAM is invalid combination for BIND_STORAGE's option 'type + impl' [clang-diagnostic-error]
#pragma HLS BIND_STORAGE variable=second_order_float::sin_cos_K1 type=ROM_1P impl=LUTRAM
                                                                      ^
/home/users/francesco.santambrogio/Downloads/Hpps24-fpga2aie/data_movers/_x/sink_from_aie_hw/sink_from_aie/sink_from_aie/solution/.autopilot/db/sink_from_aie.pp.0.cpp:15580:71: error: Invalid Directive: for current device, ROM_1P + LUTRAM is invalid combination for BIND_STORAGE's option 'type + impl' [clang-diagnostic-error]
#pragma HLS BIND_STORAGE variable=second_order_float::sin_cos_K2 type=ROM_1P impl=LUTRAM
                                                                      ^
/home/users/francesco.santambrogio/Downloads/Hpps24-fpga2aie/data_movers/_x/sink_from_aie_hw/sink_from_aie/sink_from_aie/solution/.autopilot/db/sink_from_aie.pp.0.cpp:15607:67: error: Invalid Directive: for current device, ROM_1P + LUTRAM is invalid combination for BIND_STORAGE's option 'type + impl' [clang-diagnostic-error]
#pragma HLS BIND_STORAGE variable=second_order_float::cos_K0 type=ROM_1P impl=LUTRAM
                                                                  ^
/home/users/francesco.santambrogio/Downloads/Hpps24-fpga2aie/data_movers/_x/sink_from_aie_hw/sink_from_aie/sink_from_aie/solution/.autopilot/db/sink_from_aie.pp.0.cpp:15608:67: error: Invalid Directive: for current device, ROM_1P + LUTRAM is invalid combination for BIND_STORAGE's option 'type + impl' [clang-diagnostic-error]
#pragma HLS BIND_STORAGE variable=second_order_float::cos_K1 type=ROM_1P impl=LUTRAM
                                                                  ^
/home/users/francesco.santambrogio/Downloads/Hpps24-fpga2aie/data_movers/_x/sink_from_aie_hw/sink_from_aie/sink_from_aie/solution/.autopilot/db/sink_from_aie.pp.0.cpp:15609:67: error: Invalid Directive: for current device, ROM_1P + LUTRAM is invalid combination for BIND_STORAGE's option 'type + impl' [clang-diagnostic-error]
#pragma HLS BIND_STORAGE variable=second_order_float::cos_K2 type=ROM_1P impl=LUTRAM
                                                                  ^
/home/users/francesco.santambrogio/Downloads/Hpps24-fpga2aie/data_movers/_x/sink_from_aie_hw/sink_from_aie/sink_from_aie/solution/.autopilot/db/sink_from_aie.pp.0.cpp:15610:67: error: Invalid Directive: for current device, ROM_1P + LUTRAM is invalid combination for BIND_STORAGE's option 'type + impl' [clang-diagnostic-error]
#pragma HLS BIND_STORAGE variable=second_order_float::sin_K0 type=ROM_1P impl=LUTRAM
                                                                  ^
/home/users/francesco.santambrogio/Downloads/Hpps24-fpga2aie/data_movers/_x/sink_from_aie_hw/sink_from_aie/sink_from_aie/solution/.autopilot/db/sink_from_aie.pp.0.cpp:15611:67: error: Invalid Directive: for current device, ROM_1P + LUTRAM is invalid combination for BIND_STORAGE's option 'type + impl' [clang-diagnostic-error]
#pragma HLS BIND_STORAGE variable=second_order_float::sin_K1 type=ROM_1P impl=LUTRAM
                                                                  ^
/home/users/francesco.santambrogio/Downloads/Hpps24-fpga2aie/data_movers/_x/sink_from_aie_hw/sink_from_aie/sink_from_aie/solution/.autopilot/db/sink_from_aie.pp.0.cpp:15612:67: error: Invalid Directive: for current device, ROM_1P + LUTRAM is invalid combination for BIND_STORAGE's option 'type + impl' [clang-diagnostic-error]
#pragma HLS BIND_STORAGE variable=second_order_float::sin_K2 type=ROM_1P impl=LUTRAM
                                                                  ^
/home/users/francesco.santambrogio/Downloads/Hpps24-fpga2aie/data_movers/_x/sink_from_aie_hw/sink_from_aie/sink_from_aie/solution/.autopilot/db/sink_from_aie.pp.0.cpp:15648:73: error: Invalid Directive: for current device, ROM_1P + LUTRAM is invalid combination for BIND_STORAGE's option 'type + impl' [clang-diagnostic-error]
#pragma HLS BIND_STORAGE variable=first_order_fixed_16::sin_cos_K0 type=ROM_1P impl=LUTRAM
                                                                        ^
/home/users/francesco.santambrogio/Downloads/Hpps24-fpga2aie/data_movers/_x/sink_from_aie_hw/sink_from_aie/sink_from_aie/solution/.autopilot/db/sink_from_aie.pp.0.cpp:15649:73: error: Invalid Directive: for current device, ROM_1P + LUTRAM is invalid combination for BIND_STORAGE's option 'type + impl' [clang-diagnostic-error]
#pragma HLS BIND_STORAGE variable=first_order_fixed_16::sin_cos_K1 type=ROM_1P impl=LUTRAM
                                                                        ^
/home/users/francesco.santambrogio/Downloads/Hpps24-fpga2aie/data_movers/_x/sink_from_aie_hw/sink_from_aie/sink_from_aie/solution/.autopilot/db/sink_from_aie.pp.0.cpp:15923:5: warning: Added loop label VITIS_LOOP_87_1:   [xilinx-label-all-loops]
    for (int n=0; n<Nmax; n++){
    ^~~
    VITIS_LOOP_87_1: 
/home/users/francesco.santambrogio/Downloads/Hpps24-fpga2aie/data_movers/_x/sink_from_aie_hw/sink_from_aie/sink_from_aie/solution/.autopilot/db/sink_from_aie.pp.0.cpp:15923:5: note: FIX-IT applied suggested code changes
/home/users/francesco.santambrogio/Downloads/Hpps24-fpga2aie/data_movers/_x/sink_from_aie_hw/sink_from_aie/sink_from_aie/solution/.autopilot/db/sink_from_aie.pp.0.cpp:15969:5: warning: Added loop label VITIS_LOOP_143_1:   [xilinx-label-all-loops]
    for (int n=0; n<Nmax; n++){
    ^~~
    VITIS_LOOP_143_1: 
/home/users/francesco.santambrogio/Downloads/Hpps24-fpga2aie/data_movers/_x/sink_from_aie_hw/sink_from_aie/sink_from_aie/solution/.autopilot/db/sink_from_aie.pp.0.cpp:15969:5: note: FIX-IT applied suggested code changes
/home/users/francesco.santambrogio/Downloads/Hpps24-fpga2aie/data_movers/_x/sink_from_aie_hw/sink_from_aie/sink_from_aie/solution/.autopilot/db/sink_from_aie.pp.0.cpp:16132:9: warning: Added loop label VITIS_LOOP_315_1:   [xilinx-label-all-loops]
        for(int i=0;i<W-1;i++){
        ^~~
        VITIS_LOOP_315_1: 
/home/users/francesco.santambrogio/Downloads/Hpps24-fpga2aie/data_movers/_x/sink_from_aie_hw/sink_from_aie/sink_from_aie/solution/.autopilot/db/sink_from_aie.pp.0.cpp:16132:9: note: FIX-IT applied suggested code changes
/home/users/francesco.santambrogio/Downloads/Hpps24-fpga2aie/data_movers/_x/sink_from_aie_hw/sink_from_aie/sink_from_aie/solution/.autopilot/db/sink_from_aie.pp.0.cpp:16284:9: warning: Added loop label VITIS_LOOP_475_1:   [xilinx-label-all-loops]
        for(int i=0;i<W-1;i++){
        ^~~
        VITIS_LOOP_475_1: 
/home/users/francesco.santambrogio/Downloads/Hpps24-fpga2aie/data_movers/_x/sink_from_aie_hw/sink_from_aie/sink_from_aie/solution/.autopilot/db/sink_from_aie.pp.0.cpp:16284:9: note: FIX-IT applied suggested code changes
/home/users/francesco.santambrogio/Downloads/Hpps24-fpga2aie/data_movers/_x/sink_from_aie_hw/sink_from_aie/sink_from_aie/solution/.autopilot/db/sink_from_aie.pp.0.cpp:16464:5: warning: Added loop label VITIS_LOOP_655_1:   [xilinx-label-all-loops]
    for(int i=0;i<W+1;i++){
    ^~~
    VITIS_LOOP_655_1: 
/home/users/francesco.santambrogio/Downloads/Hpps24-fpga2aie/data_movers/_x/sink_from_aie_hw/sink_from_aie/sink_from_aie/solution/.autopilot/db/sink_from_aie.pp.0.cpp:16464:5: note: FIX-IT applied suggested code changes
/home/users/francesco.santambrogio/Downloads/Hpps24-fpga2aie/data_movers/_x/sink_from_aie_hw/sink_from_aie/sink_from_aie/solution/.autopilot/db/sink_from_aie.pp.0.cpp:16468:5: warning: Added loop label VITIS_LOOP_659_2:   [xilinx-label-all-loops]
    for(int i=0;i<W+1;i++){
    ^~~
    VITIS_LOOP_659_2: 
/home/users/francesco.santambrogio/Downloads/Hpps24-fpga2aie/data_movers/_x/sink_from_aie_hw/sink_from_aie/sink_from_aie/solution/.autopilot/db/sink_from_aie.pp.0.cpp:16468:5: note: FIX-IT applied suggested code changes
/home/users/francesco.santambrogio/Downloads/Hpps24-fpga2aie/data_movers/_x/sink_from_aie_hw/sink_from_aie/sink_from_aie/solution/.autopilot/db/sink_from_aie.pp.0.cpp:16578:5: warning: Added loop label VITIS_LOOP_769_1:   [xilinx-label-all-loops]
    for (int n=0; n<Nmax; n++){
    ^~~
    VITIS_LOOP_769_1: 
/home/users/francesco.santambrogio/Downloads/Hpps24-fpga2aie/data_movers/_x/sink_from_aie_hw/sink_from_aie/sink_from_aie/solution/.autopilot/db/sink_from_aie.pp.0.cpp:16578:5: note: FIX-IT applied suggested code changes
/home/users/francesco.santambrogio/Downloads/Hpps24-fpga2aie/data_movers/_x/sink_from_aie_hw/sink_from_aie/sink_from_aie/solution/.autopilot/db/sink_from_aie.pp.0.cpp:16668:7: warning: Added loop label VITIS_LOOP_866_1:   [xilinx-label-all-loops]
      for(int i=0;i<W-1;i++){
      ^~~
      VITIS_LOOP_866_1: 
/home/users/francesco.santambrogio/Downloads/Hpps24-fpga2aie/data_movers/_x/sink_from_aie_hw/sink_from_aie/sink_from_aie/solution/.autopilot/db/sink_from_aie.pp.0.cpp:16668:7: note: FIX-IT applied suggested code changes
/home/users/francesco.santambrogio/Downloads/Hpps24-fpga2aie/data_movers/_x/sink_from_aie_hw/sink_from_aie/sink_from_aie/solution/.autopilot/db/sink_from_aie.pp.0.cpp:16687:7: warning: Added loop label VITIS_LOOP_885_2:   [xilinx-label-all-loops]
      for(int i=0;i<W-1;i++){
      ^~~
      VITIS_LOOP_885_2: 
/home/users/francesco.santambrogio/Downloads/Hpps24-fpga2aie/data_movers/_x/sink_from_aie_hw/sink_from_aie/sink_from_aie/solution/.autopilot/db/sink_from_aie.pp.0.cpp:16687:7: note: FIX-IT applied suggested code changes
/home/users/francesco.santambrogio/Downloads/Hpps24-fpga2aie/data_movers/_x/sink_from_aie_hw/sink_from_aie/sink_from_aie/solution/.autopilot/db/sink_from_aie.pp.0.cpp:16977:5: warning: Added loop label VITIS_LOOP_1199_1:   [xilinx-label-all-loops]
    for(int i=0; i<Nmax; i++) {
    ^~~
    VITIS_LOOP_1199_1: 
/home/users/francesco.santambrogio/Downloads/Hpps24-fpga2aie/data_movers/_x/sink_from_aie_hw/sink_from_aie/sink_from_aie/solution/.autopilot/db/sink_from_aie.pp.0.cpp:16977:5: note: FIX-IT applied suggested code changes
/home/users/francesco.santambrogio/Downloads/Hpps24-fpga2aie/data_movers/_x/sink_from_aie_hw/sink_from_aie/sink_from_aie/solution/.autopilot/db/sink_from_aie.pp.0.cpp:17060:5: warning: Added loop label VITIS_LOOP_1282_1:   [xilinx-label-all-loops]
    for(int i=0; i<Nmax; i++) {
    ^~~
    VITIS_LOOP_1282_1: 
/home/users/francesco.santambrogio/Downloads/Hpps24-fpga2aie/data_movers/_x/sink_from_aie_hw/sink_from_aie/sink_from_aie/solution/.autopilot/db/sink_from_aie.pp.0.cpp:17060:5: note: FIX-IT applied suggested code changes
/home/users/francesco.santambrogio/Downloads/Hpps24-fpga2aie/data_movers/_x/sink_from_aie_hw/sink_from_aie/sink_from_aie/solution/.autopilot/db/sink_from_aie.pp.0.cpp:17466:13: warning: Added loop label VITIS_LOOP_94_1:   [xilinx-label-all-loops]
            for (int j = 3; j >= I_+1; j--) {
            ^~~
            VITIS_LOOP_94_1: 
/home/users/francesco.santambrogio/Downloads/Hpps24-fpga2aie/data_movers/_x/sink_from_aie_hw/sink_from_aie/sink_from_aie/solution/.autopilot/db/sink_from_aie.pp.0.cpp:17466:13: note: FIX-IT applied suggested code changes
/home/users/francesco.santambrogio/Downloads/Hpps24-fpga2aie/data_movers/_x/sink_from_aie_hw/sink_from_aie/sink_from_aie/solution/.autopilot/db/sink_from_aie.pp.0.cpp:17472:17: warning: Added loop label VITIS_LOOP_100_2:   [xilinx-label-all-loops]
                for (int j = 3; j >= I_+1; j--){
                ^~~
                VITIS_LOOP_100_2: 
/home/users/francesco.santambrogio/Downloads/Hpps24-fpga2aie/data_movers/_x/sink_from_aie_hw/sink_from_aie/sink_from_aie/solution/.autopilot/db/sink_from_aie.pp.0.cpp:17472:17: note: FIX-IT applied suggested code changes
/home/users/francesco.santambrogio/Downloads/Hpps24-fpga2aie/data_movers/_x/sink_from_aie_hw/sink_from_aie/sink_from_aie/solution/.autopilot/db/sink_from_aie.pp.0.cpp:17476:17: warning: Added loop label VITIS_LOOP_104_3:   [xilinx-label-all-loops]
                for (int j = I_; j >= 0; j--){
                ^~~
                VITIS_LOOP_104_3: 
/home/users/francesco.santambrogio/Downloads/Hpps24-fpga2aie/data_movers/_x/sink_from_aie_hw/sink_from_aie/sink_from_aie/solution/.autopilot/db/sink_from_aie.pp.0.cpp:17476:17: note: FIX-IT applied suggested code changes
/home/users/francesco.santambrogio/Downloads/Hpps24-fpga2aie/data_movers/_x/sink_from_aie_hw/sink_from_aie/sink_from_aie/solution/.autopilot/db/sink_from_aie.pp.0.cpp:17524:13: warning: Added loop label VITIS_LOOP_171_4:   [xilinx-label-all-loops]
            for (int j = 9; j >= I_+4; j--) {
            ^~~
            VITIS_LOOP_171_4: 
/home/users/francesco.santambrogio/Downloads/Hpps24-fpga2aie/data_movers/_x/sink_from_aie_hw/sink_from_aie/sink_from_aie/solution/.autopilot/db/sink_from_aie.pp.0.cpp:17524:13: note: FIX-IT applied suggested code changes
/home/users/francesco.santambrogio/Downloads/Hpps24-fpga2aie/data_movers/_x/sink_from_aie_hw/sink_from_aie/sink_from_aie/solution/.autopilot/db/sink_from_aie.pp.0.cpp:17530:17: warning: Added loop label VITIS_LOOP_177_5:   [xilinx-label-all-loops]
                for (int j = 9; j >= I_+4; j--){
                ^~~
                VITIS_LOOP_177_5: 
/home/users/francesco.santambrogio/Downloads/Hpps24-fpga2aie/data_movers/_x/sink_from_aie_hw/sink_from_aie/sink_from_aie/solution/.autopilot/db/sink_from_aie.pp.0.cpp:17530:17: note: FIX-IT applied suggested code changes
/home/users/francesco.santambrogio/Downloads/Hpps24-fpga2aie/data_movers/_x/sink_from_aie_hw/sink_from_aie/sink_from_aie/solution/.autopilot/db/sink_from_aie.pp.0.cpp:17534:17: warning: Added loop label VITIS_LOOP_181_6:   [xilinx-label-all-loops]
                for (int j = I_+3; j >= 0; j--){
                ^~~
                VITIS_LOOP_181_6: 
/home/users/francesco.santambrogio/Downloads/Hpps24-fpga2aie/data_movers/_x/sink_from_aie_hw/sink_from_aie/sink_from_aie/solution/.autopilot/db/sink_from_aie.pp.0.cpp:17534:17: note: FIX-IT applied suggested code changes
/home/users/francesco.santambrogio/Downloads/Hpps24-fpga2aie/data_movers/_x/sink_from_aie_hw/sink_from_aie/sink_from_aie/solution/.autopilot/db/sink_from_aie.pp.0.cpp:17549:9: warning: Added loop label VITIS_LOOP_196_7:   [xilinx-label-all-loops]
        for (int j = 14; j < 22; j++){
        ^~~
        VITIS_LOOP_196_7: 
/home/users/francesco.santambrogio/Downloads/Hpps24-fpga2aie/data_movers/_x/sink_from_aie_hw/sink_from_aie/sink_from_aie/solution/.autopilot/db/sink_from_aie.pp.0.cpp:17549:9: note: FIX-IT applied suggested code changes
/home/users/francesco.santambrogio/Downloads/Hpps24-fpga2aie/data_movers/_x/sink_from_aie_hw/sink_from_aie/sink_from_aie/solution/.autopilot/db/sink_from_aie.pp.0.cpp:17557:17: warning: Added loop label VITIS_LOOP_204_8:   [xilinx-label-all-loops]
                for (int j = 0; j < 22; j++){
                ^~~
                VITIS_LOOP_204_8: 
/home/users/francesco.santambrogio/Downloads/Hpps24-fpga2aie/data_movers/_x/sink_from_aie_hw/sink_from_aie/sink_from_aie/solution/.autopilot/db/sink_from_aie.pp.0.cpp:17557:17: note: FIX-IT applied suggested code changes
/home/users/francesco.santambrogio/Downloads/Hpps24-fpga2aie/data_movers/_x/sink_from_aie_hw/sink_from_aie/sink_from_aie/solution/.autopilot/db/sink_from_aie.pp.0.cpp:17622:13: warning: Added loop label VITIS_LOOP_269_9:   [xilinx-label-all-loops]
            for (int j = 21; j >= I_+10; j--) {
            ^~~
            VITIS_LOOP_269_9: 
/home/users/francesco.santambrogio/Downloads/Hpps24-fpga2aie/data_movers/_x/sink_from_aie_hw/sink_from_aie/sink_from_aie/solution/.autopilot/db/sink_from_aie.pp.0.cpp:17622:13: note: FIX-IT applied suggested code changes
/home/users/francesco.santambrogio/Downloads/Hpps24-fpga2aie/data_movers/_x/sink_from_aie_hw/sink_from_aie/sink_from_aie/solution/.autopilot/db/sink_from_aie.pp.0.cpp:17628:17: warning: Added loop label VITIS_LOOP_275_10:   [xilinx-label-all-loops]
                for (int j = 21; j >= I_+10; j--) {
                ^~~
                VITIS_LOOP_275_10: 
/home/users/francesco.santambrogio/Downloads/Hpps24-fpga2aie/data_movers/_x/sink_from_aie_hw/sink_from_aie/sink_from_aie/solution/.autopilot/db/sink_from_aie.pp.0.cpp:17628:17: note: FIX-IT applied suggested code changes
/home/users/francesco.santambrogio/Downloads/Hpps24-fpga2aie/data_movers/_x/sink_from_aie_hw/sink_from_aie/sink_from_aie/solution/.autopilot/db/sink_from_aie.pp.0.cpp:17632:17: warning: Added loop label VITIS_LOOP_279_11:   [xilinx-label-all-loops]
                for (int j = I_+9; j >= 0; j--) {
                ^~~
                VITIS_LOOP_279_11: 
/home/users/francesco.santambrogio/Downloads/Hpps24-fpga2aie/data_movers/_x/sink_from_aie_hw/sink_from_aie/sink_from_aie/solution/.autopilot/db/sink_from_aie.pp.0.cpp:17632:17: note: FIX-IT applied suggested code changes
/home/users/francesco.santambrogio/Downloads/Hpps24-fpga2aie/data_movers/_x/sink_from_aie_hw/sink_from_aie/sink_from_aie/solution/.autopilot/db/sink_from_aie.pp.0.cpp:17647:9: warning: Added loop label VITIS_LOOP_294_12:   [xilinx-label-all-loops]
        for (int j = 27; j < 46; j++){
        ^~~
        VITIS_LOOP_294_12: 
/home/users/francesco.santambrogio/Downloads/Hpps24-fpga2aie/data_movers/_x/sink_from_aie_hw/sink_from_aie/sink_from_aie/solution/.autopilot/db/sink_from_aie.pp.0.cpp:17647:9: note: FIX-IT applied suggested code changes
/home/users/francesco.santambrogio/Downloads/Hpps24-fpga2aie/data_movers/_x/sink_from_aie_hw/sink_from_aie/sink_from_aie/solution/.autopilot/db/sink_from_aie.pp.0.cpp:17655:17: warning: Added loop label VITIS_LOOP_302_13:   [xilinx-label-all-loops]
                for (int j = 0; j < 46; j++) {
                ^~~
                VITIS_LOOP_302_13: 
/home/users/francesco.santambrogio/Downloads/Hpps24-fpga2aie/data_movers/_x/sink_from_aie_hw/sink_from_aie/sink_from_aie/solution/.autopilot/db/sink_from_aie.pp.0.cpp:17655:17: note: FIX-IT applied suggested code changes
/home/users/francesco.santambrogio/Downloads/Hpps24-fpga2aie/data_movers/_x/sink_from_aie_hw/sink_from_aie/sink_from_aie/solution/.autopilot/db/sink_from_aie.pp.0.cpp:17884:13: warning: Added loop label VITIS_LOOP_531_14:   [xilinx-label-all-loops]
            for (int j = 45; j >= I_+22; j--) {
            ^~~
            VITIS_LOOP_531_14: 
/home/users/francesco.santambrogio/Downloads/Hpps24-fpga2aie/data_movers/_x/sink_from_aie_hw/sink_from_aie/sink_from_aie/solution/.autopilot/db/sink_from_aie.pp.0.cpp:17884:13: note: FIX-IT applied suggested code changes
/home/users/francesco.santambrogio/Downloads/Hpps24-fpga2aie/data_movers/_x/sink_from_aie_hw/sink_from_aie/sink_from_aie/solution/.autopilot/db/sink_from_aie.pp.0.cpp:17890:17: warning: Added loop label VITIS_LOOP_537_15:   [xilinx-label-all-loops]
                for (int j = 45; j >= I_+22; j--){
                ^~~
                VITIS_LOOP_537_15: 
/home/users/francesco.santambrogio/Downloads/Hpps24-fpga2aie/data_movers/_x/sink_from_aie_hw/sink_from_aie/sink_from_aie/solution/.autopilot/db/sink_from_aie.pp.0.cpp:17890:17: note: FIX-IT applied suggested code changes
/home/users/francesco.santambrogio/Downloads/Hpps24-fpga2aie/data_movers/_x/sink_from_aie_hw/sink_from_aie/sink_from_aie/solution/.autopilot/db/sink_from_aie.pp.0.cpp:17894:17: warning: Added loop label VITIS_LOOP_541_16:   [xilinx-label-all-loops]
                for (int j = I_+21; j >= 0; j--) {
                ^~~
                VITIS_LOOP_541_16: 
/home/users/francesco.santambrogio/Downloads/Hpps24-fpga2aie/data_movers/_x/sink_from_aie_hw/sink_from_aie/sink_from_aie/solution/.autopilot/db/sink_from_aie.pp.0.cpp:17894:17: note: FIX-IT applied suggested code changes
/home/users/francesco.santambrogio/Downloads/Hpps24-fpga2aie/data_movers/_x/sink_from_aie_hw/sink_from_aie/sink_from_aie/solution/.autopilot/db/sink_from_aie.pp.0.cpp:17904:9: warning: Added loop label VITIS_LOOP_551_17:   [xilinx-label-all-loops]
        for (int j = 32-F_; j < 32+I_; j++){
        ^~~
        VITIS_LOOP_551_17: 
/home/users/francesco.santambrogio/Downloads/Hpps24-fpga2aie/data_movers/_x/sink_from_aie_hw/sink_from_aie/sink_from_aie/solution/.autopilot/db/sink_from_aie.pp.0.cpp:17904:9: note: FIX-IT applied suggested code changes
/home/users/francesco.santambrogio/Downloads/Hpps24-fpga2aie/data_movers/_x/sink_from_aie_hw/sink_from_aie/sink_from_aie/solution/.autopilot/db/sink_from_aie.pp.0.cpp:17908:9: warning: Added loop label VITIS_LOOP_555_18:   [xilinx-label-all-loops]
        for (int j = 32+I_; j <= 64; j++){
        ^~~
        VITIS_LOOP_555_18: 
/home/users/francesco.santambrogio/Downloads/Hpps24-fpga2aie/data_movers/_x/sink_from_aie_hw/sink_from_aie/sink_from_aie/solution/.autopilot/db/sink_from_aie.pp.0.cpp:17908:9: note: FIX-IT applied suggested code changes
/home/users/francesco.santambrogio/Downloads/Hpps24-fpga2aie/data_movers/_x/sink_from_aie_hw/sink_from_aie/sink_from_aie/solution/.autopilot/db/sink_from_aie.pp.0.cpp:17918:9: warning: Added loop label VITIS_LOOP_565_19:   [xilinx-label-all-loops]
        for (int j = 37; j < 64; j++) {
        ^~~
        VITIS_LOOP_565_19: 
/home/users/francesco.santambrogio/Downloads/Hpps24-fpga2aie/data_movers/_x/sink_from_aie_hw/sink_from_aie/sink_from_aie/solution/.autopilot/db/sink_from_aie.pp.0.cpp:17918:9: note: FIX-IT applied suggested code changes
/home/users/francesco.santambrogio/Downloads/Hpps24-fpga2aie/data_movers/_x/sink_from_aie_hw/sink_from_aie/sink_from_aie/solution/.autopilot/db/sink_from_aie.pp.0.cpp:17926:17: warning: Added loop label VITIS_LOOP_573_20:   [xilinx-label-all-loops]
                for (int j = 0; j < 64; j++){
                ^~~
                VITIS_LOOP_573_20: 
/home/users/francesco.santambrogio/Downloads/Hpps24-fpga2aie/data_movers/_x/sink_from_aie_hw/sink_from_aie/sink_from_aie/solution/.autopilot/db/sink_from_aie.pp.0.cpp:17926:17: note: FIX-IT applied suggested code changes
/home/users/francesco.santambrogio/Downloads/Hpps24-fpga2aie/data_movers/_x/sink_from_aie_hw/sink_from_aie/sink_from_aie/solution/.autopilot/db/sink_from_aie.pp.0.cpp:18287:13: warning: Added loop label VITIS_LOOP_934_21:   [xilinx-label-all-loops]
            for (int j = 63; j >= I_+31; j--) {
            ^~~
            VITIS_LOOP_934_21: 
/home/users/francesco.santambrogio/Downloads/Hpps24-fpga2aie/data_movers/_x/sink_from_aie_hw/sink_from_aie/sink_from_aie/solution/.autopilot/db/sink_from_aie.pp.0.cpp:18287:13: note: FIX-IT applied suggested code changes
/home/users/francesco.santambrogio/Downloads/Hpps24-fpga2aie/data_movers/_x/sink_from_aie_hw/sink_from_aie/sink_from_aie/solution/.autopilot/db/sink_from_aie.pp.0.cpp:18293:17: warning: Added loop label VITIS_LOOP_940_22:   [xilinx-label-all-loops]
                for (int j = 63; j >= I_+31; j--) {
                ^~~
                VITIS_LOOP_940_22: 
/home/users/francesco.santambrogio/Downloads/Hpps24-fpga2aie/data_movers/_x/sink_from_aie_hw/sink_from_aie/sink_from_aie/solution/.autopilot/db/sink_from_aie.pp.0.cpp:18293:17: note: FIX-IT applied suggested code changes
/home/users/francesco.santambrogio/Downloads/Hpps24-fpga2aie/data_movers/_x/sink_from_aie_hw/sink_from_aie/sink_from_aie/solution/.autopilot/db/sink_from_aie.pp.0.cpp:18297:17: warning: Added loop label VITIS_LOOP_944_23:   [xilinx-label-all-loops]
                for (int j = I_+30; j >= 0; j--) {
                ^~~
                VITIS_LOOP_944_23: 
/home/users/francesco.santambrogio/Downloads/Hpps24-fpga2aie/data_movers/_x/sink_from_aie_hw/sink_from_aie/sink_from_aie/solution/.autopilot/db/sink_from_aie.pp.0.cpp:18297:17: note: FIX-IT applied suggested code changes
/home/users/francesco.santambrogio/Downloads/Hpps24-fpga2aie/data_movers/_x/sink_from_aie_hw/sink_from_aie/sink_from_aie/solution/.autopilot/db/sink_from_aie.pp.0.cpp:18413:13: warning: Added loop label VITIS_LOOP_1060_1:   [xilinx-label-all-loops]
            for (int j = 4; j >= I_+1; j--) {
            ^~~
            VITIS_LOOP_1060_1: 
/home/users/francesco.santambrogio/Downloads/Hpps24-fpga2aie/data_movers/_x/sink_from_aie_hw/sink_from_aie/sink_from_aie/solution/.autopilot/db/sink_from_aie.pp.0.cpp:18413:13: note: FIX-IT applied suggested code changes
/home/users/francesco.santambrogio/Downloads/Hpps24-fpga2aie/data_movers/_x/sink_from_aie_hw/sink_from_aie/sink_from_aie/solution/.autopilot/db/sink_from_aie.pp.0.cpp:18419:17: warning: Added loop label VITIS_LOOP_1066_2:   [xilinx-label-all-loops]
                for (int j = 4; j >= I_+1; j--) {
                ^~~
                VITIS_LOOP_1066_2: 
/home/users/francesco.santambrogio/Downloads/Hpps24-fpga2aie/data_movers/_x/sink_from_aie_hw/sink_from_aie/sink_from_aie/solution/.autopilot/db/sink_from_aie.pp.0.cpp:18419:17: note: FIX-IT applied suggested code changes
/home/users/francesco.santambrogio/Downloads/Hpps24-fpga2aie/data_movers/_x/sink_from_aie_hw/sink_from_aie/sink_from_aie/solution/.autopilot/db/sink_from_aie.pp.0.cpp:18423:17: warning: Added loop label VITIS_LOOP_1070_3:   [xilinx-label-all-loops]
                for (int j = I_; j >= 0; j--) {
                ^~~
                VITIS_LOOP_1070_3: 
/home/users/francesco.santambrogio/Downloads/Hpps24-fpga2aie/data_movers/_x/sink_from_aie_hw/sink_from_aie/sink_from_aie/solution/.autopilot/db/sink_from_aie.pp.0.cpp:18423:17: note: FIX-IT applied suggested code changes
/home/users/francesco.santambrogio/Downloads/Hpps24-fpga2aie/data_movers/_x/sink_from_aie_hw/sink_from_aie/sink_from_aie/solution/.autopilot/db/sink_from_aie.pp.0.cpp:18510:13: warning: Added loop label VITIS_LOOP_1157_4:   [xilinx-label-all-loops]
            for (int j = 10; j >= I_+4; j--) {
            ^~~
            VITIS_LOOP_1157_4: 
/home/users/francesco.santambrogio/Downloads/Hpps24-fpga2aie/data_movers/_x/sink_from_aie_hw/sink_from_aie/sink_from_aie/solution/.autopilot/db/sink_from_aie.pp.0.cpp:18510:13: note: FIX-IT applied suggested code changes
/home/users/francesco.santambrogio/Downloads/Hpps24-fpga2aie/data_movers/_x/sink_from_aie_hw/sink_from_aie/sink_from_aie/solution/.autopilot/db/sink_from_aie.pp.0.cpp:18516:17: warning: Added loop label VITIS_LOOP_1163_5:   [xilinx-label-all-loops]
                for (int j = 10; j >= I_+4; j--) {
                ^~~
                VITIS_LOOP_1163_5: 
/home/users/francesco.santambrogio/Downloads/Hpps24-fpga2aie/data_movers/_x/sink_from_aie_hw/sink_from_aie/sink_from_aie/solution/.autopilot/db/sink_from_aie.pp.0.cpp:18516:17: note: FIX-IT applied suggested code changes
/home/users/francesco.santambrogio/Downloads/Hpps24-fpga2aie/data_movers/_x/sink_from_aie_hw/sink_from_aie/sink_from_aie/solution/.autopilot/db/sink_from_aie.pp.0.cpp:18520:17: warning: Added loop label VITIS_LOOP_1167_6:   [xilinx-label-all-loops]
                for (int j = I_+3; j >= 0; j--) {
                ^~~
                VITIS_LOOP_1167_6: 
/home/users/francesco.santambrogio/Downloads/Hpps24-fpga2aie/data_movers/_x/sink_from_aie_hw/sink_from_aie/sink_from_aie/solution/.autopilot/db/sink_from_aie.pp.0.cpp:18520:17: note: FIX-IT applied suggested code changes
/home/users/francesco.santambrogio/Downloads/Hpps24-fpga2aie/data_movers/_x/sink_from_aie_hw/sink_from_aie/sink_from_aie/solution/.autopilot/db/sink_from_aie.pp.0.cpp:18539:9: warning: Added loop label VITIS_LOOP_1186_7:   [xilinx-label-all-loops]
        for (int j = wf+3; j < w-1; j++) {
        ^~~
        VITIS_LOOP_1186_7: 
/home/users/francesco.santambrogio/Downloads/Hpps24-fpga2aie/data_movers/_x/sink_from_aie_hw/sink_from_aie/sink_from_aie/solution/.autopilot/db/sink_from_aie.pp.0.cpp:18539:9: note: FIX-IT applied suggested code changes
/home/users/francesco.santambrogio/Downloads/Hpps24-fpga2aie/data_movers/_x/sink_from_aie_hw/sink_from_aie/sink_from_aie/solution/.autopilot/db/sink_from_aie.pp.0.cpp:18546:17: warning: Added loop label VITIS_LOOP_1193_8:   [xilinx-label-all-loops]
                for (int j = 0; j < 22; j++) {
                ^~~
                VITIS_LOOP_1193_8: 
/home/users/francesco.santambrogio/Downloads/Hpps24-fpga2aie/data_movers/_x/sink_from_aie_hw/sink_from_aie/sink_from_aie/solution/.autopilot/db/sink_from_aie.pp.0.cpp:18546:17: note: FIX-IT applied suggested code changes
/home/users/francesco.santambrogio/Downloads/Hpps24-fpga2aie/data_movers/_x/sink_from_aie_hw/sink_from_aie/sink_from_aie/solution/.autopilot/db/sink_from_aie.pp.0.cpp:18662:13: warning: Added loop label VITIS_LOOP_1309_9:   [xilinx-label-all-loops]
            for (int j = 22; j >= I_+10; j--) {
            ^~~
            VITIS_LOOP_1309_9: 
/home/users/francesco.santambrogio/Downloads/Hpps24-fpga2aie/data_movers/_x/sink_from_aie_hw/sink_from_aie/sink_from_aie/solution/.autopilot/db/sink_from_aie.pp.0.cpp:18662:13: note: FIX-IT applied suggested code changes
/home/users/francesco.santambrogio/Downloads/Hpps24-fpga2aie/data_movers/_x/sink_from_aie_hw/sink_from_aie/sink_from_aie/solution/.autopilot/db/sink_from_aie.pp.0.cpp:18668:17: warning: Added loop label VITIS_LOOP_1315_10:   [xilinx-label-all-loops]
                for (int j = 22; j >= I_+10; j--){
                ^~~
                VITIS_LOOP_1315_10: 
/home/users/francesco.santambrogio/Downloads/Hpps24-fpga2aie/data_movers/_x/sink_from_aie_hw/sink_from_aie/sink_from_aie/solution/.autopilot/db/sink_from_aie.pp.0.cpp:18668:17: note: FIX-IT applied suggested code changes
/home/users/francesco.santambrogio/Downloads/Hpps24-fpga2aie/data_movers/_x/sink_from_aie_hw/sink_from_aie/sink_from_aie/solution/.autopilot/db/sink_from_aie.pp.0.cpp:18672:17: warning: Added loop label VITIS_LOOP_1319_11:   [xilinx-label-all-loops]
                for (int j = I_+9; j >= 0; j--) {
                ^~~
                VITIS_LOOP_1319_11: 
/home/users/francesco.santambrogio/Downloads/Hpps24-fpga2aie/data_movers/_x/sink_from_aie_hw/sink_from_aie/sink_from_aie/solution/.autopilot/db/sink_from_aie.pp.0.cpp:18672:17: note: FIX-IT applied suggested code changes
/home/users/francesco.santambrogio/Downloads/Hpps24-fpga2aie/data_movers/_x/sink_from_aie_hw/sink_from_aie/sink_from_aie/solution/.autopilot/db/sink_from_aie.pp.0.cpp:18692:9: warning: Added loop label VITIS_LOOP_1339_12:   [xilinx-label-all-loops]
        for (int j = wf+4; j < w-1; j++){
        ^~~
        VITIS_LOOP_1339_12: 
/home/users/francesco.santambrogio/Downloads/Hpps24-fpga2aie/data_movers/_x/sink_from_aie_hw/sink_from_aie/sink_from_aie/solution/.autopilot/db/sink_from_aie.pp.0.cpp:18692:9: note: FIX-IT applied suggested code changes
/home/users/francesco.santambrogio/Downloads/Hpps24-fpga2aie/data_movers/_x/sink_from_aie_hw/sink_from_aie/sink_from_aie/solution/.autopilot/db/sink_from_aie.pp.0.cpp:18699:17: warning: Added loop label VITIS_LOOP_1346_13:   [xilinx-label-all-loops]
                for (int j = 0; j < 46; j++) {
                ^~~
                VITIS_LOOP_1346_13: 
/home/users/francesco.santambrogio/Downloads/Hpps24-fpga2aie/data_movers/_x/sink_from_aie_hw/sink_from_aie/sink_from_aie/solution/.autopilot/db/sink_from_aie.pp.0.cpp:18699:17: note: FIX-IT applied suggested code changes
/home/users/francesco.santambrogio/Downloads/Hpps24-fpga2aie/data_movers/_x/sink_from_aie_hw/sink_from_aie/sink_from_aie/solution/.autopilot/db/sink_from_aie.pp.0.cpp:18961:13: warning: Added loop label VITIS_LOOP_1608_14:   [xilinx-label-all-loops]
            for (int j = 46; j >= I_+22; j--) {
            ^~~
            VITIS_LOOP_1608_14: 
/home/users/francesco.santambrogio/Downloads/Hpps24-fpga2aie/data_movers/_x/sink_from_aie_hw/sink_from_aie/sink_from_aie/solution/.autopilot/db/sink_from_aie.pp.0.cpp:18961:13: note: FIX-IT applied suggested code changes
/home/users/francesco.santambrogio/Downloads/Hpps24-fpga2aie/data_movers/_x/sink_from_aie_hw/sink_from_aie/sink_from_aie/solution/.autopilot/db/sink_from_aie.pp.0.cpp:18967:17: warning: Added loop label VITIS_LOOP_1614_15:   [xilinx-label-all-loops]
                for (int j = 46; j >= I_+22; j--) {
                ^~~
                VITIS_LOOP_1614_15: 
/home/users/francesco.santambrogio/Downloads/Hpps24-fpga2aie/data_movers/_x/sink_from_aie_hw/sink_from_aie/sink_from_aie/solution/.autopilot/db/sink_from_aie.pp.0.cpp:18967:17: note: FIX-IT applied suggested code changes
/home/users/francesco.santambrogio/Downloads/Hpps24-fpga2aie/data_movers/_x/sink_from_aie_hw/sink_from_aie/sink_from_aie/solution/.autopilot/db/sink_from_aie.pp.0.cpp:18971:17: warning: Added loop label VITIS_LOOP_1618_16:   [xilinx-label-all-loops]
                for (int j = I_+21; j >= 0; j--) {
                ^~~
                VITIS_LOOP_1618_16: 
/home/users/francesco.santambrogio/Downloads/Hpps24-fpga2aie/data_movers/_x/sink_from_aie_hw/sink_from_aie/sink_from_aie/solution/.autopilot/db/sink_from_aie.pp.0.cpp:18971:17: note: FIX-IT applied suggested code changes
/home/users/francesco.santambrogio/Downloads/Hpps24-fpga2aie/data_movers/_x/sink_from_aie_hw/sink_from_aie/sink_from_aie/solution/.autopilot/db/sink_from_aie.pp.0.cpp:18995:9: warning: Added loop label VITIS_LOOP_1642_17:   [xilinx-label-all-loops]
        for (int j = wf+5; j < w-1; j++){
        ^~~
        VITIS_LOOP_1642_17: 
/home/users/francesco.santambrogio/Downloads/Hpps24-fpga2aie/data_movers/_x/sink_from_aie_hw/sink_from_aie/sink_from_aie/solution/.autopilot/db/sink_from_aie.pp.0.cpp:18995:9: note: FIX-IT applied suggested code changes
/home/users/francesco.santambrogio/Downloads/Hpps24-fpga2aie/data_movers/_x/sink_from_aie_hw/sink_from_aie/sink_from_aie/solution/.autopilot/db/sink_from_aie.pp.0.cpp:19002:17: warning: Added loop label VITIS_LOOP_1649_18:   [xilinx-label-all-loops]
                for (int j = 0; j < 64; j++) {
                ^~~
                VITIS_LOOP_1649_18: 
/home/users/francesco.santambrogio/Downloads/Hpps24-fpga2aie/data_movers/_x/sink_from_aie_hw/sink_from_aie/sink_from_aie/solution/.autopilot/db/sink_from_aie.pp.0.cpp:19002:17: note: FIX-IT applied suggested code changes
/home/users/francesco.santambrogio/Downloads/Hpps24-fpga2aie/data_movers/_x/sink_from_aie_hw/sink_from_aie/sink_from_aie/solution/.autopilot/db/sink_from_aie.pp.0.cpp:19432:13: warning: Added loop label VITIS_LOOP_2079_19:   [xilinx-label-all-loops]
            for (int j = 64; j >= I_+31; j--) {
            ^~~
            VITIS_LOOP_2079_19: 
/home/users/francesco.santambrogio/Downloads/Hpps24-fpga2aie/data_movers/_x/sink_from_aie_hw/sink_from_aie/sink_from_aie/solution/.autopilot/db/sink_from_aie.pp.0.cpp:19432:13: note: FIX-IT applied suggested code changes
/home/users/francesco.santambrogio/Downloads/Hpps24-fpga2aie/data_movers/_x/sink_from_aie_hw/sink_from_aie/sink_from_aie/solution/.autopilot/db/sink_from_aie.pp.0.cpp:19438:17: warning: Added loop label VITIS_LOOP_2085_20:   [xilinx-label-all-loops]
                for (int j = 64; j >= I_+31; j--) {
                ^~~
                VITIS_LOOP_2085_20: 
/home/users/francesco.santambrogio/Downloads/Hpps24-fpga2aie/data_movers/_x/sink_from_aie_hw/sink_from_aie/sink_from_aie/solution/.autopilot/db/sink_from_aie.pp.0.cpp:19438:17: note: FIX-IT applied suggested code changes
/home/users/francesco.santambrogio/Downloads/Hpps24-fpga2aie/data_movers/_x/sink_from_aie_hw/sink_from_aie/sink_from_aie/solution/.autopilot/db/sink_from_aie.pp.0.cpp:19442:17: warning: Added loop label VITIS_LOOP_2089_21:   [xilinx-label-all-loops]
                for (int j = I_+30; j >= 0; j--) {
                ^~~
                VITIS_LOOP_2089_21: 
/home/users/francesco.santambrogio/Downloads/Hpps24-fpga2aie/data_movers/_x/sink_from_aie_hw/sink_from_aie/sink_from_aie/solution/.autopilot/db/sink_from_aie.pp.0.cpp:19442:17: note: FIX-IT applied suggested code changes
/home/users/francesco.santambrogio/Downloads/Hpps24-fpga2aie/data_movers/_x/sink_from_aie_hw/sink_from_aie/sink_from_aie/solution/.autopilot/db/sink_from_aie.pp.0.cpp:19572:13: warning: Added loop label VITIS_LOOP_2219_1:   [xilinx-label-all-loops]
            for(int j=3; j>=I+1; j--) {
            ^~~
            VITIS_LOOP_2219_1: 
/home/users/francesco.santambrogio/Downloads/Hpps24-fpga2aie/data_movers/_x/sink_from_aie_hw/sink_from_aie/sink_from_aie/solution/.autopilot/db/sink_from_aie.pp.0.cpp:19572:13: note: FIX-IT applied suggested code changes
/home/users/francesco.santambrogio/Downloads/Hpps24-fpga2aie/data_movers/_x/sink_from_aie_hw/sink_from_aie/sink_from_aie/solution/.autopilot/db/sink_from_aie.pp.0.cpp:19579:17: warning: Added loop label VITIS_LOOP_2226_2:   [xilinx-label-all-loops]
                for(int j=3; j>=I+1; j--) {
                ^~~
                VITIS_LOOP_2226_2: 
/home/users/francesco.santambrogio/Downloads/Hpps24-fpga2aie/data_movers/_x/sink_from_aie_hw/sink_from_aie/sink_from_aie/solution/.autopilot/db/sink_from_aie.pp.0.cpp:19579:17: note: FIX-IT applied suggested code changes
/home/users/francesco.santambrogio/Downloads/Hpps24-fpga2aie/data_movers/_x/sink_from_aie_hw/sink_from_aie/sink_from_aie/solution/.autopilot/db/sink_from_aie.pp.0.cpp:19583:17: warning: Added loop label VITIS_LOOP_2230_3:   [xilinx-label-all-loops]
                for(int j=I; j>=0; j--) {
                ^~~
                VITIS_LOOP_2230_3: 
/home/users/francesco.santambrogio/Downloads/Hpps24-fpga2aie/data_movers/_x/sink_from_aie_hw/sink_from_aie/sink_from_aie/solution/.autopilot/db/sink_from_aie.pp.0.cpp:19583:17: note: FIX-IT applied suggested code changes
/home/users/francesco.santambrogio/Downloads/Hpps24-fpga2aie/data_movers/_x/sink_from_aie_hw/sink_from_aie/sink_from_aie/solution/.autopilot/db/sink_from_aie.pp.0.cpp:19630:13: warning: Added loop label VITIS_LOOP_2277_4:   [xilinx-label-all-loops]
            for(int j=7; j>=3+I; j--) {
            ^~~
            VITIS_LOOP_2277_4: 
/home/users/francesco.santambrogio/Downloads/Hpps24-fpga2aie/data_movers/_x/sink_from_aie_hw/sink_from_aie/sink_from_aie/solution/.autopilot/db/sink_from_aie.pp.0.cpp:19630:13: note: FIX-IT applied suggested code changes
/home/users/francesco.santambrogio/Downloads/Hpps24-fpga2aie/data_movers/_x/sink_from_aie_hw/sink_from_aie/sink_from_aie/solution/.autopilot/db/sink_from_aie.pp.0.cpp:19637:17: warning: Added loop label VITIS_LOOP_2284_5:   [xilinx-label-all-loops]
                for(int j=7; j>=3+I; j--) {
                ^~~
                VITIS_LOOP_2284_5: 
/home/users/francesco.santambrogio/Downloads/Hpps24-fpga2aie/data_movers/_x/sink_from_aie_hw/sink_from_aie/sink_from_aie/solution/.autopilot/db/sink_from_aie.pp.0.cpp:19637:17: note: FIX-IT applied suggested code changes
/home/users/francesco.santambrogio/Downloads/Hpps24-fpga2aie/data_movers/_x/sink_from_aie_hw/sink_from_aie/sink_from_aie/solution/.autopilot/db/sink_from_aie.pp.0.cpp:19641:17: warning: Added loop label VITIS_LOOP_2288_6:   [xilinx-label-all-loops]
                for(int j=I+2; j>=0; j--) {
                ^~~
                VITIS_LOOP_2288_6: 
/home/users/francesco.santambrogio/Downloads/Hpps24-fpga2aie/data_movers/_x/sink_from_aie_hw/sink_from_aie/sink_from_aie/solution/.autopilot/db/sink_from_aie.pp.0.cpp:19641:17: note: FIX-IT applied suggested code changes
/home/users/francesco.santambrogio/Downloads/Hpps24-fpga2aie/data_movers/_x/sink_from_aie_hw/sink_from_aie/sink_from_aie/solution/.autopilot/db/sink_from_aie.pp.0.cpp:19659:9: warning: Added loop label VITIS_LOOP_2306_7:   [xilinx-label-all-loops]
        for(int j=11; j<16; j++) {
        ^~~
        VITIS_LOOP_2306_7: 
/home/users/francesco.santambrogio/Downloads/Hpps24-fpga2aie/data_movers/_x/sink_from_aie_hw/sink_from_aie/sink_from_aie/solution/.autopilot/db/sink_from_aie.pp.0.cpp:19659:9: note: FIX-IT applied suggested code changes
/home/users/francesco.santambrogio/Downloads/Hpps24-fpga2aie/data_movers/_x/sink_from_aie_hw/sink_from_aie/sink_from_aie/solution/.autopilot/db/sink_from_aie.pp.0.cpp:19714:13: warning: Added loop label VITIS_LOOP_2361_8:   [xilinx-label-all-loops]
            for(int j=15; j>=7+I; j--) {
            ^~~
            VITIS_LOOP_2361_8: 
/home/users/francesco.santambrogio/Downloads/Hpps24-fpga2aie/data_movers/_x/sink_from_aie_hw/sink_from_aie/sink_from_aie/solution/.autopilot/db/sink_from_aie.pp.0.cpp:19714:13: note: FIX-IT applied suggested code changes
/home/users/francesco.santambrogio/Downloads/Hpps24-fpga2aie/data_movers/_x/sink_from_aie_hw/sink_from_aie/sink_from_aie/solution/.autopilot/db/sink_from_aie.pp.0.cpp:19721:17: warning: Added loop label VITIS_LOOP_2368_9:   [xilinx-label-all-loops]
                for(int j=15; j>=7+I; j--) {
                ^~~
                VITIS_LOOP_2368_9: 
/home/users/francesco.santambrogio/Downloads/Hpps24-fpga2aie/data_movers/_x/sink_from_aie_hw/sink_from_aie/sink_from_aie/solution/.autopilot/db/sink_from_aie.pp.0.cpp:19721:17: note: FIX-IT applied suggested code changes
/home/users/francesco.santambrogio/Downloads/Hpps24-fpga2aie/data_movers/_x/sink_from_aie_hw/sink_from_aie/sink_from_aie/solution/.autopilot/db/sink_from_aie.pp.0.cpp:19725:17: warning: Added loop label VITIS_LOOP_2372_10:   [xilinx-label-all-loops]
                for(int j=6+I; j>=0; j--) {
                ^~~
                VITIS_LOOP_2372_10: 
/home/users/francesco.santambrogio/Downloads/Hpps24-fpga2aie/data_movers/_x/sink_from_aie_hw/sink_from_aie/sink_from_aie/solution/.autopilot/db/sink_from_aie.pp.0.cpp:19725:17: note: FIX-IT applied suggested code changes
/home/users/francesco.santambrogio/Downloads/Hpps24-fpga2aie/data_movers/_x/sink_from_aie_hw/sink_from_aie/sink_from_aie/solution/.autopilot/db/sink_from_aie.pp.0.cpp:19743:9: warning: Added loop label VITIS_LOOP_2390_11:   [xilinx-label-all-loops]
        for(int j=20; j<32; j++) {
        ^~~
        VITIS_LOOP_2390_11: 
/home/users/francesco.santambrogio/Downloads/Hpps24-fpga2aie/data_movers/_x/sink_from_aie_hw/sink_from_aie/sink_from_aie/solution/.autopilot/db/sink_from_aie.pp.0.cpp:19743:9: note: FIX-IT applied suggested code changes
/home/users/francesco.santambrogio/Downloads/Hpps24-fpga2aie/data_movers/_x/sink_from_aie_hw/sink_from_aie/sink_from_aie/solution/.autopilot/db/sink_from_aie.pp.0.cpp:19832:13: warning: Added loop label VITIS_LOOP_2479_12:   [xilinx-label-all-loops]
            for(int j=31; j>=I+15; j--) {
            ^~~
            VITIS_LOOP_2479_12: 
/home/users/francesco.santambrogio/Downloads/Hpps24-fpga2aie/data_movers/_x/sink_from_aie_hw/sink_from_aie/sink_from_aie/solution/.autopilot/db/sink_from_aie.pp.0.cpp:19832:13: note: FIX-IT applied suggested code changes
/home/users/francesco.santambrogio/Downloads/Hpps24-fpga2aie/data_movers/_x/sink_from_aie_hw/sink_from_aie/sink_from_aie/solution/.autopilot/db/sink_from_aie.pp.0.cpp:19839:17: warning: Added loop label VITIS_LOOP_2486_13:   [xilinx-label-all-loops]
                for(int j=31; j>=I+15; j--) {
                ^~~
                VITIS_LOOP_2486_13: 
/home/users/francesco.santambrogio/Downloads/Hpps24-fpga2aie/data_movers/_x/sink_from_aie_hw/sink_from_aie/sink_from_aie/solution/.autopilot/db/sink_from_aie.pp.0.cpp:19839:17: note: FIX-IT applied suggested code changes
/home/users/francesco.santambrogio/Downloads/Hpps24-fpga2aie/data_movers/_x/sink_from_aie_hw/sink_from_aie/sink_from_aie/solution/.autopilot/db/sink_from_aie.pp.0.cpp:19843:17: warning: Added loop label VITIS_LOOP_2490_14:   [xilinx-label-all-loops]
                for(int j=I+14; j>=0; j--) {
                ^~~
                VITIS_LOOP_2490_14: 
/home/users/francesco.santambrogio/Downloads/Hpps24-fpga2aie/data_movers/_x/sink_from_aie_hw/sink_from_aie/sink_from_aie/solution/.autopilot/db/sink_from_aie.pp.0.cpp:19843:17: note: FIX-IT applied suggested code changes
/home/users/francesco.santambrogio/Downloads/Hpps24-fpga2aie/data_movers/_x/sink_from_aie_hw/sink_from_aie/sink_from_aie/solution/.autopilot/db/sink_from_aie.pp.0.cpp:19853:9: warning: Added loop label VITIS_LOOP_2500_15:   [xilinx-label-all-loops]
        for(int j=32-F; j<32+I; j++) {
        ^~~
        VITIS_LOOP_2500_15: 
/home/users/francesco.santambrogio/Downloads/Hpps24-fpga2aie/data_movers/_x/sink_from_aie_hw/sink_from_aie/sink_from_aie/solution/.autopilot/db/sink_from_aie.pp.0.cpp:19853:9: note: FIX-IT applied suggested code changes
/home/users/francesco.santambrogio/Downloads/Hpps24-fpga2aie/data_movers/_x/sink_from_aie_hw/sink_from_aie/sink_from_aie/solution/.autopilot/db/sink_from_aie.pp.0.cpp:19857:9: warning: Added loop label VITIS_LOOP_2504_16:   [xilinx-label-all-loops]
        for(int j=32+I; j<=64; j++) {
        ^~~
        VITIS_LOOP_2504_16: 
/home/users/francesco.santambrogio/Downloads/Hpps24-fpga2aie/data_movers/_x/sink_from_aie_hw/sink_from_aie/sink_from_aie/solution/.autopilot/db/sink_from_aie.pp.0.cpp:19857:9: note: FIX-IT applied suggested code changes
/home/users/francesco.santambrogio/Downloads/Hpps24-fpga2aie/data_movers/_x/sink_from_aie_hw/sink_from_aie/sink_from_aie/solution/.autopilot/db/sink_from_aie.pp.0.cpp:19868:9: warning: Added loop label VITIS_LOOP_2515_17:   [xilinx-label-all-loops]
        for(int j=37; j<64; j++) {
        ^~~
        VITIS_LOOP_2515_17: 
/home/users/francesco.santambrogio/Downloads/Hpps24-fpga2aie/data_movers/_x/sink_from_aie_hw/sink_from_aie/sink_from_aie/solution/.autopilot/db/sink_from_aie.pp.0.cpp:19868:9: note: FIX-IT applied suggested code changes
/home/users/francesco.santambrogio/Downloads/Hpps24-fpga2aie/data_movers/_x/sink_from_aie_hw/sink_from_aie/sink_from_aie/solution/.autopilot/db/sink_from_aie.pp.0.cpp:19876:17: warning: Added loop label VITIS_LOOP_2523_18:   [xilinx-label-all-loops]
                for(int j=0; j<64; j++) {
                ^~~
                VITIS_LOOP_2523_18: 
/home/users/francesco.santambrogio/Downloads/Hpps24-fpga2aie/data_movers/_x/sink_from_aie_hw/sink_from_aie/sink_from_aie/solution/.autopilot/db/sink_from_aie.pp.0.cpp:19876:17: note: FIX-IT applied suggested code changes
/home/users/francesco.santambrogio/Downloads/Hpps24-fpga2aie/data_movers/_x/sink_from_aie_hw/sink_from_aie/sink_from_aie/solution/.autopilot/db/sink_from_aie.pp.0.cpp:20201:13: warning: Added loop label VITIS_LOOP_2848_19:   [xilinx-label-all-loops]
            for(int j=63; j>=I+31; j--) {
            ^~~
            VITIS_LOOP_2848_19: 
/home/users/francesco.santambrogio/Downloads/Hpps24-fpga2aie/data_movers/_x/sink_from_aie_hw/sink_from_aie/sink_from_aie/solution/.autopilot/db/sink_from_aie.pp.0.cpp:20201:13: note: FIX-IT applied suggested code changes
/home/users/francesco.santambrogio/Downloads/Hpps24-fpga2aie/data_movers/_x/sink_from_aie_hw/sink_from_aie/sink_from_aie/solution/.autopilot/db/sink_from_aie.pp.0.cpp:20208:17: warning: Added loop label VITIS_LOOP_2855_20:   [xilinx-label-all-loops]
                for(int j=63; j>=I+31; j--) {
                ^~~
                VITIS_LOOP_2855_20: 
/home/users/francesco.santambrogio/Downloads/Hpps24-fpga2aie/data_movers/_x/sink_from_aie_hw/sink_from_aie/sink_from_aie/solution/.autopilot/db/sink_from_aie.pp.0.cpp:20208:17: note: FIX-IT applied suggested code changes
/home/users/francesco.santambrogio/Downloads/Hpps24-fpga2aie/data_movers/_x/sink_from_aie_hw/sink_from_aie/sink_from_aie/solution/.autopilot/db/sink_from_aie.pp.0.cpp:20212:17: warning: Added loop label VITIS_LOOP_2859_21:   [xilinx-label-all-loops]
                for(int j=I+30; j>=0; j--) {
                ^~~
                VITIS_LOOP_2859_21: 
/home/users/francesco.santambrogio/Downloads/Hpps24-fpga2aie/data_movers/_x/sink_from_aie_hw/sink_from_aie/sink_from_aie/solution/.autopilot/db/sink_from_aie.pp.0.cpp:20212:17: note: FIX-IT applied suggested code changes
/home/users/francesco.santambrogio/Downloads/Hpps24-fpga2aie/data_movers/_x/sink_from_aie_hw/sink_from_aie/sink_from_aie/solution/.autopilot/db/sink_from_aie.pp.0.cpp:20300:4: warning: Added loop label VITIS_LOOP_2947_1:   [xilinx-label-all-loops]
   for(int j = 5; j>=I_+2; j--) {
   ^~~
   VITIS_LOOP_2947_1: 
/home/users/francesco.santambrogio/Downloads/Hpps24-fpga2aie/data_movers/_x/sink_from_aie_hw/sink_from_aie/sink_from_aie/solution/.autopilot/db/sink_from_aie.pp.0.cpp:20300:4: note: FIX-IT applied suggested code changes
/home/users/francesco.santambrogio/Downloads/Hpps24-fpga2aie/data_movers/_x/sink_from_aie_hw/sink_from_aie/sink_from_aie/solution/.autopilot/db/sink_from_aie.pp.0.cpp:20307:5: warning: Added loop label VITIS_LOOP_2954_2:   [xilinx-label-all-loops]
    for(int j = 5; j>=I_+2; j--) {
    ^~~
    VITIS_LOOP_2954_2: 
/home/users/francesco.santambrogio/Downloads/Hpps24-fpga2aie/data_movers/_x/sink_from_aie_hw/sink_from_aie/sink_from_aie/solution/.autopilot/db/sink_from_aie.pp.0.cpp:20307:5: note: FIX-IT applied suggested code changes
/home/users/francesco.santambrogio/Downloads/Hpps24-fpga2aie/data_movers/_x/sink_from_aie_hw/sink_from_aie/sink_from_aie/solution/.autopilot/db/sink_from_aie.pp.0.cpp:20311:5: warning: Added loop label VITIS_LOOP_2958_3:   [xilinx-label-all-loops]
    for(int j = I_+1; j>=0; j--) {
    ^~~
    VITIS_LOOP_2958_3: 
/home/users/francesco.santambrogio/Downloads/Hpps24-fpga2aie/data_movers/_x/sink_from_aie_hw/sink_from_aie/sink_from_aie/solution/.autopilot/db/sink_from_aie.pp.0.cpp:20311:5: note: FIX-IT applied suggested code changes
/home/users/francesco.santambrogio/Downloads/Hpps24-fpga2aie/data_movers/_x/sink_from_aie_hw/sink_from_aie/sink_from_aie/solution/.autopilot/db/sink_from_aie.pp.0.cpp:20326:3: warning: Added loop label VITIS_LOOP_2973_4:   [xilinx-label-all-loops]
  for(int j = 11; j >=7; j--) {
  ^~~
  VITIS_LOOP_2973_4: 
/home/users/francesco.santambrogio/Downloads/Hpps24-fpga2aie/data_movers/_x/sink_from_aie_hw/sink_from_aie/sink_from_aie/solution/.autopilot/db/sink_from_aie.pp.0.cpp:20326:3: note: FIX-IT applied suggested code changes
/home/users/francesco.santambrogio/Downloads/Hpps24-fpga2aie/data_movers/_x/sink_from_aie_hw/sink_from_aie/sink_from_aie/solution/.autopilot/db/sink_from_aie.pp.0.cpp:20358:4: warning: Added loop label VITIS_LOOP_3005_5:   [xilinx-label-all-loops]
   for(int j = 11; j >= I_+5; j--) {
   ^~~
   VITIS_LOOP_3005_5: 
/home/users/francesco.santambrogio/Downloads/Hpps24-fpga2aie/data_movers/_x/sink_from_aie_hw/sink_from_aie/sink_from_aie/solution/.autopilot/db/sink_from_aie.pp.0.cpp:20358:4: note: FIX-IT applied suggested code changes
/home/users/francesco.santambrogio/Downloads/Hpps24-fpga2aie/data_movers/_x/sink_from_aie_hw/sink_from_aie/sink_from_aie/solution/.autopilot/db/sink_from_aie.pp.0.cpp:20365:5: warning: Added loop label VITIS_LOOP_3012_6:   [xilinx-label-all-loops]
    for(int j = 11; j>= I_+5; j--) {
    ^~~
    VITIS_LOOP_3012_6: 
/home/users/francesco.santambrogio/Downloads/Hpps24-fpga2aie/data_movers/_x/sink_from_aie_hw/sink_from_aie/sink_from_aie/solution/.autopilot/db/sink_from_aie.pp.0.cpp:20365:5: note: FIX-IT applied suggested code changes
/home/users/francesco.santambrogio/Downloads/Hpps24-fpga2aie/data_movers/_x/sink_from_aie_hw/sink_from_aie/sink_from_aie/solution/.autopilot/db/sink_from_aie.pp.0.cpp:20369:5: warning: Added loop label VITIS_LOOP_3016_7:   [xilinx-label-all-loops]
    for(int j = I_+4; j>=0; j--) {
    ^~~
    VITIS_LOOP_3016_7: 
/home/users/francesco.santambrogio/Downloads/Hpps24-fpga2aie/data_movers/_x/sink_from_aie_hw/sink_from_aie/sink_from_aie/solution/.autopilot/db/sink_from_aie.pp.0.cpp:20369:5: note: FIX-IT applied suggested code changes
/home/users/francesco.santambrogio/Downloads/Hpps24-fpga2aie/data_movers/_x/sink_from_aie_hw/sink_from_aie/sink_from_aie/solution/.autopilot/db/sink_from_aie.pp.0.cpp:20384:3: warning: Added loop label VITIS_LOOP_3031_8:   [xilinx-label-all-loops]
  for(int j = 25; j>=15; j--) {
  ^~~
  VITIS_LOOP_3031_8: 
/home/users/francesco.santambrogio/Downloads/Hpps24-fpga2aie/data_movers/_x/sink_from_aie_hw/sink_from_aie/sink_from_aie/solution/.autopilot/db/sink_from_aie.pp.0.cpp:20384:3: note: FIX-IT applied suggested code changes
/home/users/francesco.santambrogio/Downloads/Hpps24-fpga2aie/data_movers/_x/sink_from_aie_hw/sink_from_aie/sink_from_aie/solution/.autopilot/db/sink_from_aie.pp.0.cpp:20434:4: warning: Added loop label VITIS_LOOP_3081_9:   [xilinx-label-all-loops]
   for(int j = 25; j>= I_+12; j--) {
   ^~~
   VITIS_LOOP_3081_9: 
/home/users/francesco.santambrogio/Downloads/Hpps24-fpga2aie/data_movers/_x/sink_from_aie_hw/sink_from_aie/sink_from_aie/solution/.autopilot/db/sink_from_aie.pp.0.cpp:20434:4: note: FIX-IT applied suggested code changes
/home/users/francesco.santambrogio/Downloads/Hpps24-fpga2aie/data_movers/_x/sink_from_aie_hw/sink_from_aie/sink_from_aie/solution/.autopilot/db/sink_from_aie.pp.0.cpp:20441:5: warning: Added loop label VITIS_LOOP_3088_10:   [xilinx-label-all-loops]
    for(int j = 25; j>=I_+12; j--) {
    ^~~
    VITIS_LOOP_3088_10: 
/home/users/francesco.santambrogio/Downloads/Hpps24-fpga2aie/data_movers/_x/sink_from_aie_hw/sink_from_aie/sink_from_aie/solution/.autopilot/db/sink_from_aie.pp.0.cpp:20441:5: note: FIX-IT applied suggested code changes
/home/users/francesco.santambrogio/Downloads/Hpps24-fpga2aie/data_movers/_x/sink_from_aie_hw/sink_from_aie/sink_from_aie/solution/.autopilot/db/sink_from_aie.pp.0.cpp:20445:5: warning: Added loop label VITIS_LOOP_3092_11:   [xilinx-label-all-loops]
    for(int j = I_+11; j>=0; j--) {
    ^~~
    VITIS_LOOP_3092_11: 
/home/users/francesco.santambrogio/Downloads/Hpps24-fpga2aie/data_movers/_x/sink_from_aie_hw/sink_from_aie/sink_from_aie/solution/.autopilot/db/sink_from_aie.pp.0.cpp:20445:5: note: FIX-IT applied suggested code changes
/home/users/francesco.santambrogio/Downloads/Hpps24-fpga2aie/data_movers/_x/sink_from_aie_hw/sink_from_aie/sink_from_aie/solution/.autopilot/db/sink_from_aie.pp.0.cpp:20460:3: warning: Added loop label VITIS_LOOP_3107_12:   [xilinx-label-all-loops]
  for(int j = 51; j >= 29; j--) {
  ^~~
  VITIS_LOOP_3107_12: 
/home/users/francesco.santambrogio/Downloads/Hpps24-fpga2aie/data_movers/_x/sink_from_aie_hw/sink_from_aie/sink_from_aie/solution/.autopilot/db/sink_from_aie.pp.0.cpp:20460:3: note: FIX-IT applied suggested code changes
/home/users/francesco.santambrogio/Downloads/Hpps24-fpga2aie/data_movers/_x/sink_from_aie_hw/sink_from_aie/sink_from_aie/solution/.autopilot/db/sink_from_aie.pp.0.cpp:20597:4: warning: Added loop label VITIS_LOOP_3244_13:   [xilinx-label-all-loops]
   for(int j = 51; j >= 25 + I_; j--) {
   ^~~
   VITIS_LOOP_3244_13: 
/home/users/francesco.santambrogio/Downloads/Hpps24-fpga2aie/data_movers/_x/sink_from_aie_hw/sink_from_aie/sink_from_aie/solution/.autopilot/db/sink_from_aie.pp.0.cpp:20597:4: note: FIX-IT applied suggested code changes
/home/users/francesco.santambrogio/Downloads/Hpps24-fpga2aie/data_movers/_x/sink_from_aie_hw/sink_from_aie/sink_from_aie/solution/.autopilot/db/sink_from_aie.pp.0.cpp:20604:5: warning: Added loop label VITIS_LOOP_3251_14:   [xilinx-label-all-loops]
    for(int j = 51; j>=25 + I_; j--) {
    ^~~
    VITIS_LOOP_3251_14: 
/home/users/francesco.santambrogio/Downloads/Hpps24-fpga2aie/data_movers/_x/sink_from_aie_hw/sink_from_aie/sink_from_aie/solution/.autopilot/db/sink_from_aie.pp.0.cpp:20604:5: note: FIX-IT applied suggested code changes
/home/users/francesco.santambrogio/Downloads/Hpps24-fpga2aie/data_movers/_x/sink_from_aie_hw/sink_from_aie/sink_from_aie/solution/.autopilot/db/sink_from_aie.pp.0.cpp:20608:5: warning: Added loop label VITIS_LOOP_3255_15:   [xilinx-label-all-loops]
    for(int j = 24 + I_; j >= 0; j--) {
    ^~~
    VITIS_LOOP_3255_15: 
/home/users/francesco.santambrogio/Downloads/Hpps24-fpga2aie/data_movers/_x/sink_from_aie_hw/sink_from_aie/sink_from_aie/solution/.autopilot/db/sink_from_aie.pp.0.cpp:20608:5: note: FIX-IT applied suggested code changes
/home/users/francesco.santambrogio/Downloads/Hpps24-fpga2aie/data_movers/_x/sink_from_aie_hw/sink_from_aie/sink_from_aie/solution/.autopilot/db/sink_from_aie.pp.0.cpp:20623:3: warning: Added loop label VITIS_LOOP_3270_16:   [xilinx-label-all-loops]
  for(int j = 63; j >= 36; j--) {
  ^~~
  VITIS_LOOP_3270_16: 
/home/users/francesco.santambrogio/Downloads/Hpps24-fpga2aie/data_movers/_x/sink_from_aie_hw/sink_from_aie/sink_from_aie/solution/.autopilot/db/sink_from_aie.pp.0.cpp:20623:3: note: FIX-IT applied suggested code changes
/home/users/francesco.santambrogio/Downloads/Hpps24-fpga2aie/data_movers/_x/sink_from_aie_hw/sink_from_aie/sink_from_aie/solution/.autopilot/db/sink_from_aie.pp.0.cpp:20783:4: warning: Added loop label VITIS_LOOP_3430_17:   [xilinx-label-all-loops]
   for(int j = 63; j >= 31 + I_; j--) {
   ^~~
   VITIS_LOOP_3430_17: 
/home/users/francesco.santambrogio/Downloads/Hpps24-fpga2aie/data_movers/_x/sink_from_aie_hw/sink_from_aie/sink_from_aie/solution/.autopilot/db/sink_from_aie.pp.0.cpp:20783:4: note: FIX-IT applied suggested code changes
/home/users/francesco.santambrogio/Downloads/Hpps24-fpga2aie/data_movers/_x/sink_from_aie_hw/sink_from_aie/sink_from_aie/solution/.autopilot/db/sink_from_aie.pp.0.cpp:20790:5: warning: Added loop label VITIS_LOOP_3437_18:   [xilinx-label-all-loops]
    for(int j = 63; j >= 31 + I_; j--) {
    ^~~
    VITIS_LOOP_3437_18: 
/home/users/francesco.santambrogio/Downloads/Hpps24-fpga2aie/data_movers/_x/sink_from_aie_hw/sink_from_aie/sink_from_aie/solution/.autopilot/db/sink_from_aie.pp.0.cpp:20790:5: note: FIX-IT applied suggested code changes
/home/users/francesco.santambrogio/Downloads/Hpps24-fpga2aie/data_movers/_x/sink_from_aie_hw/sink_from_aie/sink_from_aie/solution/.autopilot/db/sink_from_aie.pp.0.cpp:20794:5: warning: Added loop label VITIS_LOOP_3441_19:   [xilinx-label-all-loops]
    for(int j = 30 + I_; j >= 0; j--) {
    ^~~
    VITIS_LOOP_3441_19: 
/home/users/francesco.santambrogio/Downloads/Hpps24-fpga2aie/data_movers/_x/sink_from_aie_hw/sink_from_aie/sink_from_aie/solution/.autopilot/db/sink_from_aie.pp.0.cpp:20794:5: note: FIX-IT applied suggested code changes
/home/users/francesco.santambrogio/Downloads/Hpps24-fpga2aie/data_movers/_x/sink_from_aie_hw/sink_from_aie/sink_from_aie/solution/.autopilot/db/sink_from_aie.pp.0.cpp:21509:13: warning: Added loop label VITIS_LOOP_729_1:   [xilinx-label-all-loops]
            for (b_exp = I_-1; b_exp >= -F_; b_exp--) {
            ^~~
            VITIS_LOOP_729_1: 
/home/users/francesco.santambrogio/Downloads/Hpps24-fpga2aie/data_movers/_x/sink_from_aie_hw/sink_from_aie/sink_from_aie/solution/.autopilot/db/sink_from_aie.pp.0.cpp:21509:13: note: FIX-IT applied suggested code changes
/home/users/francesco.santambrogio/Downloads/Hpps24-fpga2aie/data_movers/_x/sink_from_aie_hw/sink_from_aie/sink_from_aie/solution/.autopilot/db/sink_from_aie.pp.0.cpp:21727:13: warning: Added loop label VITIS_LOOP_947_1:   [xilinx-label-all-loops]
            for (b_exp = I_-1; b_exp >= -F_; b_exp--) {
            ^~~
            VITIS_LOOP_947_1: 
/home/users/francesco.santambrogio/Downloads/Hpps24-fpga2aie/data_movers/_x/sink_from_aie_hw/sink_from_aie/sink_from_aie/solution/.autopilot/db/sink_from_aie.pp.0.cpp:21727:13: note: FIX-IT applied suggested code changes
/home/users/francesco.santambrogio/Downloads/Hpps24-fpga2aie/data_movers/_x/sink_from_aie_hw/sink_from_aie/sink_from_aie/solution/.autopilot/db/sink_from_aie.pp.0.cpp:22144:13: warning: Added loop label VITIS_LOOP_1371_1:   [xilinx-label-all-loops]
            for (b_exp = I_-1; b_exp >= -F_; b_exp--) {
            ^~~
            VITIS_LOOP_1371_1: 
/home/users/francesco.santambrogio/Downloads/Hpps24-fpga2aie/data_movers/_x/sink_from_aie_hw/sink_from_aie/sink_from_aie/solution/.autopilot/db/sink_from_aie.pp.0.cpp:22144:13: note: FIX-IT applied suggested code changes
/home/users/francesco.santambrogio/Downloads/Hpps24-fpga2aie/data_movers/_x/sink_from_aie_hw/sink_from_aie/sink_from_aie/solution/.autopilot/db/sink_from_aie.pp.0.cpp:22458:9: warning: Added loop label VITIS_LOOP_266_1:   [xilinx-label-all-loops]
        for ( int pos = msbr-1; pos >= 0; pos-- ) {
        ^~~
        VITIS_LOOP_266_1: 
/home/users/francesco.santambrogio/Downloads/Hpps24-fpga2aie/data_movers/_x/sink_from_aie_hw/sink_from_aie/sink_from_aie/solution/.autopilot/db/sink_from_aie.pp.0.cpp:22458:9: note: FIX-IT applied suggested code changes
/home/users/francesco.santambrogio/Downloads/Hpps24-fpga2aie/data_movers/_x/sink_from_aie_hw/sink_from_aie/sink_from_aie/solution/.autopilot/db/sink_from_aie.pp.0.cpp:22486:9: warning: Added loop label VITIS_LOOP_294_2:   [xilinx-label-all-loops]
        for ( int pos = -1; pos >= -F_-1; pos-- ) {
        ^~~
        VITIS_LOOP_294_2: 
/home/users/francesco.santambrogio/Downloads/Hpps24-fpga2aie/data_movers/_x/sink_from_aie_hw/sink_from_aie/sink_from_aie/solution/.autopilot/db/sink_from_aie.pp.0.cpp:22486:9: note: FIX-IT applied suggested code changes
/home/users/francesco.santambrogio/Downloads/Hpps24-fpga2aie/data_movers/_x/sink_from_aie_hw/sink_from_aie/sink_from_aie/solution/.autopilot/db/sink_from_aie.pp.0.cpp:23181:13: warning: Added loop label VITIS_LOOP_74_1:   [xilinx-label-all-loops]
            for (int j = 0; j < W_-1; j++){
            ^~~
            VITIS_LOOP_74_1: 
/home/users/francesco.santambrogio/Downloads/Hpps24-fpga2aie/data_movers/_x/sink_from_aie_hw/sink_from_aie/sink_from_aie/solution/.autopilot/db/sink_from_aie.pp.0.cpp:23181:13: note: FIX-IT applied suggested code changes
/home/users/francesco.santambrogio/Downloads/Hpps24-fpga2aie/data_movers/_x/sink_from_aie_hw/sink_from_aie/sink_from_aie/solution/.autopilot/db/sink_from_aie.pp.0.cpp:23234:5: warning: Added loop label VITIS_LOOP_135_2:   [xilinx-label-all-loops]
    for (int j = F_l+F_+I_m-1; j < F_l+W_+5; j++){
    ^~~
    VITIS_LOOP_135_2: 
/home/users/francesco.santambrogio/Downloads/Hpps24-fpga2aie/data_movers/_x/sink_from_aie_hw/sink_from_aie/sink_from_aie/solution/.autopilot/db/sink_from_aie.pp.0.cpp:23234:5: note: FIX-IT applied suggested code changes
/home/users/francesco.santambrogio/Downloads/Hpps24-fpga2aie/data_movers/_x/sink_from_aie_hw/sink_from_aie/sink_from_aie/solution/.autopilot/db/sink_from_aie.pp.0.cpp:23248:13: warning: Added loop label VITIS_LOOP_149_3:   [xilinx-label-all-loops]
            for (int j = WO_m-1; j >= W_-1; j--) {
            ^~~
            VITIS_LOOP_149_3: 
/home/users/francesco.santambrogio/Downloads/Hpps24-fpga2aie/data_movers/_x/sink_from_aie_hw/sink_from_aie/sink_from_aie/solution/.autopilot/db/sink_from_aie.pp.0.cpp:23248:13: note: FIX-IT applied suggested code changes
/home/users/francesco.santambrogio/Downloads/Hpps24-fpga2aie/data_movers/_x/sink_from_aie_hw/sink_from_aie/sink_from_aie/solution/.autopilot/db/sink_from_aie.pp.0.cpp:23278:13: warning: Added loop label VITIS_LOOP_179_4:   [xilinx-label-all-loops]
            for (int j = W_-2; j >= 0; j--){
            ^~~
            VITIS_LOOP_179_4: 
/home/users/francesco.santambrogio/Downloads/Hpps24-fpga2aie/data_movers/_x/sink_from_aie_hw/sink_from_aie/sink_from_aie/solution/.autopilot/db/sink_from_aie.pp.0.cpp:23278:13: note: FIX-IT applied suggested code changes
/home/users/francesco.santambrogio/Downloads/Hpps24-fpga2aie/data_movers/_x/sink_from_aie_hw/sink_from_aie/sink_from_aie/solution/.autopilot/db/sink_from_aie.pp.0.cpp:23363:12: warning: Added loop label VITIS_LOOP_307_1:   [xilinx-label-all-loops]
           for(int i = wf_log+we_log-2; i > WI_e - 2; --i) {
           ^~~
           VITIS_LOOP_307_1: 
/home/users/francesco.santambrogio/Downloads/Hpps24-fpga2aie/data_movers/_x/sink_from_aie_hw/sink_from_aie/sink_from_aie/solution/.autopilot/db/sink_from_aie.pp.0.cpp:23363:12: note: FIX-IT applied suggested code changes
/home/users/francesco.santambrogio/Downloads/Hpps24-fpga2aie/data_movers/_x/sink_from_aie_hw/sink_from_aie/sink_from_aie/solution/.autopilot/db/sink_from_aie.pp.0.cpp:23383:16: warning: Added loop label VITIS_LOOP_327_2:   [xilinx-label-all-loops]
               for (int j = WO_e-1; j >= W_-1; j--) {
               ^~~
               VITIS_LOOP_327_2: 
/home/users/francesco.santambrogio/Downloads/Hpps24-fpga2aie/data_movers/_x/sink_from_aie_hw/sink_from_aie/sink_from_aie/solution/.autopilot/db/sink_from_aie.pp.0.cpp:23383:16: note: FIX-IT applied suggested code changes
/home/users/francesco.santambrogio/Downloads/Hpps24-fpga2aie/data_movers/_x/sink_from_aie_hw/sink_from_aie/sink_from_aie/solution/.autopilot/db/sink_from_aie.pp.0.cpp:23397:20: warning: Added loop label VITIS_LOOP_341_3:   [xilinx-label-all-loops]
                   for(int i = 0; i < W_-1; ++i) {
                   ^~~
                   VITIS_LOOP_341_3: 
/home/users/francesco.santambrogio/Downloads/Hpps24-fpga2aie/data_movers/_x/sink_from_aie_hw/sink_from_aie/sink_from_aie/solution/.autopilot/db/sink_from_aie.pp.0.cpp:23397:20: note: FIX-IT applied suggested code changes
/home/users/francesco.santambrogio/Downloads/Hpps24-fpga2aie/data_movers/_x/sink_from_aie_hw/sink_from_aie/sink_from_aie/solution/.autopilot/db/sink_from_aie.pp.0.cpp:23490:12: warning: Added loop label VITIS_LOOP_459_1:   [xilinx-label-all-loops]
           for (int j =WO_d-1; j >= W_-1; j--) {
           ^~~
           VITIS_LOOP_459_1: 
/home/users/francesco.santambrogio/Downloads/Hpps24-fpga2aie/data_movers/_x/sink_from_aie_hw/sink_from_aie/sink_from_aie/solution/.autopilot/db/sink_from_aie.pp.0.cpp:23490:12: note: FIX-IT applied suggested code changes
/home/users/francesco.santambrogio/Downloads/Hpps24-fpga2aie/data_movers/_x/sink_from_aie_hw/sink_from_aie/sink_from_aie/solution/.autopilot/db/sink_from_aie.pp.0.cpp:23504:15: warning: Added loop label VITIS_LOOP_473_2:   [xilinx-label-all-loops]
              for(int i = 0; i < W_-1; ++i) {
              ^~~
              VITIS_LOOP_473_2: 
/home/users/francesco.santambrogio/Downloads/Hpps24-fpga2aie/data_movers/_x/sink_from_aie_hw/sink_from_aie/sink_from_aie/solution/.autopilot/db/sink_from_aie.pp.0.cpp:23504:15: note: FIX-IT applied suggested code changes
/home/users/francesco.santambrogio/Downloads/Hpps24-fpga2aie/data_movers/_x/sink_from_aie_hw/sink_from_aie/sink_from_aie/solution/.autopilot/db/sink_from_aie.pp.0.cpp:23617:13: warning: Added loop label VITIS_LOOP_59_1:   [xilinx-label-all-loops]
            for (int i = 0; i < W_-1; i++){
            ^~~
            VITIS_LOOP_59_1: 
/home/users/francesco.santambrogio/Downloads/Hpps24-fpga2aie/data_movers/_x/sink_from_aie_hw/sink_from_aie/sink_from_aie/solution/.autopilot/db/sink_from_aie.pp.0.cpp:23617:13: note: FIX-IT applied suggested code changes
/home/users/francesco.santambrogio/Downloads/Hpps24-fpga2aie/data_movers/_x/sink_from_aie_hw/sink_from_aie/sink_from_aie/solution/.autopilot/db/sink_from_aie.pp.0.cpp:23741:13: warning: Added loop label VITIS_LOOP_209_1:   [xilinx-label-all-loops]
            for (int i = 0; i < W_-1; i++){
            ^~~
            VITIS_LOOP_209_1: 
/home/users/francesco.santambrogio/Downloads/Hpps24-fpga2aie/data_movers/_x/sink_from_aie_hw/sink_from_aie/sink_from_aie/solution/.autopilot/db/sink_from_aie.pp.0.cpp:23741:13: note: FIX-IT applied suggested code changes
/home/users/francesco.santambrogio/Downloads/Hpps24-fpga2aie/data_movers/_x/sink_from_aie_hw/sink_from_aie/sink_from_aie/solution/.autopilot/db/sink_from_aie.pp.0.cpp:23796:13: warning: Added loop label VITIS_LOOP_274_1:   [xilinx-label-all-loops]
            for (int i = 0; i < W_-1; i++){
            ^~~
            VITIS_LOOP_274_1: 
/home/users/francesco.santambrogio/Downloads/Hpps24-fpga2aie/data_movers/_x/sink_from_aie_hw/sink_from_aie/sink_from_aie/solution/.autopilot/db/sink_from_aie.pp.0.cpp:23796:13: note: FIX-IT applied suggested code changes
/home/users/francesco.santambrogio/Downloads/Hpps24-fpga2aie/data_movers/_x/sink_from_aie_hw/sink_from_aie/sink_from_aie/solution/.autopilot/db/sink_from_aie.pp.0.cpp:24301:2: warning: Added loop label VITIS_LOOP_42_1:   [xilinx-label-all-loops]
 for (int i=0; i<W_;i++)
 ^~~
 VITIS_LOOP_42_1: 
/home/users/francesco.santambrogio/Downloads/Hpps24-fpga2aie/data_movers/_x/sink_from_aie_hw/sink_from_aie/sink_from_aie/solution/.autopilot/db/sink_from_aie.pp.0.cpp:24301:2: note: FIX-IT applied suggested code changes
/home/users/francesco.santambrogio/Downloads/Hpps24-fpga2aie/data_movers/_x/sink_from_aie_hw/sink_from_aie/sink_from_aie/solution/.autopilot/db/sink_from_aie.pp.0.cpp:24312:2: warning: Added loop label VITIS_LOOP_53_1:   [xilinx-label-all-loops]
 for (int i=0; i<W_;i++)
 ^~~
 VITIS_LOOP_53_1: 
/home/users/francesco.santambrogio/Downloads/Hpps24-fpga2aie/data_movers/_x/sink_from_aie_hw/sink_from_aie/sink_from_aie/solution/.autopilot/db/sink_from_aie.pp.0.cpp:24312:2: note: FIX-IT applied suggested code changes
/home/users/francesco.santambrogio/Downloads/Hpps24-fpga2aie/data_movers/_x/sink_from_aie_hw/sink_from_aie/sink_from_aie/solution/.autopilot/db/sink_from_aie.pp.0.cpp:24323:2: warning: Added loop label VITIS_LOOP_64_1:   [xilinx-label-all-loops]
 for (int i=0; i<I_;i++)
 ^~~
 VITIS_LOOP_64_1: 
/home/users/francesco.santambrogio/Downloads/Hpps24-fpga2aie/data_movers/_x/sink_from_aie_hw/sink_from_aie/sink_from_aie/solution/.autopilot/db/sink_from_aie.pp.0.cpp:24323:2: note: FIX-IT applied suggested code changes
/home/users/francesco.santambrogio/Downloads/Hpps24-fpga2aie/data_movers/_x/sink_from_aie_hw/sink_from_aie/sink_from_aie/solution/.autopilot/db/sink_from_aie.pp.0.cpp:24334:2: warning: Added loop label VITIS_LOOP_75_1:   [xilinx-label-all-loops]
 for (int i=0; i<I_;i++)
 ^~~
 VITIS_LOOP_75_1: 
/home/users/francesco.santambrogio/Downloads/Hpps24-fpga2aie/data_movers/_x/sink_from_aie_hw/sink_from_aie/sink_from_aie/solution/.autopilot/db/sink_from_aie.pp.0.cpp:24334:2: note: FIX-IT applied suggested code changes
/home/users/francesco.santambrogio/Downloads/Hpps24-fpga2aie/data_movers/_x/sink_from_aie_hw/sink_from_aie/sink_from_aie/solution/.autopilot/db/sink_from_aie.pp.0.cpp:24345:2: warning: Added loop label VITIS_LOOP_86_1:   [xilinx-label-all-loops]
 for (int i=0; i<W_;i++)
 ^~~
 VITIS_LOOP_86_1: 
/home/users/francesco.santambrogio/Downloads/Hpps24-fpga2aie/data_movers/_x/sink_from_aie_hw/sink_from_aie/sink_from_aie/solution/.autopilot/db/sink_from_aie.pp.0.cpp:24345:2: note: FIX-IT applied suggested code changes
/home/users/francesco.santambrogio/Downloads/Hpps24-fpga2aie/data_movers/_x/sink_from_aie_hw/sink_from_aie/sink_from_aie/solution/.autopilot/db/sink_from_aie.pp.0.cpp:24356:2: warning: Added loop label VITIS_LOOP_97_1:   [xilinx-label-all-loops]
 for (int i=0; i<W_;i++)
 ^~~
 VITIS_LOOP_97_1: 
/home/users/francesco.santambrogio/Downloads/Hpps24-fpga2aie/data_movers/_x/sink_from_aie_hw/sink_from_aie/sink_from_aie/solution/.autopilot/db/sink_from_aie.pp.0.cpp:24356:2: note: FIX-IT applied suggested code changes
/home/users/francesco.santambrogio/Downloads/Hpps24-fpga2aie/data_movers/_x/sink_from_aie_hw/sink_from_aie/sink_from_aie/solution/.autopilot/db/sink_from_aie.pp.0.cpp:24367:2: warning: Added loop label VITIS_LOOP_108_1:   [xilinx-label-all-loops]
 for (int i=0; i<I_;i++)
 ^~~
 VITIS_LOOP_108_1: 
/home/users/francesco.santambrogio/Downloads/Hpps24-fpga2aie/data_movers/_x/sink_from_aie_hw/sink_from_aie/sink_from_aie/solution/.autopilot/db/sink_from_aie.pp.0.cpp:24367:2: note: FIX-IT applied suggested code changes
/home/users/francesco.santambrogio/Downloads/Hpps24-fpga2aie/data_movers/_x/sink_from_aie_hw/sink_from_aie/sink_from_aie/solution/.autopilot/db/sink_from_aie.pp.0.cpp:24378:2: warning: Added loop label VITIS_LOOP_119_1:   [xilinx-label-all-loops]
 for (int i=0; i<I_;i++)
 ^~~
 VITIS_LOOP_119_1: 
/home/users/francesco.santambrogio/Downloads/Hpps24-fpga2aie/data_movers/_x/sink_from_aie_hw/sink_from_aie/sink_from_aie/solution/.autopilot/db/sink_from_aie.pp.0.cpp:24378:2: note: FIX-IT applied suggested code changes
/home/users/francesco.santambrogio/Downloads/Hpps24-fpga2aie/data_movers/_x/sink_from_aie_hw/sink_from_aie/sink_from_aie/solution/.autopilot/db/sink_from_aie.pp.0.cpp:26679:12: warning: Added loop label VITIS_LOOP_23_1:   [xilinx-label-all-loops]
           for(int i = 0; i < W_-1; ++i) {
           ^~~
           VITIS_LOOP_23_1: 
/home/users/francesco.santambrogio/Downloads/Hpps24-fpga2aie/data_movers/_x/sink_from_aie_hw/sink_from_aie/sink_from_aie/solution/.autopilot/db/sink_from_aie.pp.0.cpp:26679:12: note: FIX-IT applied suggested code changes
/home/users/francesco.santambrogio/Downloads/Hpps24-fpga2aie/data_movers/_x/sink_from_aie_hw/sink_from_aie/sink_from_aie/solution/.autopilot/db/sink_from_aie.pp.0.cpp:26743:7: warning: Added loop label VITIS_LOOP_66_1:   [xilinx-label-all-loops]
      for(int pos = msbr - 1 ; pos >= -F-1; pos--) {
      ^~~
      VITIS_LOOP_66_1: 
/home/users/francesco.santambrogio/Downloads/Hpps24-fpga2aie/data_movers/_x/sink_from_aie_hw/sink_from_aie/sink_from_aie/solution/.autopilot/db/sink_from_aie.pp.0.cpp:26743:7: note: FIX-IT applied suggested code changes
/home/users/francesco.santambrogio/Downloads/Hpps24-fpga2aie/data_movers/_x/sink_from_aie_hw/sink_from_aie/sink_from_aie/solution/.autopilot/db/sink_from_aie.pp.0.cpp:26860:9: warning: Added loop label VITIS_LOOP_75_1:   [xilinx-label-all-loops]
        for(int pos = msbr - 1; pos >= 0; pos--) {
        ^~~
        VITIS_LOOP_75_1: 
/home/users/francesco.santambrogio/Downloads/Hpps24-fpga2aie/data_movers/_x/sink_from_aie_hw/sink_from_aie/sink_from_aie/solution/.autopilot/db/sink_from_aie.pp.0.cpp:26860:9: note: FIX-IT applied suggested code changes
/home/users/francesco.santambrogio/Downloads/Hpps24-fpga2aie/data_movers/_x/sink_from_aie_hw/sink_from_aie/sink_from_aie/solution/.autopilot/db/sink_from_aie.pp.0.cpp:26885:5: warning: Added loop label VITIS_LOOP_107_2:   [xilinx-label-all-loops]
    for(int pos = -1; pos >= -F-1; pos--) {
    ^~~
    VITIS_LOOP_107_2: 
/home/users/francesco.santambrogio/Downloads/Hpps24-fpga2aie/data_movers/_x/sink_from_aie_hw/sink_from_aie/sink_from_aie/solution/.autopilot/db/sink_from_aie.pp.0.cpp:26885:5: note: FIX-IT applied suggested code changes
/home/users/francesco.santambrogio/Downloads/Hpps24-fpga2aie/data_movers/_x/sink_from_aie_hw/sink_from_aie/sink_from_aie/solution/.autopilot/db/sink_from_aie.pp.0.cpp:26955:8: warning: Added loop label VITIS_LOOP_195_3:   [xilinx-label-all-loops]
       for(int i = 0; i < W - 1; ++i) {
       ^~~
       VITIS_LOOP_195_3: 
/home/users/francesco.santambrogio/Downloads/Hpps24-fpga2aie/data_movers/_x/sink_from_aie_hw/sink_from_aie/sink_from_aie/solution/.autopilot/db/sink_from_aie.pp.0.cpp:26955:8: note: FIX-IT applied suggested code changes
