Fri May 31 12:50:09 2024: Running xcd server. This server was built by gradle.
Fri May 31 12:50:09 2024: Server was asked to start on port: '40913'
Fri May 31 12:50:09 2024: Server is using token UUID: '204b09a7-f6e6-4f6e-b9b0-e6acd1d89cd8'
Fri May 31 12:50:09 2024: SESSION_MGR: creating session with session uuid: '6d04a3e9-ade5-4ab9-8d63-1f78fcd2ec76' and name 'default'
Fri May 31 12:50:09 2024: Attempting to start server on port '40913'
Fri May 31 12:50:09 2024: XCD main fifo: created main fifo '/tmp/xcdmain204b09a7-f6e6-4f6e-b9b0-e6acd1d89cd8', fd read = 12
Fri May 31 12:50:09 2024: Running Dispatch Server
Fri May 31 12:50:09 2024: Version 2.2.0
Fri May 31 12:50:18 2024: Dispatch Server: Accepted socket connection from client
Fri May 31 12:50:18 2024: Starting Socket connection
Fri May 31 12:50:18 2024: EXCHANGE_TOKEN received, server token: 204b09a7-f6e6-4f6e-b9b0-e6acd1d89cd8, passed token: 204b09a7-f6e6-4f6e-b9b0-e6acd1d89cd8
Fri May 31 12:50:18 2024: SESSION_MGR: creating session with session uuid: 'b8588408-a416-4119-a209-74b495d2a6ec' and name 'AIE Compilation'
Fri May 31 12:50:18 2024: KERNEL_SVC: creating session with uuid: 'b8588408-a416-4119-a209-74b495d2a6ec' and name 'AIE Compilation'
Fri May 31 12:50:18 2024: GUIDANCE_SMGR: creating guidance session with uuid: 'b8588408-a416-4119-a209-74b495d2a6ec' and name 'AIE Compilation'
Fri May 31 12:50:25 2024: Dispatch Server: Accepted socket connection from client
Fri May 31 12:50:25 2024: Starting Socket connection
Fri May 31 12:55:00 2024: SESSION_MGR: closing session for UUID 'b8588408-a416-4119-a209-74b495d2a6ec' with name ''
Fri May 31 12:55:00 2024: KERNEL_SVC: closing session for UUID 'b8588408-a416-4119-a209-74b495d2a6ec' with name ''
Fri May 31 12:55:00 2024: GUIDANCE_SMGR: closing session for UUID 'b8588408-a416-4119-a209-74b495d2a6ec' with name ''
Fri May 31 12:55:00 2024: STOP_SERVER received, server token: 204b09a7-f6e6-4f6e-b9b0-e6acd1d89cd8, passed token: 204b09a7-f6e6-4f6e-b9b0-e6acd1d89cd8
Fri May 31 12:55:00 2024: Socket received request to stop server.
Fri May 31 12:55:00 2024: Dispatch Server: do_await_stop
Fri May 31 12:55:00 2024: Dispatch Server: stopping mainFifo_
Fri May 31 12:55:00 2024: XCD main fifo: Stopping
Fri May 31 12:55:00 2024: XCD main fifo: do_read error code: Operation canceled
Fri May 31 12:55:00 2024: XCD main fifo: bytes_transferred: 0
Fri May 31 12:55:00 2024: SERVER: destructor for server bound to port 40913
Fri May 31 12:55:00 2024: XCD main fifo: Good unlink of /tmp/xcdmain204b09a7-f6e6-4f6e-b9b0-e6acd1d89cd8
Fri May 31 12:55:00 2024: Server exiting with status 0.
Fri May 31 12:55:00 2024: Closing log file.
