

================================================================
== Vitis HLS Report for 'setup_marginal_aie'
================================================================
* Date:           Fri May 31 12:47:26 2024

* Version:        2022.2.2 (Build 3779808 on Feb 17 2023)
* Project:        setup_marginal_aie
* Solution:       solution (Vitis Kernel Flow Target)
* Product family: versal
* Target device:  xcvc1902-vsvd1760-2MP-e-S


================================================================
== Performance Estimates
================================================================
+ Timing: 
    * Summary: 
    +--------+---------+----------+------------+
    |  Clock |  Target | Estimated| Uncertainty|
    +--------+---------+----------+------------+
    |ap_clk  |  3.33 ns|  2.433 ns|     0.90 ns|
    +--------+---------+----------+------------+

+ Latency: 
    * Summary: 
    +---------+---------+----------+----------+-----+-----+---------+
    |  Latency (cycles) |  Latency (absolute) |  Interval | Pipeline|
    |   min   |   max   |    min   |    max   | min | max |   Type  |
    +---------+---------+----------+----------+-----+-----+---------+
    |      588|      588|  1.960 us|  1.960 us|  589|  589|       no|
    +---------+---------+----------+----------+-----+-----+---------+

    + Detail: 
        * Instance: 
        N/A

        * Loop: 
        N/A

============================================================
+ Verbose Summary: Synthesis Manager
============================================================
InlineROM: 1
ExposeGlobal: 0
============================================================
+ Verbose Summary: CDFG Model
============================================================
IsTopModel: 1
ResetActiveHigh: 1
IsCombinational: 0
IsDatapathOnly: 0
HasWiredReturn: 1
HasMFsm: 0
HasVarLatency: 1
IsPipeline: 0
IsRtlPipelined: 0
IsInstanceOverlapped: 0
IsDontTouch: 0
HasImplIP: 0
IsGatedGlobalClock: 0


============================================================
+ Verbose Summary: Schedule
============================================================
* Number of FSM states : 74
* Pipeline : 0
* Dataflow Pipeline: 0

* FSM state transitions: 
1 --> 2 
2 --> 3 
3 --> 4 
4 --> 5 
5 --> 6 
6 --> 7 
7 --> 8 
8 --> 9 
9 --> 10 
10 --> 11 
11 --> 12 
12 --> 13 
13 --> 14 
14 --> 15 
15 --> 16 
16 --> 17 
17 --> 18 
18 --> 19 
19 --> 20 
20 --> 21 
21 --> 22 
22 --> 23 
23 --> 24 
24 --> 25 
25 --> 26 
26 --> 27 
27 --> 28 
28 --> 29 
29 --> 30 
30 --> 31 
31 --> 32 
32 --> 33 
33 --> 34 
34 --> 35 
35 --> 36 
36 --> 37 
37 --> 38 
38 --> 39 
39 --> 40 
40 --> 41 
41 --> 42 
42 --> 43 
43 --> 44 
44 --> 45 
45 --> 46 
46 --> 47 
47 --> 48 
48 --> 49 
49 --> 50 
50 --> 51 
51 --> 52 
52 --> 53 
53 --> 54 
54 --> 55 
55 --> 56 
56 --> 57 
57 --> 58 
58 --> 59 
59 --> 60 
60 --> 61 
61 --> 62 
62 --> 63 
63 --> 64 
64 --> 65 
65 --> 66 
66 --> 67 
67 --> 68 
68 --> 69 
69 --> 70 
70 --> 71 
71 --> 72 
72 --> 73 
73 --> 74 
74 --> 

* FSM state operations: 

State 1 <SV = 0> <Delay = 1.00>
ST_1 : Operation 75 [1/1] (1.00ns)   --->   "%histogram_rows_read = read i64 @_ssdm_op_Read.s_axilite.i64, i64 %histogram_rows"   --->   Operation 75 'read' 'histogram_rows_read' <Predicate = true> <Delay = 1.00> <CoreInst = "s_axilite">   --->   Core 126 's_axilite' <Latency = 0> <II = 1> <Delay = 1.00> <Adapter> <Opcode : 'read' 'write'>
ST_1 : Operation 76 [1/1] (1.00ns)   --->   "%image_size_read = read i32 @_ssdm_op_Read.ap_none.i32, i32 %image_size"   --->   Operation 76 'read' 'image_size_read' <Predicate = true> <Delay = 1.00> <CoreInst = "s_axilite">   --->   Core 126 's_axilite' <Latency = 0> <II = 1> <Delay = 1.00> <Adapter> <Opcode : 'read' 'write'>
ST_1 : Operation 77 [2/2] (0.00ns)   --->   "%write_ln42 = write void @_ssdm_op_Write.axis.volatile.i32P128A, i32 %s, i32 %image_size_read" [/home/users/francesco.santambrogio/Downloads/Hpps24-fpga2aie/data_movers/setup_marginal_aie.cpp:42]   --->   Operation 77 'write' 'write_ln42' <Predicate = true> <Delay = 0.00> <CoreInst = "axis">   --->   Core 127 'axis' <Latency = 0> <II = 1> <Delay = 1.00> <Adapter> <Opcode : >
ST_1 : Operation 78 [1/1] (0.00ns)   --->   "%trunc_ln = partselect i58 @_ssdm_op_PartSelect.i58.i64.i32.i32, i64 %histogram_rows_read, i32 6, i32 63" [/home/users/francesco.santambrogio/Downloads/Hpps24-fpga2aie/data_movers/setup_marginal_aie.cpp:43]   --->   Operation 78 'partselect' 'trunc_ln' <Predicate = true> <Delay = 0.00>

State 2 <SV = 1> <Delay = 2.43>
ST_2 : Operation 79 [1/2] (0.00ns)   --->   "%write_ln42 = write void @_ssdm_op_Write.axis.volatile.i32P128A, i32 %s, i32 %image_size_read" [/home/users/francesco.santambrogio/Downloads/Hpps24-fpga2aie/data_movers/setup_marginal_aie.cpp:42]   --->   Operation 79 'write' 'write_ln42' <Predicate = true> <Delay = 0.00> <CoreInst = "axis">   --->   Core 127 'axis' <Latency = 0> <II = 1> <Delay = 1.00> <Adapter> <Opcode : >
ST_2 : Operation 80 [1/1] (0.00ns)   --->   "%sext_ln43 = sext i58 %trunc_ln" [/home/users/francesco.santambrogio/Downloads/Hpps24-fpga2aie/data_movers/setup_marginal_aie.cpp:43]   --->   Operation 80 'sext' 'sext_ln43' <Predicate = true> <Delay = 0.00>
ST_2 : Operation 81 [1/1] (0.00ns)   --->   "%gmem0_addr = getelementptr i512 %gmem0, i64 %sext_ln43" [/home/users/francesco.santambrogio/Downloads/Hpps24-fpga2aie/data_movers/setup_marginal_aie.cpp:43]   --->   Operation 81 'getelementptr' 'gmem0_addr' <Predicate = true> <Delay = 0.00>
ST_2 : Operation 82 [70/70] (2.43ns)   --->   "%empty = readreq i1 @_ssdm_op_ReadReq.m_axi.p1i512, i512 %gmem0_addr, i32 32" [/home/users/francesco.santambrogio/Downloads/Hpps24-fpga2aie/data_movers/setup_marginal_aie.cpp:43]   --->   Operation 82 'readreq' 'empty' <Predicate = true> <Delay = 2.43> <CoreInst = "m_axi">   --->   Core 125 'm_axi' <Latency = 0> <II = 1> <Delay = 1.00> <Adapter> <Opcode : 'read' 'write' 'readreq' 'writereq' 'writeresp'>

State 3 <SV = 2> <Delay = 2.43>
ST_3 : Operation 83 [69/70] (2.43ns)   --->   "%empty = readreq i1 @_ssdm_op_ReadReq.m_axi.p1i512, i512 %gmem0_addr, i32 32" [/home/users/francesco.santambrogio/Downloads/Hpps24-fpga2aie/data_movers/setup_marginal_aie.cpp:43]   --->   Operation 83 'readreq' 'empty' <Predicate = true> <Delay = 2.43> <CoreInst = "m_axi">   --->   Core 125 'm_axi' <Latency = 0> <II = 1> <Delay = 1.00> <Adapter> <Opcode : 'read' 'write' 'readreq' 'writereq' 'writeresp'>

State 4 <SV = 3> <Delay = 2.43>
ST_4 : Operation 84 [68/70] (2.43ns)   --->   "%empty = readreq i1 @_ssdm_op_ReadReq.m_axi.p1i512, i512 %gmem0_addr, i32 32" [/home/users/francesco.santambrogio/Downloads/Hpps24-fpga2aie/data_movers/setup_marginal_aie.cpp:43]   --->   Operation 84 'readreq' 'empty' <Predicate = true> <Delay = 2.43> <CoreInst = "m_axi">   --->   Core 125 'm_axi' <Latency = 0> <II = 1> <Delay = 1.00> <Adapter> <Opcode : 'read' 'write' 'readreq' 'writereq' 'writeresp'>

State 5 <SV = 4> <Delay = 2.43>
ST_5 : Operation 85 [67/70] (2.43ns)   --->   "%empty = readreq i1 @_ssdm_op_ReadReq.m_axi.p1i512, i512 %gmem0_addr, i32 32" [/home/users/francesco.santambrogio/Downloads/Hpps24-fpga2aie/data_movers/setup_marginal_aie.cpp:43]   --->   Operation 85 'readreq' 'empty' <Predicate = true> <Delay = 2.43> <CoreInst = "m_axi">   --->   Core 125 'm_axi' <Latency = 0> <II = 1> <Delay = 1.00> <Adapter> <Opcode : 'read' 'write' 'readreq' 'writereq' 'writeresp'>

State 6 <SV = 5> <Delay = 2.43>
ST_6 : Operation 86 [66/70] (2.43ns)   --->   "%empty = readreq i1 @_ssdm_op_ReadReq.m_axi.p1i512, i512 %gmem0_addr, i32 32" [/home/users/francesco.santambrogio/Downloads/Hpps24-fpga2aie/data_movers/setup_marginal_aie.cpp:43]   --->   Operation 86 'readreq' 'empty' <Predicate = true> <Delay = 2.43> <CoreInst = "m_axi">   --->   Core 125 'm_axi' <Latency = 0> <II = 1> <Delay = 1.00> <Adapter> <Opcode : 'read' 'write' 'readreq' 'writereq' 'writeresp'>

State 7 <SV = 6> <Delay = 2.43>
ST_7 : Operation 87 [65/70] (2.43ns)   --->   "%empty = readreq i1 @_ssdm_op_ReadReq.m_axi.p1i512, i512 %gmem0_addr, i32 32" [/home/users/francesco.santambrogio/Downloads/Hpps24-fpga2aie/data_movers/setup_marginal_aie.cpp:43]   --->   Operation 87 'readreq' 'empty' <Predicate = true> <Delay = 2.43> <CoreInst = "m_axi">   --->   Core 125 'm_axi' <Latency = 0> <II = 1> <Delay = 1.00> <Adapter> <Opcode : 'read' 'write' 'readreq' 'writereq' 'writeresp'>

State 8 <SV = 7> <Delay = 2.43>
ST_8 : Operation 88 [64/70] (2.43ns)   --->   "%empty = readreq i1 @_ssdm_op_ReadReq.m_axi.p1i512, i512 %gmem0_addr, i32 32" [/home/users/francesco.santambrogio/Downloads/Hpps24-fpga2aie/data_movers/setup_marginal_aie.cpp:43]   --->   Operation 88 'readreq' 'empty' <Predicate = true> <Delay = 2.43> <CoreInst = "m_axi">   --->   Core 125 'm_axi' <Latency = 0> <II = 1> <Delay = 1.00> <Adapter> <Opcode : 'read' 'write' 'readreq' 'writereq' 'writeresp'>

State 9 <SV = 8> <Delay = 2.43>
ST_9 : Operation 89 [63/70] (2.43ns)   --->   "%empty = readreq i1 @_ssdm_op_ReadReq.m_axi.p1i512, i512 %gmem0_addr, i32 32" [/home/users/francesco.santambrogio/Downloads/Hpps24-fpga2aie/data_movers/setup_marginal_aie.cpp:43]   --->   Operation 89 'readreq' 'empty' <Predicate = true> <Delay = 2.43> <CoreInst = "m_axi">   --->   Core 125 'm_axi' <Latency = 0> <II = 1> <Delay = 1.00> <Adapter> <Opcode : 'read' 'write' 'readreq' 'writereq' 'writeresp'>

State 10 <SV = 9> <Delay = 2.43>
ST_10 : Operation 90 [62/70] (2.43ns)   --->   "%empty = readreq i1 @_ssdm_op_ReadReq.m_axi.p1i512, i512 %gmem0_addr, i32 32" [/home/users/francesco.santambrogio/Downloads/Hpps24-fpga2aie/data_movers/setup_marginal_aie.cpp:43]   --->   Operation 90 'readreq' 'empty' <Predicate = true> <Delay = 2.43> <CoreInst = "m_axi">   --->   Core 125 'm_axi' <Latency = 0> <II = 1> <Delay = 1.00> <Adapter> <Opcode : 'read' 'write' 'readreq' 'writereq' 'writeresp'>

State 11 <SV = 10> <Delay = 2.43>
ST_11 : Operation 91 [61/70] (2.43ns)   --->   "%empty = readreq i1 @_ssdm_op_ReadReq.m_axi.p1i512, i512 %gmem0_addr, i32 32" [/home/users/francesco.santambrogio/Downloads/Hpps24-fpga2aie/data_movers/setup_marginal_aie.cpp:43]   --->   Operation 91 'readreq' 'empty' <Predicate = true> <Delay = 2.43> <CoreInst = "m_axi">   --->   Core 125 'm_axi' <Latency = 0> <II = 1> <Delay = 1.00> <Adapter> <Opcode : 'read' 'write' 'readreq' 'writereq' 'writeresp'>

State 12 <SV = 11> <Delay = 2.43>
ST_12 : Operation 92 [60/70] (2.43ns)   --->   "%empty = readreq i1 @_ssdm_op_ReadReq.m_axi.p1i512, i512 %gmem0_addr, i32 32" [/home/users/francesco.santambrogio/Downloads/Hpps24-fpga2aie/data_movers/setup_marginal_aie.cpp:43]   --->   Operation 92 'readreq' 'empty' <Predicate = true> <Delay = 2.43> <CoreInst = "m_axi">   --->   Core 125 'm_axi' <Latency = 0> <II = 1> <Delay = 1.00> <Adapter> <Opcode : 'read' 'write' 'readreq' 'writereq' 'writeresp'>

State 13 <SV = 12> <Delay = 2.43>
ST_13 : Operation 93 [59/70] (2.43ns)   --->   "%empty = readreq i1 @_ssdm_op_ReadReq.m_axi.p1i512, i512 %gmem0_addr, i32 32" [/home/users/francesco.santambrogio/Downloads/Hpps24-fpga2aie/data_movers/setup_marginal_aie.cpp:43]   --->   Operation 93 'readreq' 'empty' <Predicate = true> <Delay = 2.43> <CoreInst = "m_axi">   --->   Core 125 'm_axi' <Latency = 0> <II = 1> <Delay = 1.00> <Adapter> <Opcode : 'read' 'write' 'readreq' 'writereq' 'writeresp'>

State 14 <SV = 13> <Delay = 2.43>
ST_14 : Operation 94 [58/70] (2.43ns)   --->   "%empty = readreq i1 @_ssdm_op_ReadReq.m_axi.p1i512, i512 %gmem0_addr, i32 32" [/home/users/francesco.santambrogio/Downloads/Hpps24-fpga2aie/data_movers/setup_marginal_aie.cpp:43]   --->   Operation 94 'readreq' 'empty' <Predicate = true> <Delay = 2.43> <CoreInst = "m_axi">   --->   Core 125 'm_axi' <Latency = 0> <II = 1> <Delay = 1.00> <Adapter> <Opcode : 'read' 'write' 'readreq' 'writereq' 'writeresp'>

State 15 <SV = 14> <Delay = 2.43>
ST_15 : Operation 95 [57/70] (2.43ns)   --->   "%empty = readreq i1 @_ssdm_op_ReadReq.m_axi.p1i512, i512 %gmem0_addr, i32 32" [/home/users/francesco.santambrogio/Downloads/Hpps24-fpga2aie/data_movers/setup_marginal_aie.cpp:43]   --->   Operation 95 'readreq' 'empty' <Predicate = true> <Delay = 2.43> <CoreInst = "m_axi">   --->   Core 125 'm_axi' <Latency = 0> <II = 1> <Delay = 1.00> <Adapter> <Opcode : 'read' 'write' 'readreq' 'writereq' 'writeresp'>

State 16 <SV = 15> <Delay = 2.43>
ST_16 : Operation 96 [56/70] (2.43ns)   --->   "%empty = readreq i1 @_ssdm_op_ReadReq.m_axi.p1i512, i512 %gmem0_addr, i32 32" [/home/users/francesco.santambrogio/Downloads/Hpps24-fpga2aie/data_movers/setup_marginal_aie.cpp:43]   --->   Operation 96 'readreq' 'empty' <Predicate = true> <Delay = 2.43> <CoreInst = "m_axi">   --->   Core 125 'm_axi' <Latency = 0> <II = 1> <Delay = 1.00> <Adapter> <Opcode : 'read' 'write' 'readreq' 'writereq' 'writeresp'>

State 17 <SV = 16> <Delay = 2.43>
ST_17 : Operation 97 [55/70] (2.43ns)   --->   "%empty = readreq i1 @_ssdm_op_ReadReq.m_axi.p1i512, i512 %gmem0_addr, i32 32" [/home/users/francesco.santambrogio/Downloads/Hpps24-fpga2aie/data_movers/setup_marginal_aie.cpp:43]   --->   Operation 97 'readreq' 'empty' <Predicate = true> <Delay = 2.43> <CoreInst = "m_axi">   --->   Core 125 'm_axi' <Latency = 0> <II = 1> <Delay = 1.00> <Adapter> <Opcode : 'read' 'write' 'readreq' 'writereq' 'writeresp'>

State 18 <SV = 17> <Delay = 2.43>
ST_18 : Operation 98 [54/70] (2.43ns)   --->   "%empty = readreq i1 @_ssdm_op_ReadReq.m_axi.p1i512, i512 %gmem0_addr, i32 32" [/home/users/francesco.santambrogio/Downloads/Hpps24-fpga2aie/data_movers/setup_marginal_aie.cpp:43]   --->   Operation 98 'readreq' 'empty' <Predicate = true> <Delay = 2.43> <CoreInst = "m_axi">   --->   Core 125 'm_axi' <Latency = 0> <II = 1> <Delay = 1.00> <Adapter> <Opcode : 'read' 'write' 'readreq' 'writereq' 'writeresp'>

State 19 <SV = 18> <Delay = 2.43>
ST_19 : Operation 99 [53/70] (2.43ns)   --->   "%empty = readreq i1 @_ssdm_op_ReadReq.m_axi.p1i512, i512 %gmem0_addr, i32 32" [/home/users/francesco.santambrogio/Downloads/Hpps24-fpga2aie/data_movers/setup_marginal_aie.cpp:43]   --->   Operation 99 'readreq' 'empty' <Predicate = true> <Delay = 2.43> <CoreInst = "m_axi">   --->   Core 125 'm_axi' <Latency = 0> <II = 1> <Delay = 1.00> <Adapter> <Opcode : 'read' 'write' 'readreq' 'writereq' 'writeresp'>

State 20 <SV = 19> <Delay = 2.43>
ST_20 : Operation 100 [52/70] (2.43ns)   --->   "%empty = readreq i1 @_ssdm_op_ReadReq.m_axi.p1i512, i512 %gmem0_addr, i32 32" [/home/users/francesco.santambrogio/Downloads/Hpps24-fpga2aie/data_movers/setup_marginal_aie.cpp:43]   --->   Operation 100 'readreq' 'empty' <Predicate = true> <Delay = 2.43> <CoreInst = "m_axi">   --->   Core 125 'm_axi' <Latency = 0> <II = 1> <Delay = 1.00> <Adapter> <Opcode : 'read' 'write' 'readreq' 'writereq' 'writeresp'>

State 21 <SV = 20> <Delay = 2.43>
ST_21 : Operation 101 [51/70] (2.43ns)   --->   "%empty = readreq i1 @_ssdm_op_ReadReq.m_axi.p1i512, i512 %gmem0_addr, i32 32" [/home/users/francesco.santambrogio/Downloads/Hpps24-fpga2aie/data_movers/setup_marginal_aie.cpp:43]   --->   Operation 101 'readreq' 'empty' <Predicate = true> <Delay = 2.43> <CoreInst = "m_axi">   --->   Core 125 'm_axi' <Latency = 0> <II = 1> <Delay = 1.00> <Adapter> <Opcode : 'read' 'write' 'readreq' 'writereq' 'writeresp'>

State 22 <SV = 21> <Delay = 2.43>
ST_22 : Operation 102 [50/70] (2.43ns)   --->   "%empty = readreq i1 @_ssdm_op_ReadReq.m_axi.p1i512, i512 %gmem0_addr, i32 32" [/home/users/francesco.santambrogio/Downloads/Hpps24-fpga2aie/data_movers/setup_marginal_aie.cpp:43]   --->   Operation 102 'readreq' 'empty' <Predicate = true> <Delay = 2.43> <CoreInst = "m_axi">   --->   Core 125 'm_axi' <Latency = 0> <II = 1> <Delay = 1.00> <Adapter> <Opcode : 'read' 'write' 'readreq' 'writereq' 'writeresp'>

State 23 <SV = 22> <Delay = 2.43>
ST_23 : Operation 103 [49/70] (2.43ns)   --->   "%empty = readreq i1 @_ssdm_op_ReadReq.m_axi.p1i512, i512 %gmem0_addr, i32 32" [/home/users/francesco.santambrogio/Downloads/Hpps24-fpga2aie/data_movers/setup_marginal_aie.cpp:43]   --->   Operation 103 'readreq' 'empty' <Predicate = true> <Delay = 2.43> <CoreInst = "m_axi">   --->   Core 125 'm_axi' <Latency = 0> <II = 1> <Delay = 1.00> <Adapter> <Opcode : 'read' 'write' 'readreq' 'writereq' 'writeresp'>

State 24 <SV = 23> <Delay = 2.43>
ST_24 : Operation 104 [48/70] (2.43ns)   --->   "%empty = readreq i1 @_ssdm_op_ReadReq.m_axi.p1i512, i512 %gmem0_addr, i32 32" [/home/users/francesco.santambrogio/Downloads/Hpps24-fpga2aie/data_movers/setup_marginal_aie.cpp:43]   --->   Operation 104 'readreq' 'empty' <Predicate = true> <Delay = 2.43> <CoreInst = "m_axi">   --->   Core 125 'm_axi' <Latency = 0> <II = 1> <Delay = 1.00> <Adapter> <Opcode : 'read' 'write' 'readreq' 'writereq' 'writeresp'>

State 25 <SV = 24> <Delay = 2.43>
ST_25 : Operation 105 [47/70] (2.43ns)   --->   "%empty = readreq i1 @_ssdm_op_ReadReq.m_axi.p1i512, i512 %gmem0_addr, i32 32" [/home/users/francesco.santambrogio/Downloads/Hpps24-fpga2aie/data_movers/setup_marginal_aie.cpp:43]   --->   Operation 105 'readreq' 'empty' <Predicate = true> <Delay = 2.43> <CoreInst = "m_axi">   --->   Core 125 'm_axi' <Latency = 0> <II = 1> <Delay = 1.00> <Adapter> <Opcode : 'read' 'write' 'readreq' 'writereq' 'writeresp'>

State 26 <SV = 25> <Delay = 2.43>
ST_26 : Operation 106 [46/70] (2.43ns)   --->   "%empty = readreq i1 @_ssdm_op_ReadReq.m_axi.p1i512, i512 %gmem0_addr, i32 32" [/home/users/francesco.santambrogio/Downloads/Hpps24-fpga2aie/data_movers/setup_marginal_aie.cpp:43]   --->   Operation 106 'readreq' 'empty' <Predicate = true> <Delay = 2.43> <CoreInst = "m_axi">   --->   Core 125 'm_axi' <Latency = 0> <II = 1> <Delay = 1.00> <Adapter> <Opcode : 'read' 'write' 'readreq' 'writereq' 'writeresp'>

State 27 <SV = 26> <Delay = 2.43>
ST_27 : Operation 107 [45/70] (2.43ns)   --->   "%empty = readreq i1 @_ssdm_op_ReadReq.m_axi.p1i512, i512 %gmem0_addr, i32 32" [/home/users/francesco.santambrogio/Downloads/Hpps24-fpga2aie/data_movers/setup_marginal_aie.cpp:43]   --->   Operation 107 'readreq' 'empty' <Predicate = true> <Delay = 2.43> <CoreInst = "m_axi">   --->   Core 125 'm_axi' <Latency = 0> <II = 1> <Delay = 1.00> <Adapter> <Opcode : 'read' 'write' 'readreq' 'writereq' 'writeresp'>

State 28 <SV = 27> <Delay = 2.43>
ST_28 : Operation 108 [44/70] (2.43ns)   --->   "%empty = readreq i1 @_ssdm_op_ReadReq.m_axi.p1i512, i512 %gmem0_addr, i32 32" [/home/users/francesco.santambrogio/Downloads/Hpps24-fpga2aie/data_movers/setup_marginal_aie.cpp:43]   --->   Operation 108 'readreq' 'empty' <Predicate = true> <Delay = 2.43> <CoreInst = "m_axi">   --->   Core 125 'm_axi' <Latency = 0> <II = 1> <Delay = 1.00> <Adapter> <Opcode : 'read' 'write' 'readreq' 'writereq' 'writeresp'>

State 29 <SV = 28> <Delay = 2.43>
ST_29 : Operation 109 [43/70] (2.43ns)   --->   "%empty = readreq i1 @_ssdm_op_ReadReq.m_axi.p1i512, i512 %gmem0_addr, i32 32" [/home/users/francesco.santambrogio/Downloads/Hpps24-fpga2aie/data_movers/setup_marginal_aie.cpp:43]   --->   Operation 109 'readreq' 'empty' <Predicate = true> <Delay = 2.43> <CoreInst = "m_axi">   --->   Core 125 'm_axi' <Latency = 0> <II = 1> <Delay = 1.00> <Adapter> <Opcode : 'read' 'write' 'readreq' 'writereq' 'writeresp'>

State 30 <SV = 29> <Delay = 2.43>
ST_30 : Operation 110 [42/70] (2.43ns)   --->   "%empty = readreq i1 @_ssdm_op_ReadReq.m_axi.p1i512, i512 %gmem0_addr, i32 32" [/home/users/francesco.santambrogio/Downloads/Hpps24-fpga2aie/data_movers/setup_marginal_aie.cpp:43]   --->   Operation 110 'readreq' 'empty' <Predicate = true> <Delay = 2.43> <CoreInst = "m_axi">   --->   Core 125 'm_axi' <Latency = 0> <II = 1> <Delay = 1.00> <Adapter> <Opcode : 'read' 'write' 'readreq' 'writereq' 'writeresp'>

State 31 <SV = 30> <Delay = 2.43>
ST_31 : Operation 111 [41/70] (2.43ns)   --->   "%empty = readreq i1 @_ssdm_op_ReadReq.m_axi.p1i512, i512 %gmem0_addr, i32 32" [/home/users/francesco.santambrogio/Downloads/Hpps24-fpga2aie/data_movers/setup_marginal_aie.cpp:43]   --->   Operation 111 'readreq' 'empty' <Predicate = true> <Delay = 2.43> <CoreInst = "m_axi">   --->   Core 125 'm_axi' <Latency = 0> <II = 1> <Delay = 1.00> <Adapter> <Opcode : 'read' 'write' 'readreq' 'writereq' 'writeresp'>

State 32 <SV = 31> <Delay = 2.43>
ST_32 : Operation 112 [40/70] (2.43ns)   --->   "%empty = readreq i1 @_ssdm_op_ReadReq.m_axi.p1i512, i512 %gmem0_addr, i32 32" [/home/users/francesco.santambrogio/Downloads/Hpps24-fpga2aie/data_movers/setup_marginal_aie.cpp:43]   --->   Operation 112 'readreq' 'empty' <Predicate = true> <Delay = 2.43> <CoreInst = "m_axi">   --->   Core 125 'm_axi' <Latency = 0> <II = 1> <Delay = 1.00> <Adapter> <Opcode : 'read' 'write' 'readreq' 'writereq' 'writeresp'>

State 33 <SV = 32> <Delay = 2.43>
ST_33 : Operation 113 [39/70] (2.43ns)   --->   "%empty = readreq i1 @_ssdm_op_ReadReq.m_axi.p1i512, i512 %gmem0_addr, i32 32" [/home/users/francesco.santambrogio/Downloads/Hpps24-fpga2aie/data_movers/setup_marginal_aie.cpp:43]   --->   Operation 113 'readreq' 'empty' <Predicate = true> <Delay = 2.43> <CoreInst = "m_axi">   --->   Core 125 'm_axi' <Latency = 0> <II = 1> <Delay = 1.00> <Adapter> <Opcode : 'read' 'write' 'readreq' 'writereq' 'writeresp'>

State 34 <SV = 33> <Delay = 2.43>
ST_34 : Operation 114 [38/70] (2.43ns)   --->   "%empty = readreq i1 @_ssdm_op_ReadReq.m_axi.p1i512, i512 %gmem0_addr, i32 32" [/home/users/francesco.santambrogio/Downloads/Hpps24-fpga2aie/data_movers/setup_marginal_aie.cpp:43]   --->   Operation 114 'readreq' 'empty' <Predicate = true> <Delay = 2.43> <CoreInst = "m_axi">   --->   Core 125 'm_axi' <Latency = 0> <II = 1> <Delay = 1.00> <Adapter> <Opcode : 'read' 'write' 'readreq' 'writereq' 'writeresp'>

State 35 <SV = 34> <Delay = 2.43>
ST_35 : Operation 115 [37/70] (2.43ns)   --->   "%empty = readreq i1 @_ssdm_op_ReadReq.m_axi.p1i512, i512 %gmem0_addr, i32 32" [/home/users/francesco.santambrogio/Downloads/Hpps24-fpga2aie/data_movers/setup_marginal_aie.cpp:43]   --->   Operation 115 'readreq' 'empty' <Predicate = true> <Delay = 2.43> <CoreInst = "m_axi">   --->   Core 125 'm_axi' <Latency = 0> <II = 1> <Delay = 1.00> <Adapter> <Opcode : 'read' 'write' 'readreq' 'writereq' 'writeresp'>

State 36 <SV = 35> <Delay = 2.43>
ST_36 : Operation 116 [36/70] (2.43ns)   --->   "%empty = readreq i1 @_ssdm_op_ReadReq.m_axi.p1i512, i512 %gmem0_addr, i32 32" [/home/users/francesco.santambrogio/Downloads/Hpps24-fpga2aie/data_movers/setup_marginal_aie.cpp:43]   --->   Operation 116 'readreq' 'empty' <Predicate = true> <Delay = 2.43> <CoreInst = "m_axi">   --->   Core 125 'm_axi' <Latency = 0> <II = 1> <Delay = 1.00> <Adapter> <Opcode : 'read' 'write' 'readreq' 'writereq' 'writeresp'>

State 37 <SV = 36> <Delay = 2.43>
ST_37 : Operation 117 [35/70] (2.43ns)   --->   "%empty = readreq i1 @_ssdm_op_ReadReq.m_axi.p1i512, i512 %gmem0_addr, i32 32" [/home/users/francesco.santambrogio/Downloads/Hpps24-fpga2aie/data_movers/setup_marginal_aie.cpp:43]   --->   Operation 117 'readreq' 'empty' <Predicate = true> <Delay = 2.43> <CoreInst = "m_axi">   --->   Core 125 'm_axi' <Latency = 0> <II = 1> <Delay = 1.00> <Adapter> <Opcode : 'read' 'write' 'readreq' 'writereq' 'writeresp'>

State 38 <SV = 37> <Delay = 2.43>
ST_38 : Operation 118 [34/70] (2.43ns)   --->   "%empty = readreq i1 @_ssdm_op_ReadReq.m_axi.p1i512, i512 %gmem0_addr, i32 32" [/home/users/francesco.santambrogio/Downloads/Hpps24-fpga2aie/data_movers/setup_marginal_aie.cpp:43]   --->   Operation 118 'readreq' 'empty' <Predicate = true> <Delay = 2.43> <CoreInst = "m_axi">   --->   Core 125 'm_axi' <Latency = 0> <II = 1> <Delay = 1.00> <Adapter> <Opcode : 'read' 'write' 'readreq' 'writereq' 'writeresp'>

State 39 <SV = 38> <Delay = 2.43>
ST_39 : Operation 119 [33/70] (2.43ns)   --->   "%empty = readreq i1 @_ssdm_op_ReadReq.m_axi.p1i512, i512 %gmem0_addr, i32 32" [/home/users/francesco.santambrogio/Downloads/Hpps24-fpga2aie/data_movers/setup_marginal_aie.cpp:43]   --->   Operation 119 'readreq' 'empty' <Predicate = true> <Delay = 2.43> <CoreInst = "m_axi">   --->   Core 125 'm_axi' <Latency = 0> <II = 1> <Delay = 1.00> <Adapter> <Opcode : 'read' 'write' 'readreq' 'writereq' 'writeresp'>

State 40 <SV = 39> <Delay = 2.43>
ST_40 : Operation 120 [32/70] (2.43ns)   --->   "%empty = readreq i1 @_ssdm_op_ReadReq.m_axi.p1i512, i512 %gmem0_addr, i32 32" [/home/users/francesco.santambrogio/Downloads/Hpps24-fpga2aie/data_movers/setup_marginal_aie.cpp:43]   --->   Operation 120 'readreq' 'empty' <Predicate = true> <Delay = 2.43> <CoreInst = "m_axi">   --->   Core 125 'm_axi' <Latency = 0> <II = 1> <Delay = 1.00> <Adapter> <Opcode : 'read' 'write' 'readreq' 'writereq' 'writeresp'>

State 41 <SV = 40> <Delay = 2.43>
ST_41 : Operation 121 [31/70] (2.43ns)   --->   "%empty = readreq i1 @_ssdm_op_ReadReq.m_axi.p1i512, i512 %gmem0_addr, i32 32" [/home/users/francesco.santambrogio/Downloads/Hpps24-fpga2aie/data_movers/setup_marginal_aie.cpp:43]   --->   Operation 121 'readreq' 'empty' <Predicate = true> <Delay = 2.43> <CoreInst = "m_axi">   --->   Core 125 'm_axi' <Latency = 0> <II = 1> <Delay = 1.00> <Adapter> <Opcode : 'read' 'write' 'readreq' 'writereq' 'writeresp'>

State 42 <SV = 41> <Delay = 2.43>
ST_42 : Operation 122 [30/70] (2.43ns)   --->   "%empty = readreq i1 @_ssdm_op_ReadReq.m_axi.p1i512, i512 %gmem0_addr, i32 32" [/home/users/francesco.santambrogio/Downloads/Hpps24-fpga2aie/data_movers/setup_marginal_aie.cpp:43]   --->   Operation 122 'readreq' 'empty' <Predicate = true> <Delay = 2.43> <CoreInst = "m_axi">   --->   Core 125 'm_axi' <Latency = 0> <II = 1> <Delay = 1.00> <Adapter> <Opcode : 'read' 'write' 'readreq' 'writereq' 'writeresp'>

State 43 <SV = 42> <Delay = 2.43>
ST_43 : Operation 123 [29/70] (2.43ns)   --->   "%empty = readreq i1 @_ssdm_op_ReadReq.m_axi.p1i512, i512 %gmem0_addr, i32 32" [/home/users/francesco.santambrogio/Downloads/Hpps24-fpga2aie/data_movers/setup_marginal_aie.cpp:43]   --->   Operation 123 'readreq' 'empty' <Predicate = true> <Delay = 2.43> <CoreInst = "m_axi">   --->   Core 125 'm_axi' <Latency = 0> <II = 1> <Delay = 1.00> <Adapter> <Opcode : 'read' 'write' 'readreq' 'writereq' 'writeresp'>

State 44 <SV = 43> <Delay = 2.43>
ST_44 : Operation 124 [28/70] (2.43ns)   --->   "%empty = readreq i1 @_ssdm_op_ReadReq.m_axi.p1i512, i512 %gmem0_addr, i32 32" [/home/users/francesco.santambrogio/Downloads/Hpps24-fpga2aie/data_movers/setup_marginal_aie.cpp:43]   --->   Operation 124 'readreq' 'empty' <Predicate = true> <Delay = 2.43> <CoreInst = "m_axi">   --->   Core 125 'm_axi' <Latency = 0> <II = 1> <Delay = 1.00> <Adapter> <Opcode : 'read' 'write' 'readreq' 'writereq' 'writeresp'>

State 45 <SV = 44> <Delay = 2.43>
ST_45 : Operation 125 [27/70] (2.43ns)   --->   "%empty = readreq i1 @_ssdm_op_ReadReq.m_axi.p1i512, i512 %gmem0_addr, i32 32" [/home/users/francesco.santambrogio/Downloads/Hpps24-fpga2aie/data_movers/setup_marginal_aie.cpp:43]   --->   Operation 125 'readreq' 'empty' <Predicate = true> <Delay = 2.43> <CoreInst = "m_axi">   --->   Core 125 'm_axi' <Latency = 0> <II = 1> <Delay = 1.00> <Adapter> <Opcode : 'read' 'write' 'readreq' 'writereq' 'writeresp'>

State 46 <SV = 45> <Delay = 2.43>
ST_46 : Operation 126 [26/70] (2.43ns)   --->   "%empty = readreq i1 @_ssdm_op_ReadReq.m_axi.p1i512, i512 %gmem0_addr, i32 32" [/home/users/francesco.santambrogio/Downloads/Hpps24-fpga2aie/data_movers/setup_marginal_aie.cpp:43]   --->   Operation 126 'readreq' 'empty' <Predicate = true> <Delay = 2.43> <CoreInst = "m_axi">   --->   Core 125 'm_axi' <Latency = 0> <II = 1> <Delay = 1.00> <Adapter> <Opcode : 'read' 'write' 'readreq' 'writereq' 'writeresp'>

State 47 <SV = 46> <Delay = 2.43>
ST_47 : Operation 127 [25/70] (2.43ns)   --->   "%empty = readreq i1 @_ssdm_op_ReadReq.m_axi.p1i512, i512 %gmem0_addr, i32 32" [/home/users/francesco.santambrogio/Downloads/Hpps24-fpga2aie/data_movers/setup_marginal_aie.cpp:43]   --->   Operation 127 'readreq' 'empty' <Predicate = true> <Delay = 2.43> <CoreInst = "m_axi">   --->   Core 125 'm_axi' <Latency = 0> <II = 1> <Delay = 1.00> <Adapter> <Opcode : 'read' 'write' 'readreq' 'writereq' 'writeresp'>

State 48 <SV = 47> <Delay = 2.43>
ST_48 : Operation 128 [24/70] (2.43ns)   --->   "%empty = readreq i1 @_ssdm_op_ReadReq.m_axi.p1i512, i512 %gmem0_addr, i32 32" [/home/users/francesco.santambrogio/Downloads/Hpps24-fpga2aie/data_movers/setup_marginal_aie.cpp:43]   --->   Operation 128 'readreq' 'empty' <Predicate = true> <Delay = 2.43> <CoreInst = "m_axi">   --->   Core 125 'm_axi' <Latency = 0> <II = 1> <Delay = 1.00> <Adapter> <Opcode : 'read' 'write' 'readreq' 'writereq' 'writeresp'>

State 49 <SV = 48> <Delay = 2.43>
ST_49 : Operation 129 [23/70] (2.43ns)   --->   "%empty = readreq i1 @_ssdm_op_ReadReq.m_axi.p1i512, i512 %gmem0_addr, i32 32" [/home/users/francesco.santambrogio/Downloads/Hpps24-fpga2aie/data_movers/setup_marginal_aie.cpp:43]   --->   Operation 129 'readreq' 'empty' <Predicate = true> <Delay = 2.43> <CoreInst = "m_axi">   --->   Core 125 'm_axi' <Latency = 0> <II = 1> <Delay = 1.00> <Adapter> <Opcode : 'read' 'write' 'readreq' 'writereq' 'writeresp'>

State 50 <SV = 49> <Delay = 2.43>
ST_50 : Operation 130 [22/70] (2.43ns)   --->   "%empty = readreq i1 @_ssdm_op_ReadReq.m_axi.p1i512, i512 %gmem0_addr, i32 32" [/home/users/francesco.santambrogio/Downloads/Hpps24-fpga2aie/data_movers/setup_marginal_aie.cpp:43]   --->   Operation 130 'readreq' 'empty' <Predicate = true> <Delay = 2.43> <CoreInst = "m_axi">   --->   Core 125 'm_axi' <Latency = 0> <II = 1> <Delay = 1.00> <Adapter> <Opcode : 'read' 'write' 'readreq' 'writereq' 'writeresp'>

State 51 <SV = 50> <Delay = 2.43>
ST_51 : Operation 131 [21/70] (2.43ns)   --->   "%empty = readreq i1 @_ssdm_op_ReadReq.m_axi.p1i512, i512 %gmem0_addr, i32 32" [/home/users/francesco.santambrogio/Downloads/Hpps24-fpga2aie/data_movers/setup_marginal_aie.cpp:43]   --->   Operation 131 'readreq' 'empty' <Predicate = true> <Delay = 2.43> <CoreInst = "m_axi">   --->   Core 125 'm_axi' <Latency = 0> <II = 1> <Delay = 1.00> <Adapter> <Opcode : 'read' 'write' 'readreq' 'writereq' 'writeresp'>

State 52 <SV = 51> <Delay = 2.43>
ST_52 : Operation 132 [20/70] (2.43ns)   --->   "%empty = readreq i1 @_ssdm_op_ReadReq.m_axi.p1i512, i512 %gmem0_addr, i32 32" [/home/users/francesco.santambrogio/Downloads/Hpps24-fpga2aie/data_movers/setup_marginal_aie.cpp:43]   --->   Operation 132 'readreq' 'empty' <Predicate = true> <Delay = 2.43> <CoreInst = "m_axi">   --->   Core 125 'm_axi' <Latency = 0> <II = 1> <Delay = 1.00> <Adapter> <Opcode : 'read' 'write' 'readreq' 'writereq' 'writeresp'>

State 53 <SV = 52> <Delay = 2.43>
ST_53 : Operation 133 [19/70] (2.43ns)   --->   "%empty = readreq i1 @_ssdm_op_ReadReq.m_axi.p1i512, i512 %gmem0_addr, i32 32" [/home/users/francesco.santambrogio/Downloads/Hpps24-fpga2aie/data_movers/setup_marginal_aie.cpp:43]   --->   Operation 133 'readreq' 'empty' <Predicate = true> <Delay = 2.43> <CoreInst = "m_axi">   --->   Core 125 'm_axi' <Latency = 0> <II = 1> <Delay = 1.00> <Adapter> <Opcode : 'read' 'write' 'readreq' 'writereq' 'writeresp'>

State 54 <SV = 53> <Delay = 2.43>
ST_54 : Operation 134 [18/70] (2.43ns)   --->   "%empty = readreq i1 @_ssdm_op_ReadReq.m_axi.p1i512, i512 %gmem0_addr, i32 32" [/home/users/francesco.santambrogio/Downloads/Hpps24-fpga2aie/data_movers/setup_marginal_aie.cpp:43]   --->   Operation 134 'readreq' 'empty' <Predicate = true> <Delay = 2.43> <CoreInst = "m_axi">   --->   Core 125 'm_axi' <Latency = 0> <II = 1> <Delay = 1.00> <Adapter> <Opcode : 'read' 'write' 'readreq' 'writereq' 'writeresp'>

State 55 <SV = 54> <Delay = 2.43>
ST_55 : Operation 135 [17/70] (2.43ns)   --->   "%empty = readreq i1 @_ssdm_op_ReadReq.m_axi.p1i512, i512 %gmem0_addr, i32 32" [/home/users/francesco.santambrogio/Downloads/Hpps24-fpga2aie/data_movers/setup_marginal_aie.cpp:43]   --->   Operation 135 'readreq' 'empty' <Predicate = true> <Delay = 2.43> <CoreInst = "m_axi">   --->   Core 125 'm_axi' <Latency = 0> <II = 1> <Delay = 1.00> <Adapter> <Opcode : 'read' 'write' 'readreq' 'writereq' 'writeresp'>

State 56 <SV = 55> <Delay = 2.43>
ST_56 : Operation 136 [16/70] (2.43ns)   --->   "%empty = readreq i1 @_ssdm_op_ReadReq.m_axi.p1i512, i512 %gmem0_addr, i32 32" [/home/users/francesco.santambrogio/Downloads/Hpps24-fpga2aie/data_movers/setup_marginal_aie.cpp:43]   --->   Operation 136 'readreq' 'empty' <Predicate = true> <Delay = 2.43> <CoreInst = "m_axi">   --->   Core 125 'm_axi' <Latency = 0> <II = 1> <Delay = 1.00> <Adapter> <Opcode : 'read' 'write' 'readreq' 'writereq' 'writeresp'>

State 57 <SV = 56> <Delay = 2.43>
ST_57 : Operation 137 [15/70] (2.43ns)   --->   "%empty = readreq i1 @_ssdm_op_ReadReq.m_axi.p1i512, i512 %gmem0_addr, i32 32" [/home/users/francesco.santambrogio/Downloads/Hpps24-fpga2aie/data_movers/setup_marginal_aie.cpp:43]   --->   Operation 137 'readreq' 'empty' <Predicate = true> <Delay = 2.43> <CoreInst = "m_axi">   --->   Core 125 'm_axi' <Latency = 0> <II = 1> <Delay = 1.00> <Adapter> <Opcode : 'read' 'write' 'readreq' 'writereq' 'writeresp'>

State 58 <SV = 57> <Delay = 2.43>
ST_58 : Operation 138 [14/70] (2.43ns)   --->   "%empty = readreq i1 @_ssdm_op_ReadReq.m_axi.p1i512, i512 %gmem0_addr, i32 32" [/home/users/francesco.santambrogio/Downloads/Hpps24-fpga2aie/data_movers/setup_marginal_aie.cpp:43]   --->   Operation 138 'readreq' 'empty' <Predicate = true> <Delay = 2.43> <CoreInst = "m_axi">   --->   Core 125 'm_axi' <Latency = 0> <II = 1> <Delay = 1.00> <Adapter> <Opcode : 'read' 'write' 'readreq' 'writereq' 'writeresp'>

State 59 <SV = 58> <Delay = 2.43>
ST_59 : Operation 139 [13/70] (2.43ns)   --->   "%empty = readreq i1 @_ssdm_op_ReadReq.m_axi.p1i512, i512 %gmem0_addr, i32 32" [/home/users/francesco.santambrogio/Downloads/Hpps24-fpga2aie/data_movers/setup_marginal_aie.cpp:43]   --->   Operation 139 'readreq' 'empty' <Predicate = true> <Delay = 2.43> <CoreInst = "m_axi">   --->   Core 125 'm_axi' <Latency = 0> <II = 1> <Delay = 1.00> <Adapter> <Opcode : 'read' 'write' 'readreq' 'writereq' 'writeresp'>

State 60 <SV = 59> <Delay = 2.43>
ST_60 : Operation 140 [12/70] (2.43ns)   --->   "%empty = readreq i1 @_ssdm_op_ReadReq.m_axi.p1i512, i512 %gmem0_addr, i32 32" [/home/users/francesco.santambrogio/Downloads/Hpps24-fpga2aie/data_movers/setup_marginal_aie.cpp:43]   --->   Operation 140 'readreq' 'empty' <Predicate = true> <Delay = 2.43> <CoreInst = "m_axi">   --->   Core 125 'm_axi' <Latency = 0> <II = 1> <Delay = 1.00> <Adapter> <Opcode : 'read' 'write' 'readreq' 'writereq' 'writeresp'>

State 61 <SV = 60> <Delay = 2.43>
ST_61 : Operation 141 [11/70] (2.43ns)   --->   "%empty = readreq i1 @_ssdm_op_ReadReq.m_axi.p1i512, i512 %gmem0_addr, i32 32" [/home/users/francesco.santambrogio/Downloads/Hpps24-fpga2aie/data_movers/setup_marginal_aie.cpp:43]   --->   Operation 141 'readreq' 'empty' <Predicate = true> <Delay = 2.43> <CoreInst = "m_axi">   --->   Core 125 'm_axi' <Latency = 0> <II = 1> <Delay = 1.00> <Adapter> <Opcode : 'read' 'write' 'readreq' 'writereq' 'writeresp'>

State 62 <SV = 61> <Delay = 2.43>
ST_62 : Operation 142 [10/70] (2.43ns)   --->   "%empty = readreq i1 @_ssdm_op_ReadReq.m_axi.p1i512, i512 %gmem0_addr, i32 32" [/home/users/francesco.santambrogio/Downloads/Hpps24-fpga2aie/data_movers/setup_marginal_aie.cpp:43]   --->   Operation 142 'readreq' 'empty' <Predicate = true> <Delay = 2.43> <CoreInst = "m_axi">   --->   Core 125 'm_axi' <Latency = 0> <II = 1> <Delay = 1.00> <Adapter> <Opcode : 'read' 'write' 'readreq' 'writereq' 'writeresp'>

State 63 <SV = 62> <Delay = 2.43>
ST_63 : Operation 143 [9/70] (2.43ns)   --->   "%empty = readreq i1 @_ssdm_op_ReadReq.m_axi.p1i512, i512 %gmem0_addr, i32 32" [/home/users/francesco.santambrogio/Downloads/Hpps24-fpga2aie/data_movers/setup_marginal_aie.cpp:43]   --->   Operation 143 'readreq' 'empty' <Predicate = true> <Delay = 2.43> <CoreInst = "m_axi">   --->   Core 125 'm_axi' <Latency = 0> <II = 1> <Delay = 1.00> <Adapter> <Opcode : 'read' 'write' 'readreq' 'writereq' 'writeresp'>

State 64 <SV = 63> <Delay = 2.43>
ST_64 : Operation 144 [8/70] (2.43ns)   --->   "%empty = readreq i1 @_ssdm_op_ReadReq.m_axi.p1i512, i512 %gmem0_addr, i32 32" [/home/users/francesco.santambrogio/Downloads/Hpps24-fpga2aie/data_movers/setup_marginal_aie.cpp:43]   --->   Operation 144 'readreq' 'empty' <Predicate = true> <Delay = 2.43> <CoreInst = "m_axi">   --->   Core 125 'm_axi' <Latency = 0> <II = 1> <Delay = 1.00> <Adapter> <Opcode : 'read' 'write' 'readreq' 'writereq' 'writeresp'>

State 65 <SV = 64> <Delay = 2.43>
ST_65 : Operation 145 [7/70] (2.43ns)   --->   "%empty = readreq i1 @_ssdm_op_ReadReq.m_axi.p1i512, i512 %gmem0_addr, i32 32" [/home/users/francesco.santambrogio/Downloads/Hpps24-fpga2aie/data_movers/setup_marginal_aie.cpp:43]   --->   Operation 145 'readreq' 'empty' <Predicate = true> <Delay = 2.43> <CoreInst = "m_axi">   --->   Core 125 'm_axi' <Latency = 0> <II = 1> <Delay = 1.00> <Adapter> <Opcode : 'read' 'write' 'readreq' 'writereq' 'writeresp'>

State 66 <SV = 65> <Delay = 2.43>
ST_66 : Operation 146 [6/70] (2.43ns)   --->   "%empty = readreq i1 @_ssdm_op_ReadReq.m_axi.p1i512, i512 %gmem0_addr, i32 32" [/home/users/francesco.santambrogio/Downloads/Hpps24-fpga2aie/data_movers/setup_marginal_aie.cpp:43]   --->   Operation 146 'readreq' 'empty' <Predicate = true> <Delay = 2.43> <CoreInst = "m_axi">   --->   Core 125 'm_axi' <Latency = 0> <II = 1> <Delay = 1.00> <Adapter> <Opcode : 'read' 'write' 'readreq' 'writereq' 'writeresp'>

State 67 <SV = 66> <Delay = 2.43>
ST_67 : Operation 147 [5/70] (2.43ns)   --->   "%empty = readreq i1 @_ssdm_op_ReadReq.m_axi.p1i512, i512 %gmem0_addr, i32 32" [/home/users/francesco.santambrogio/Downloads/Hpps24-fpga2aie/data_movers/setup_marginal_aie.cpp:43]   --->   Operation 147 'readreq' 'empty' <Predicate = true> <Delay = 2.43> <CoreInst = "m_axi">   --->   Core 125 'm_axi' <Latency = 0> <II = 1> <Delay = 1.00> <Adapter> <Opcode : 'read' 'write' 'readreq' 'writereq' 'writeresp'>

State 68 <SV = 67> <Delay = 2.43>
ST_68 : Operation 148 [4/70] (2.43ns)   --->   "%empty = readreq i1 @_ssdm_op_ReadReq.m_axi.p1i512, i512 %gmem0_addr, i32 32" [/home/users/francesco.santambrogio/Downloads/Hpps24-fpga2aie/data_movers/setup_marginal_aie.cpp:43]   --->   Operation 148 'readreq' 'empty' <Predicate = true> <Delay = 2.43> <CoreInst = "m_axi">   --->   Core 125 'm_axi' <Latency = 0> <II = 1> <Delay = 1.00> <Adapter> <Opcode : 'read' 'write' 'readreq' 'writereq' 'writeresp'>

State 69 <SV = 68> <Delay = 2.43>
ST_69 : Operation 149 [3/70] (2.43ns)   --->   "%empty = readreq i1 @_ssdm_op_ReadReq.m_axi.p1i512, i512 %gmem0_addr, i32 32" [/home/users/francesco.santambrogio/Downloads/Hpps24-fpga2aie/data_movers/setup_marginal_aie.cpp:43]   --->   Operation 149 'readreq' 'empty' <Predicate = true> <Delay = 2.43> <CoreInst = "m_axi">   --->   Core 125 'm_axi' <Latency = 0> <II = 1> <Delay = 1.00> <Adapter> <Opcode : 'read' 'write' 'readreq' 'writereq' 'writeresp'>

State 70 <SV = 69> <Delay = 2.43>
ST_70 : Operation 150 [2/70] (2.43ns)   --->   "%empty = readreq i1 @_ssdm_op_ReadReq.m_axi.p1i512, i512 %gmem0_addr, i32 32" [/home/users/francesco.santambrogio/Downloads/Hpps24-fpga2aie/data_movers/setup_marginal_aie.cpp:43]   --->   Operation 150 'readreq' 'empty' <Predicate = true> <Delay = 2.43> <CoreInst = "m_axi">   --->   Core 125 'm_axi' <Latency = 0> <II = 1> <Delay = 1.00> <Adapter> <Opcode : 'read' 'write' 'readreq' 'writereq' 'writeresp'>

State 71 <SV = 70> <Delay = 2.43>
ST_71 : Operation 151 [1/70] (2.43ns)   --->   "%empty = readreq i1 @_ssdm_op_ReadReq.m_axi.p1i512, i512 %gmem0_addr, i32 32" [/home/users/francesco.santambrogio/Downloads/Hpps24-fpga2aie/data_movers/setup_marginal_aie.cpp:43]   --->   Operation 151 'readreq' 'empty' <Predicate = true> <Delay = 2.43> <CoreInst = "m_axi">   --->   Core 125 'm_axi' <Latency = 0> <II = 1> <Delay = 1.00> <Adapter> <Opcode : 'read' 'write' 'readreq' 'writereq' 'writeresp'>

State 72 <SV = 71> <Delay = 0.00>
ST_72 : Operation 152 [1/1] (0.00ns)   --->   "%empty_24 = wait i32 @_ssdm_op_Wait"   --->   Operation 152 'wait' 'empty_24' <Predicate = true> <Delay = 0.00>
ST_72 : Operation 153 [2/2] (0.00ns)   --->   "%call_ln43 = call void @setup_marginal_aie_Pipeline_VITIS_LOOP_43_1, i512 %gmem0, i58 %trunc_ln, i32 %s" [/home/users/francesco.santambrogio/Downloads/Hpps24-fpga2aie/data_movers/setup_marginal_aie.cpp:43]   --->   Operation 153 'call' 'call_ln43' <Predicate = true> <Delay = 0.00> <CoreType = "Generic">   --->   Core 0 '' <Latency = 0> <II = 1> <Delay = 1.00> <Generic> <Opcode : >

State 73 <SV = 72> <Delay = 0.53>
ST_73 : Operation 154 [1/2] (0.53ns)   --->   "%call_ln43 = call void @setup_marginal_aie_Pipeline_VITIS_LOOP_43_1, i512 %gmem0, i58 %trunc_ln, i32 %s" [/home/users/francesco.santambrogio/Downloads/Hpps24-fpga2aie/data_movers/setup_marginal_aie.cpp:43]   --->   Operation 154 'call' 'call_ln43' <Predicate = true> <Delay = 0.53> <CoreType = "Generic">   --->   Core 0 '' <Latency = 0> <II = 1> <Delay = 1.00> <Generic> <Opcode : >

State 74 <SV = 73> <Delay = 0.00>
ST_74 : Operation 155 [1/1] (0.00ns)   --->   "%spectopmodule_ln34 = spectopmodule void @_ssdm_op_SpecTopModule, void @empty_11" [/home/users/francesco.santambrogio/Downloads/Hpps24-fpga2aie/data_movers/setup_marginal_aie.cpp:34]   --->   Operation 155 'spectopmodule' 'spectopmodule_ln34' <Predicate = true> <Delay = 0.00>
ST_74 : Operation 156 [1/1] (0.00ns)   --->   "%specinterface_ln34 = specinterface void @_ssdm_op_SpecInterface, i32 0, void @empty_12, i32 0, i32 0, void @empty_14, i32 0, i32 0, void @empty_14, void @empty_14, void @empty_14, i32 0, i32 0, i32 0, i32 0, void @empty_14, void @empty_14, i32 4294967295, i32 0" [/home/users/francesco.santambrogio/Downloads/Hpps24-fpga2aie/data_movers/setup_marginal_aie.cpp:34]   --->   Operation 156 'specinterface' 'specinterface_ln34' <Predicate = true> <Delay = 0.00>
ST_74 : Operation 157 [1/1] (0.00ns)   --->   "%specinterface_ln0 = specinterface void @_ssdm_op_SpecInterface, i512 %gmem0, void @empty_7, i32 0, i32 0, void @empty_14, i32 64, i32 100, void @empty, void @empty_0, void @empty_14, i32 16, i32 16, i32 16, i32 16, void @empty_14, void @empty_14, i32 4294967295, i32 0"   --->   Operation 157 'specinterface' 'specinterface_ln0' <Predicate = true> <Delay = 0.00>
ST_74 : Operation 158 [1/1] (0.00ns)   --->   "%specbitsmap_ln0 = specbitsmap void @_ssdm_op_SpecBitsMap, i512 %gmem0"   --->   Operation 158 'specbitsmap' 'specbitsmap_ln0' <Predicate = true> <Delay = 0.00>
ST_74 : Operation 159 [1/1] (0.00ns)   --->   "%specbitsmap_ln0 = specbitsmap void @_ssdm_op_SpecBitsMap, i32 %image_size"   --->   Operation 159 'specbitsmap' 'specbitsmap_ln0' <Predicate = true> <Delay = 0.00>
ST_74 : Operation 160 [1/1] (0.00ns)   --->   "%specinterface_ln0 = specinterface void @_ssdm_op_SpecInterface, i32 %image_size, void @empty_1, i32 0, i32 0, void @empty_14, i32 0, i32 0, void @empty_2, void @empty_3, void @empty_14, i32 0, i32 0, i32 0, i32 0, void @empty_14, void @empty_14, i32 4294967295, i32 0"   --->   Operation 160 'specinterface' 'specinterface_ln0' <Predicate = true> <Delay = 0.00>
ST_74 : Operation 161 [1/1] (0.00ns)   --->   "%specinterface_ln0 = specinterface void @_ssdm_op_SpecInterface, i32 %image_size, void @empty_4, i32 0, i32 0, void @empty_14, i32 0, i32 0, void @empty_14, void @empty_14, void @empty_14, i32 0, i32 0, i32 0, i32 0, void @empty_14, void @empty_14, i32 4294967295, i32 0"   --->   Operation 161 'specinterface' 'specinterface_ln0' <Predicate = true> <Delay = 0.00>
ST_74 : Operation 162 [1/1] (0.00ns)   --->   "%specinterface_ln0 = specinterface void @_ssdm_op_SpecInterface, i64 %histogram_rows, void @empty_1, i32 0, i32 0, void @empty_14, i32 0, i32 0, void @empty_2, void @empty_6, void @empty_14, i32 0, i32 0, i32 0, i32 0, void @empty_14, void @empty_8, i32 4294967295, i32 0"   --->   Operation 162 'specinterface' 'specinterface_ln0' <Predicate = true> <Delay = 0.00>
ST_74 : Operation 163 [1/1] (0.00ns)   --->   "%specinterface_ln0 = specinterface void @_ssdm_op_SpecInterface, i64 %histogram_rows, void @empty_5, i32 0, i32 0, void @empty_14, i32 0, i32 0, void @empty_14, void @empty_14, void @empty_14, i32 0, i32 0, i32 0, i32 0, void @empty_14, void @empty_8, i32 4294967295, i32 0"   --->   Operation 163 'specinterface' 'specinterface_ln0' <Predicate = true> <Delay = 0.00>
ST_74 : Operation 164 [1/1] (0.00ns)   --->   "%specinterface_ln0 = specinterface void @_ssdm_op_SpecInterface, i32 %s, void @empty_9, i32 1, i32 1, void @empty_10, i32 0, i32 0, void @empty_14, void @empty_14, void @empty_14, i32 0, i32 0, i32 0, i32 0, void @empty_14, void @empty_14, i32 4294967295, i32 0"   --->   Operation 164 'specinterface' 'specinterface_ln0' <Predicate = true> <Delay = 0.00>
ST_74 : Operation 165 [1/1] (0.00ns)   --->   "%specbitsmap_ln0 = specbitsmap void @_ssdm_op_SpecBitsMap, i32 %s"   --->   Operation 165 'specbitsmap' 'specbitsmap_ln0' <Predicate = true> <Delay = 0.00>
ST_74 : Operation 166 [1/1] (0.00ns)   --->   "%specinterface_ln0 = specinterface void @_ssdm_op_SpecInterface, i32 0, void @empty_1, i32 0, i32 0, void @empty_14, i32 0, i32 0, void @empty_2, void @empty_14, void @empty_14, i32 0, i32 0, i32 0, i32 0, void @empty_14, void @empty_14, i32 4294967295, i32 0"   --->   Operation 166 'specinterface' 'specinterface_ln0' <Predicate = true> <Delay = 0.00>
ST_74 : Operation 167 [1/1] (0.00ns)   --->   "%ret_ln53 = ret" [/home/users/francesco.santambrogio/Downloads/Hpps24-fpga2aie/data_movers/setup_marginal_aie.cpp:53]   --->   Operation 167 'ret' 'ret_ln53' <Predicate = true> <Delay = 0.00>


============================================================
+ Verbose Summary: Timing violations
============================================================
Target clock period: 3.33ns, clock uncertainty: 0.9ns.

 <State 1>: 1ns
The critical path consists of the following:
	s_axi read operation ('histogram_rows') on port 'histogram_rows' [7]  (1 ns)

 <State 2>: 2.43ns
The critical path consists of the following:
	'getelementptr' operation ('gmem0_addr', /home/users/francesco.santambrogio/Downloads/Hpps24-fpga2aie/data_movers/setup_marginal_aie.cpp:43) [22]  (0 ns)
	bus request operation ('empty', /home/users/francesco.santambrogio/Downloads/Hpps24-fpga2aie/data_movers/setup_marginal_aie.cpp:43) on port 'gmem0' (/home/users/francesco.santambrogio/Downloads/Hpps24-fpga2aie/data_movers/setup_marginal_aie.cpp:43) [23]  (2.43 ns)

 <State 3>: 2.43ns
The critical path consists of the following:
	bus request operation ('empty', /home/users/francesco.santambrogio/Downloads/Hpps24-fpga2aie/data_movers/setup_marginal_aie.cpp:43) on port 'gmem0' (/home/users/francesco.santambrogio/Downloads/Hpps24-fpga2aie/data_movers/setup_marginal_aie.cpp:43) [23]  (2.43 ns)

 <State 4>: 2.43ns
The critical path consists of the following:
	bus request operation ('empty', /home/users/francesco.santambrogio/Downloads/Hpps24-fpga2aie/data_movers/setup_marginal_aie.cpp:43) on port 'gmem0' (/home/users/francesco.santambrogio/Downloads/Hpps24-fpga2aie/data_movers/setup_marginal_aie.cpp:43) [23]  (2.43 ns)

 <State 5>: 2.43ns
The critical path consists of the following:
	bus request operation ('empty', /home/users/francesco.santambrogio/Downloads/Hpps24-fpga2aie/data_movers/setup_marginal_aie.cpp:43) on port 'gmem0' (/home/users/francesco.santambrogio/Downloads/Hpps24-fpga2aie/data_movers/setup_marginal_aie.cpp:43) [23]  (2.43 ns)

 <State 6>: 2.43ns
The critical path consists of the following:
	bus request operation ('empty', /home/users/francesco.santambrogio/Downloads/Hpps24-fpga2aie/data_movers/setup_marginal_aie.cpp:43) on port 'gmem0' (/home/users/francesco.santambrogio/Downloads/Hpps24-fpga2aie/data_movers/setup_marginal_aie.cpp:43) [23]  (2.43 ns)

 <State 7>: 2.43ns
The critical path consists of the following:
	bus request operation ('empty', /home/users/francesco.santambrogio/Downloads/Hpps24-fpga2aie/data_movers/setup_marginal_aie.cpp:43) on port 'gmem0' (/home/users/francesco.santambrogio/Downloads/Hpps24-fpga2aie/data_movers/setup_marginal_aie.cpp:43) [23]  (2.43 ns)

 <State 8>: 2.43ns
The critical path consists of the following:
	bus request operation ('empty', /home/users/francesco.santambrogio/Downloads/Hpps24-fpga2aie/data_movers/setup_marginal_aie.cpp:43) on port 'gmem0' (/home/users/francesco.santambrogio/Downloads/Hpps24-fpga2aie/data_movers/setup_marginal_aie.cpp:43) [23]  (2.43 ns)

 <State 9>: 2.43ns
The critical path consists of the following:
	bus request operation ('empty', /home/users/francesco.santambrogio/Downloads/Hpps24-fpga2aie/data_movers/setup_marginal_aie.cpp:43) on port 'gmem0' (/home/users/francesco.santambrogio/Downloads/Hpps24-fpga2aie/data_movers/setup_marginal_aie.cpp:43) [23]  (2.43 ns)

 <State 10>: 2.43ns
The critical path consists of the following:
	bus request operation ('empty', /home/users/francesco.santambrogio/Downloads/Hpps24-fpga2aie/data_movers/setup_marginal_aie.cpp:43) on port 'gmem0' (/home/users/francesco.santambrogio/Downloads/Hpps24-fpga2aie/data_movers/setup_marginal_aie.cpp:43) [23]  (2.43 ns)

 <State 11>: 2.43ns
The critical path consists of the following:
	bus request operation ('empty', /home/users/francesco.santambrogio/Downloads/Hpps24-fpga2aie/data_movers/setup_marginal_aie.cpp:43) on port 'gmem0' (/home/users/francesco.santambrogio/Downloads/Hpps24-fpga2aie/data_movers/setup_marginal_aie.cpp:43) [23]  (2.43 ns)

 <State 12>: 2.43ns
The critical path consists of the following:
	bus request operation ('empty', /home/users/francesco.santambrogio/Downloads/Hpps24-fpga2aie/data_movers/setup_marginal_aie.cpp:43) on port 'gmem0' (/home/users/francesco.santambrogio/Downloads/Hpps24-fpga2aie/data_movers/setup_marginal_aie.cpp:43) [23]  (2.43 ns)

 <State 13>: 2.43ns
The critical path consists of the following:
	bus request operation ('empty', /home/users/francesco.santambrogio/Downloads/Hpps24-fpga2aie/data_movers/setup_marginal_aie.cpp:43) on port 'gmem0' (/home/users/francesco.santambrogio/Downloads/Hpps24-fpga2aie/data_movers/setup_marginal_aie.cpp:43) [23]  (2.43 ns)

 <State 14>: 2.43ns
The critical path consists of the following:
	bus request operation ('empty', /home/users/francesco.santambrogio/Downloads/Hpps24-fpga2aie/data_movers/setup_marginal_aie.cpp:43) on port 'gmem0' (/home/users/francesco.santambrogio/Downloads/Hpps24-fpga2aie/data_movers/setup_marginal_aie.cpp:43) [23]  (2.43 ns)

 <State 15>: 2.43ns
The critical path consists of the following:
	bus request operation ('empty', /home/users/francesco.santambrogio/Downloads/Hpps24-fpga2aie/data_movers/setup_marginal_aie.cpp:43) on port 'gmem0' (/home/users/francesco.santambrogio/Downloads/Hpps24-fpga2aie/data_movers/setup_marginal_aie.cpp:43) [23]  (2.43 ns)

 <State 16>: 2.43ns
The critical path consists of the following:
	bus request operation ('empty', /home/users/francesco.santambrogio/Downloads/Hpps24-fpga2aie/data_movers/setup_marginal_aie.cpp:43) on port 'gmem0' (/home/users/francesco.santambrogio/Downloads/Hpps24-fpga2aie/data_movers/setup_marginal_aie.cpp:43) [23]  (2.43 ns)

 <State 17>: 2.43ns
The critical path consists of the following:
	bus request operation ('empty', /home/users/francesco.santambrogio/Downloads/Hpps24-fpga2aie/data_movers/setup_marginal_aie.cpp:43) on port 'gmem0' (/home/users/francesco.santambrogio/Downloads/Hpps24-fpga2aie/data_movers/setup_marginal_aie.cpp:43) [23]  (2.43 ns)

 <State 18>: 2.43ns
The critical path consists of the following:
	bus request operation ('empty', /home/users/francesco.santambrogio/Downloads/Hpps24-fpga2aie/data_movers/setup_marginal_aie.cpp:43) on port 'gmem0' (/home/users/francesco.santambrogio/Downloads/Hpps24-fpga2aie/data_movers/setup_marginal_aie.cpp:43) [23]  (2.43 ns)

 <State 19>: 2.43ns
The critical path consists of the following:
	bus request operation ('empty', /home/users/francesco.santambrogio/Downloads/Hpps24-fpga2aie/data_movers/setup_marginal_aie.cpp:43) on port 'gmem0' (/home/users/francesco.santambrogio/Downloads/Hpps24-fpga2aie/data_movers/setup_marginal_aie.cpp:43) [23]  (2.43 ns)

 <State 20>: 2.43ns
The critical path consists of the following:
	bus request operation ('empty', /home/users/francesco.santambrogio/Downloads/Hpps24-fpga2aie/data_movers/setup_marginal_aie.cpp:43) on port 'gmem0' (/home/users/francesco.santambrogio/Downloads/Hpps24-fpga2aie/data_movers/setup_marginal_aie.cpp:43) [23]  (2.43 ns)

 <State 21>: 2.43ns
The critical path consists of the following:
	bus request operation ('empty', /home/users/francesco.santambrogio/Downloads/Hpps24-fpga2aie/data_movers/setup_marginal_aie.cpp:43) on port 'gmem0' (/home/users/francesco.santambrogio/Downloads/Hpps24-fpga2aie/data_movers/setup_marginal_aie.cpp:43) [23]  (2.43 ns)

 <State 22>: 2.43ns
The critical path consists of the following:
	bus request operation ('empty', /home/users/francesco.santambrogio/Downloads/Hpps24-fpga2aie/data_movers/setup_marginal_aie.cpp:43) on port 'gmem0' (/home/users/francesco.santambrogio/Downloads/Hpps24-fpga2aie/data_movers/setup_marginal_aie.cpp:43) [23]  (2.43 ns)

 <State 23>: 2.43ns
The critical path consists of the following:
	bus request operation ('empty', /home/users/francesco.santambrogio/Downloads/Hpps24-fpga2aie/data_movers/setup_marginal_aie.cpp:43) on port 'gmem0' (/home/users/francesco.santambrogio/Downloads/Hpps24-fpga2aie/data_movers/setup_marginal_aie.cpp:43) [23]  (2.43 ns)

 <State 24>: 2.43ns
The critical path consists of the following:
	bus request operation ('empty', /home/users/francesco.santambrogio/Downloads/Hpps24-fpga2aie/data_movers/setup_marginal_aie.cpp:43) on port 'gmem0' (/home/users/francesco.santambrogio/Downloads/Hpps24-fpga2aie/data_movers/setup_marginal_aie.cpp:43) [23]  (2.43 ns)

 <State 25>: 2.43ns
The critical path consists of the following:
	bus request operation ('empty', /home/users/francesco.santambrogio/Downloads/Hpps24-fpga2aie/data_movers/setup_marginal_aie.cpp:43) on port 'gmem0' (/home/users/francesco.santambrogio/Downloads/Hpps24-fpga2aie/data_movers/setup_marginal_aie.cpp:43) [23]  (2.43 ns)

 <State 26>: 2.43ns
The critical path consists of the following:
	bus request operation ('empty', /home/users/francesco.santambrogio/Downloads/Hpps24-fpga2aie/data_movers/setup_marginal_aie.cpp:43) on port 'gmem0' (/home/users/francesco.santambrogio/Downloads/Hpps24-fpga2aie/data_movers/setup_marginal_aie.cpp:43) [23]  (2.43 ns)

 <State 27>: 2.43ns
The critical path consists of the following:
	bus request operation ('empty', /home/users/francesco.santambrogio/Downloads/Hpps24-fpga2aie/data_movers/setup_marginal_aie.cpp:43) on port 'gmem0' (/home/users/francesco.santambrogio/Downloads/Hpps24-fpga2aie/data_movers/setup_marginal_aie.cpp:43) [23]  (2.43 ns)

 <State 28>: 2.43ns
The critical path consists of the following:
	bus request operation ('empty', /home/users/francesco.santambrogio/Downloads/Hpps24-fpga2aie/data_movers/setup_marginal_aie.cpp:43) on port 'gmem0' (/home/users/francesco.santambrogio/Downloads/Hpps24-fpga2aie/data_movers/setup_marginal_aie.cpp:43) [23]  (2.43 ns)

 <State 29>: 2.43ns
The critical path consists of the following:
	bus request operation ('empty', /home/users/francesco.santambrogio/Downloads/Hpps24-fpga2aie/data_movers/setup_marginal_aie.cpp:43) on port 'gmem0' (/home/users/francesco.santambrogio/Downloads/Hpps24-fpga2aie/data_movers/setup_marginal_aie.cpp:43) [23]  (2.43 ns)

 <State 30>: 2.43ns
The critical path consists of the following:
	bus request operation ('empty', /home/users/francesco.santambrogio/Downloads/Hpps24-fpga2aie/data_movers/setup_marginal_aie.cpp:43) on port 'gmem0' (/home/users/francesco.santambrogio/Downloads/Hpps24-fpga2aie/data_movers/setup_marginal_aie.cpp:43) [23]  (2.43 ns)

 <State 31>: 2.43ns
The critical path consists of the following:
	bus request operation ('empty', /home/users/francesco.santambrogio/Downloads/Hpps24-fpga2aie/data_movers/setup_marginal_aie.cpp:43) on port 'gmem0' (/home/users/francesco.santambrogio/Downloads/Hpps24-fpga2aie/data_movers/setup_marginal_aie.cpp:43) [23]  (2.43 ns)

 <State 32>: 2.43ns
The critical path consists of the following:
	bus request operation ('empty', /home/users/francesco.santambrogio/Downloads/Hpps24-fpga2aie/data_movers/setup_marginal_aie.cpp:43) on port 'gmem0' (/home/users/francesco.santambrogio/Downloads/Hpps24-fpga2aie/data_movers/setup_marginal_aie.cpp:43) [23]  (2.43 ns)

 <State 33>: 2.43ns
The critical path consists of the following:
	bus request operation ('empty', /home/users/francesco.santambrogio/Downloads/Hpps24-fpga2aie/data_movers/setup_marginal_aie.cpp:43) on port 'gmem0' (/home/users/francesco.santambrogio/Downloads/Hpps24-fpga2aie/data_movers/setup_marginal_aie.cpp:43) [23]  (2.43 ns)

 <State 34>: 2.43ns
The critical path consists of the following:
	bus request operation ('empty', /home/users/francesco.santambrogio/Downloads/Hpps24-fpga2aie/data_movers/setup_marginal_aie.cpp:43) on port 'gmem0' (/home/users/francesco.santambrogio/Downloads/Hpps24-fpga2aie/data_movers/setup_marginal_aie.cpp:43) [23]  (2.43 ns)

 <State 35>: 2.43ns
The critical path consists of the following:
	bus request operation ('empty', /home/users/francesco.santambrogio/Downloads/Hpps24-fpga2aie/data_movers/setup_marginal_aie.cpp:43) on port 'gmem0' (/home/users/francesco.santambrogio/Downloads/Hpps24-fpga2aie/data_movers/setup_marginal_aie.cpp:43) [23]  (2.43 ns)

 <State 36>: 2.43ns
The critical path consists of the following:
	bus request operation ('empty', /home/users/francesco.santambrogio/Downloads/Hpps24-fpga2aie/data_movers/setup_marginal_aie.cpp:43) on port 'gmem0' (/home/users/francesco.santambrogio/Downloads/Hpps24-fpga2aie/data_movers/setup_marginal_aie.cpp:43) [23]  (2.43 ns)

 <State 37>: 2.43ns
The critical path consists of the following:
	bus request operation ('empty', /home/users/francesco.santambrogio/Downloads/Hpps24-fpga2aie/data_movers/setup_marginal_aie.cpp:43) on port 'gmem0' (/home/users/francesco.santambrogio/Downloads/Hpps24-fpga2aie/data_movers/setup_marginal_aie.cpp:43) [23]  (2.43 ns)

 <State 38>: 2.43ns
The critical path consists of the following:
	bus request operation ('empty', /home/users/francesco.santambrogio/Downloads/Hpps24-fpga2aie/data_movers/setup_marginal_aie.cpp:43) on port 'gmem0' (/home/users/francesco.santambrogio/Downloads/Hpps24-fpga2aie/data_movers/setup_marginal_aie.cpp:43) [23]  (2.43 ns)

 <State 39>: 2.43ns
The critical path consists of the following:
	bus request operation ('empty', /home/users/francesco.santambrogio/Downloads/Hpps24-fpga2aie/data_movers/setup_marginal_aie.cpp:43) on port 'gmem0' (/home/users/francesco.santambrogio/Downloads/Hpps24-fpga2aie/data_movers/setup_marginal_aie.cpp:43) [23]  (2.43 ns)

 <State 40>: 2.43ns
The critical path consists of the following:
	bus request operation ('empty', /home/users/francesco.santambrogio/Downloads/Hpps24-fpga2aie/data_movers/setup_marginal_aie.cpp:43) on port 'gmem0' (/home/users/francesco.santambrogio/Downloads/Hpps24-fpga2aie/data_movers/setup_marginal_aie.cpp:43) [23]  (2.43 ns)

 <State 41>: 2.43ns
The critical path consists of the following:
	bus request operation ('empty', /home/users/francesco.santambrogio/Downloads/Hpps24-fpga2aie/data_movers/setup_marginal_aie.cpp:43) on port 'gmem0' (/home/users/francesco.santambrogio/Downloads/Hpps24-fpga2aie/data_movers/setup_marginal_aie.cpp:43) [23]  (2.43 ns)

 <State 42>: 2.43ns
The critical path consists of the following:
	bus request operation ('empty', /home/users/francesco.santambrogio/Downloads/Hpps24-fpga2aie/data_movers/setup_marginal_aie.cpp:43) on port 'gmem0' (/home/users/francesco.santambrogio/Downloads/Hpps24-fpga2aie/data_movers/setup_marginal_aie.cpp:43) [23]  (2.43 ns)

 <State 43>: 2.43ns
The critical path consists of the following:
	bus request operation ('empty', /home/users/francesco.santambrogio/Downloads/Hpps24-fpga2aie/data_movers/setup_marginal_aie.cpp:43) on port 'gmem0' (/home/users/francesco.santambrogio/Downloads/Hpps24-fpga2aie/data_movers/setup_marginal_aie.cpp:43) [23]  (2.43 ns)

 <State 44>: 2.43ns
The critical path consists of the following:
	bus request operation ('empty', /home/users/francesco.santambrogio/Downloads/Hpps24-fpga2aie/data_movers/setup_marginal_aie.cpp:43) on port 'gmem0' (/home/users/francesco.santambrogio/Downloads/Hpps24-fpga2aie/data_movers/setup_marginal_aie.cpp:43) [23]  (2.43 ns)

 <State 45>: 2.43ns
The critical path consists of the following:
	bus request operation ('empty', /home/users/francesco.santambrogio/Downloads/Hpps24-fpga2aie/data_movers/setup_marginal_aie.cpp:43) on port 'gmem0' (/home/users/francesco.santambrogio/Downloads/Hpps24-fpga2aie/data_movers/setup_marginal_aie.cpp:43) [23]  (2.43 ns)

 <State 46>: 2.43ns
The critical path consists of the following:
	bus request operation ('empty', /home/users/francesco.santambrogio/Downloads/Hpps24-fpga2aie/data_movers/setup_marginal_aie.cpp:43) on port 'gmem0' (/home/users/francesco.santambrogio/Downloads/Hpps24-fpga2aie/data_movers/setup_marginal_aie.cpp:43) [23]  (2.43 ns)

 <State 47>: 2.43ns
The critical path consists of the following:
	bus request operation ('empty', /home/users/francesco.santambrogio/Downloads/Hpps24-fpga2aie/data_movers/setup_marginal_aie.cpp:43) on port 'gmem0' (/home/users/francesco.santambrogio/Downloads/Hpps24-fpga2aie/data_movers/setup_marginal_aie.cpp:43) [23]  (2.43 ns)

 <State 48>: 2.43ns
The critical path consists of the following:
	bus request operation ('empty', /home/users/francesco.santambrogio/Downloads/Hpps24-fpga2aie/data_movers/setup_marginal_aie.cpp:43) on port 'gmem0' (/home/users/francesco.santambrogio/Downloads/Hpps24-fpga2aie/data_movers/setup_marginal_aie.cpp:43) [23]  (2.43 ns)

 <State 49>: 2.43ns
The critical path consists of the following:
	bus request operation ('empty', /home/users/francesco.santambrogio/Downloads/Hpps24-fpga2aie/data_movers/setup_marginal_aie.cpp:43) on port 'gmem0' (/home/users/francesco.santambrogio/Downloads/Hpps24-fpga2aie/data_movers/setup_marginal_aie.cpp:43) [23]  (2.43 ns)

 <State 50>: 2.43ns
The critical path consists of the following:
	bus request operation ('empty', /home/users/francesco.santambrogio/Downloads/Hpps24-fpga2aie/data_movers/setup_marginal_aie.cpp:43) on port 'gmem0' (/home/users/francesco.santambrogio/Downloads/Hpps24-fpga2aie/data_movers/setup_marginal_aie.cpp:43) [23]  (2.43 ns)

 <State 51>: 2.43ns
The critical path consists of the following:
	bus request operation ('empty', /home/users/francesco.santambrogio/Downloads/Hpps24-fpga2aie/data_movers/setup_marginal_aie.cpp:43) on port 'gmem0' (/home/users/francesco.santambrogio/Downloads/Hpps24-fpga2aie/data_movers/setup_marginal_aie.cpp:43) [23]  (2.43 ns)

 <State 52>: 2.43ns
The critical path consists of the following:
	bus request operation ('empty', /home/users/francesco.santambrogio/Downloads/Hpps24-fpga2aie/data_movers/setup_marginal_aie.cpp:43) on port 'gmem0' (/home/users/francesco.santambrogio/Downloads/Hpps24-fpga2aie/data_movers/setup_marginal_aie.cpp:43) [23]  (2.43 ns)

 <State 53>: 2.43ns
The critical path consists of the following:
	bus request operation ('empty', /home/users/francesco.santambrogio/Downloads/Hpps24-fpga2aie/data_movers/setup_marginal_aie.cpp:43) on port 'gmem0' (/home/users/francesco.santambrogio/Downloads/Hpps24-fpga2aie/data_movers/setup_marginal_aie.cpp:43) [23]  (2.43 ns)

 <State 54>: 2.43ns
The critical path consists of the following:
	bus request operation ('empty', /home/users/francesco.santambrogio/Downloads/Hpps24-fpga2aie/data_movers/setup_marginal_aie.cpp:43) on port 'gmem0' (/home/users/francesco.santambrogio/Downloads/Hpps24-fpga2aie/data_movers/setup_marginal_aie.cpp:43) [23]  (2.43 ns)

 <State 55>: 2.43ns
The critical path consists of the following:
	bus request operation ('empty', /home/users/francesco.santambrogio/Downloads/Hpps24-fpga2aie/data_movers/setup_marginal_aie.cpp:43) on port 'gmem0' (/home/users/francesco.santambrogio/Downloads/Hpps24-fpga2aie/data_movers/setup_marginal_aie.cpp:43) [23]  (2.43 ns)

 <State 56>: 2.43ns
The critical path consists of the following:
	bus request operation ('empty', /home/users/francesco.santambrogio/Downloads/Hpps24-fpga2aie/data_movers/setup_marginal_aie.cpp:43) on port 'gmem0' (/home/users/francesco.santambrogio/Downloads/Hpps24-fpga2aie/data_movers/setup_marginal_aie.cpp:43) [23]  (2.43 ns)

 <State 57>: 2.43ns
The critical path consists of the following:
	bus request operation ('empty', /home/users/francesco.santambrogio/Downloads/Hpps24-fpga2aie/data_movers/setup_marginal_aie.cpp:43) on port 'gmem0' (/home/users/francesco.santambrogio/Downloads/Hpps24-fpga2aie/data_movers/setup_marginal_aie.cpp:43) [23]  (2.43 ns)

 <State 58>: 2.43ns
The critical path consists of the following:
	bus request operation ('empty', /home/users/francesco.santambrogio/Downloads/Hpps24-fpga2aie/data_movers/setup_marginal_aie.cpp:43) on port 'gmem0' (/home/users/francesco.santambrogio/Downloads/Hpps24-fpga2aie/data_movers/setup_marginal_aie.cpp:43) [23]  (2.43 ns)

 <State 59>: 2.43ns
The critical path consists of the following:
	bus request operation ('empty', /home/users/francesco.santambrogio/Downloads/Hpps24-fpga2aie/data_movers/setup_marginal_aie.cpp:43) on port 'gmem0' (/home/users/francesco.santambrogio/Downloads/Hpps24-fpga2aie/data_movers/setup_marginal_aie.cpp:43) [23]  (2.43 ns)

 <State 60>: 2.43ns
The critical path consists of the following:
	bus request operation ('empty', /home/users/francesco.santambrogio/Downloads/Hpps24-fpga2aie/data_movers/setup_marginal_aie.cpp:43) on port 'gmem0' (/home/users/francesco.santambrogio/Downloads/Hpps24-fpga2aie/data_movers/setup_marginal_aie.cpp:43) [23]  (2.43 ns)

 <State 61>: 2.43ns
The critical path consists of the following:
	bus request operation ('empty', /home/users/francesco.santambrogio/Downloads/Hpps24-fpga2aie/data_movers/setup_marginal_aie.cpp:43) on port 'gmem0' (/home/users/francesco.santambrogio/Downloads/Hpps24-fpga2aie/data_movers/setup_marginal_aie.cpp:43) [23]  (2.43 ns)

 <State 62>: 2.43ns
The critical path consists of the following:
	bus request operation ('empty', /home/users/francesco.santambrogio/Downloads/Hpps24-fpga2aie/data_movers/setup_marginal_aie.cpp:43) on port 'gmem0' (/home/users/francesco.santambrogio/Downloads/Hpps24-fpga2aie/data_movers/setup_marginal_aie.cpp:43) [23]  (2.43 ns)

 <State 63>: 2.43ns
The critical path consists of the following:
	bus request operation ('empty', /home/users/francesco.santambrogio/Downloads/Hpps24-fpga2aie/data_movers/setup_marginal_aie.cpp:43) on port 'gmem0' (/home/users/francesco.santambrogio/Downloads/Hpps24-fpga2aie/data_movers/setup_marginal_aie.cpp:43) [23]  (2.43 ns)

 <State 64>: 2.43ns
The critical path consists of the following:
	bus request operation ('empty', /home/users/francesco.santambrogio/Downloads/Hpps24-fpga2aie/data_movers/setup_marginal_aie.cpp:43) on port 'gmem0' (/home/users/francesco.santambrogio/Downloads/Hpps24-fpga2aie/data_movers/setup_marginal_aie.cpp:43) [23]  (2.43 ns)

 <State 65>: 2.43ns
The critical path consists of the following:
	bus request operation ('empty', /home/users/francesco.santambrogio/Downloads/Hpps24-fpga2aie/data_movers/setup_marginal_aie.cpp:43) on port 'gmem0' (/home/users/francesco.santambrogio/Downloads/Hpps24-fpga2aie/data_movers/setup_marginal_aie.cpp:43) [23]  (2.43 ns)

 <State 66>: 2.43ns
The critical path consists of the following:
	bus request operation ('empty', /home/users/francesco.santambrogio/Downloads/Hpps24-fpga2aie/data_movers/setup_marginal_aie.cpp:43) on port 'gmem0' (/home/users/francesco.santambrogio/Downloads/Hpps24-fpga2aie/data_movers/setup_marginal_aie.cpp:43) [23]  (2.43 ns)

 <State 67>: 2.43ns
The critical path consists of the following:
	bus request operation ('empty', /home/users/francesco.santambrogio/Downloads/Hpps24-fpga2aie/data_movers/setup_marginal_aie.cpp:43) on port 'gmem0' (/home/users/francesco.santambrogio/Downloads/Hpps24-fpga2aie/data_movers/setup_marginal_aie.cpp:43) [23]  (2.43 ns)

 <State 68>: 2.43ns
The critical path consists of the following:
	bus request operation ('empty', /home/users/francesco.santambrogio/Downloads/Hpps24-fpga2aie/data_movers/setup_marginal_aie.cpp:43) on port 'gmem0' (/home/users/francesco.santambrogio/Downloads/Hpps24-fpga2aie/data_movers/setup_marginal_aie.cpp:43) [23]  (2.43 ns)

 <State 69>: 2.43ns
The critical path consists of the following:
	bus request operation ('empty', /home/users/francesco.santambrogio/Downloads/Hpps24-fpga2aie/data_movers/setup_marginal_aie.cpp:43) on port 'gmem0' (/home/users/francesco.santambrogio/Downloads/Hpps24-fpga2aie/data_movers/setup_marginal_aie.cpp:43) [23]  (2.43 ns)

 <State 70>: 2.43ns
The critical path consists of the following:
	bus request operation ('empty', /home/users/francesco.santambrogio/Downloads/Hpps24-fpga2aie/data_movers/setup_marginal_aie.cpp:43) on port 'gmem0' (/home/users/francesco.santambrogio/Downloads/Hpps24-fpga2aie/data_movers/setup_marginal_aie.cpp:43) [23]  (2.43 ns)

 <State 71>: 2.43ns
The critical path consists of the following:
	bus request operation ('empty', /home/users/francesco.santambrogio/Downloads/Hpps24-fpga2aie/data_movers/setup_marginal_aie.cpp:43) on port 'gmem0' (/home/users/francesco.santambrogio/Downloads/Hpps24-fpga2aie/data_movers/setup_marginal_aie.cpp:43) [23]  (2.43 ns)

 <State 72>: 0ns
The critical path consists of the following:

 <State 73>: 0.535ns
The critical path consists of the following:
	'call' operation ('call_ln43', /home/users/francesco.santambrogio/Downloads/Hpps24-fpga2aie/data_movers/setup_marginal_aie.cpp:43) to 'setup_marginal_aie_Pipeline_VITIS_LOOP_43_1' [25]  (0.535 ns)

 <State 74>: 0ns
The critical path consists of the following:


============================================================
+ Verbose Summary: Binding
============================================================
N/A
* FSMD analyzer results:
  - Output states:
 - Input state : 
  - Chain level:
	State 1
	State 2
	State 3
	State 4
	State 5
	State 6
	State 7
	State 8
	State 9
	State 10
	State 11
	State 12
	State 13
	State 14
	State 15
	State 16
	State 17
	State 18
	State 19
	State 20
	State 21
	State 22
	State 23
	State 24
	State 25
	State 26
	State 27
	State 28
	State 29
	State 30
	State 31
	State 32
	State 33
	State 34
	State 35
	State 36
	State 37
	State 38
	State 39
	State 40
	State 41
	State 42
	State 43
	State 44
	State 45
	State 46
	State 47
	State 48
	State 49
	State 50
	State 51
	State 52
	State 53
	State 54
	State 55
	State 56
	State 57
	State 58
	State 59
	State 60
	State 61
	State 62
	State 63
	State 64
	State 65
	State 66
	State 67
	State 68
	State 69
	State 70
	State 71
	State 72
	State 73
	State 74


============================================================
+ Verbose Summary: Datapath Resource usage 
============================================================
N/A
