Mon Aug 25 18:33:17 2025: Running xcd server. This server was built by gradle.
Mon Aug 25 18:33:17 2025: Server was asked to start on port: '37727'
Mon Aug 25 18:33:17 2025: Server is using token UUID: '64b74023-7f9d-437c-bf79-1fa0c8892791'
Mon Aug 25 18:33:17 2025: SESSION_MGR: creating session with session uuid: '6d04a3e9-ade5-4ab9-8d63-1f78fcd2ec76' and name 'default'
Mon Aug 25 18:33:17 2025: Attempting to start server on port '37727'
Mon Aug 25 18:33:17 2025: XCD main fifo: created main fifo '/tmp/xcdmain64b74023-7f9d-437c-bf79-1fa0c8892791', fd read = 12
Mon Aug 25 18:33:17 2025: Running Dispatch Server
Mon Aug 25 18:33:17 2025: Version 2.2.0
Mon Aug 25 18:33:19 2025: Dispatch Server: Accepted socket connection from client
Mon Aug 25 18:33:19 2025: Starting Socket connection
Mon Aug 25 18:33:19 2025: EXCHANGE_TOKEN received, server token: 64b74023-7f9d-437c-bf79-1fa0c8892791, passed token: 64b74023-7f9d-437c-bf79-1fa0c8892791
Mon Aug 25 18:33:19 2025: DISPATCH_HANDLER: Adding handler from function makeHandler in library libxv_system_diagram
Mon Aug 25 18:33:19 2025: SESSION_MGR: creating session with session uuid: '4a1171d3-ea23-4060-87d6-5619b243e62e' and name 'v++_compile_mutual_information_master_hw'
Mon Aug 25 18:33:19 2025: KERNEL_SVC: creating session with uuid: '4a1171d3-ea23-4060-87d6-5619b243e62e' and name 'v++_compile_mutual_information_master_hw'
Mon Aug 25 18:33:19 2025: GUIDANCE_SMGR: creating guidance session with uuid: '4a1171d3-ea23-4060-87d6-5619b243e62e' and name 'v++_compile_mutual_information_master_hw'
Mon Aug 25 18:33:19 2025: SYSTEM_DIAGRAM: creating session with uuid: '4a1171d3-ea23-4060-87d6-5619b243e62e' and name 'v++_compile_mutual_information_master_hw'
Mon Aug 25 18:33:21 2025: SESSION_MGR: closing session for UUID '4a1171d3-ea23-4060-87d6-5619b243e62e' with name 'v++_compile_mutual_information_master_hw'
Mon Aug 25 18:33:21 2025: KERNEL_SVC: closing session for UUID '4a1171d3-ea23-4060-87d6-5619b243e62e' with name 'v++_compile_mutual_information_master_hw'
Mon Aug 25 18:33:21 2025: GUIDANCE_SMGR: closing session for UUID '4a1171d3-ea23-4060-87d6-5619b243e62e' with name 'v++_compile_mutual_information_master_hw'
Mon Aug 25 18:33:21 2025: SYSTEM_DIAGRAM: closing session for UUID '4a1171d3-ea23-4060-87d6-5619b243e62e' with name 'v++_compile_mutual_information_master_hw'
Mon Aug 25 18:33:21 2025: STOP_SERVER received, server token: 64b74023-7f9d-437c-bf79-1fa0c8892791, passed token: 64b74023-7f9d-437c-bf79-1fa0c8892791
Mon Aug 25 18:33:21 2025: Socket received request to stop server.
Mon Aug 25 18:33:21 2025: Dispatch Server: do_await_stop
Mon Aug 25 18:33:21 2025: Dispatch Server: stopping mainFifo_
Mon Aug 25 18:33:21 2025: XCD main fifo: Stopping
Mon Aug 25 18:33:21 2025: XCD main fifo: do_read error code: Operation canceled
Mon Aug 25 18:33:21 2025: XCD main fifo: bytes_transferred: 0
Mon Aug 25 18:33:21 2025: SERVER: destructor for server bound to port 37727
Mon Aug 25 18:33:21 2025: XCD main fifo: Good unlink of /tmp/xcdmain64b74023-7f9d-437c-bf79-1fa0c8892791
Mon Aug 25 18:33:21 2025: Server exiting with status 0.
Mon Aug 25 18:33:21 2025: Closing log file.
