
// File generated by darts version R-2021.03#6beb14dd34#220609, Fri May 31 12:52:44 2024
// Copyright 2014-2021 Synopsys, Inc. All rights reserved.
// darts -v -I/home/xilinx/software/Vitis/2022.2/aietools/data/versal_prod/lib -d -h -I/home/xilinx/software/Vitis/2022.2/aietools/include -I../common -I/home/users/francesco.santambrogio/Downloads/Hpps24-fpga2aie/aie/. -I/home/users/francesco.santambrogio/Downloads/Hpps24-fpga2aie/aie/./src -I/home/users/francesco.santambrogio/Downloads/Hpps24-fpga2aie/aie/../common -I/home/users/francesco.santambrogio/Downloads/Hpps24-fpga2aie/aie/src -Isrc -I/home/xilinx/software/Vitis/2022.2/aietools/data/versal_prod/lib/runtime_cxx/libcxx-lite/include -I/home/xilinx/software/Vitis/2022.2/aietools/data/versal_prod/lib/runtime_cxx/libs/libcxx-9.0.0/include-lite -I/home/xilinx/software/Vitis/2022.2/aietools/data/versal_prod/lib/runtime/include -D__AIENGINE__ -D__AIEARCH__=10 -DDEPLOYMENT_ELF=1 -DAIE_OPTION_SCALAR_FLOAT_ON_VECTOR -D__tct_tgt__=220608 -L +Ihex +nanno +u ../Release/24_1 me

// Release: ipp R-2021.03-TGT-220608

.text_segment PM      0
.entry_point
.label __AIE_ARCH_MODEL_VERSION__10022200__inlined__1__me_basic___main_init_
.label _main_init
.function_start
           0    0x4b 0x64 0x02 0x0b                                                              NOP;                                                                                                MOV.u20 sp, #180256
           4    0x40 0x03 0xc0 0x03                                                              NOP;                                                                  MOV.s12 r12, #0
           8    0xca 0x21                                                                        MOV mc0, r12
          10    0xca 0x61                                                                        MOV mc1, r12
          12    0x80 0x00 0x00 0x7f 0xbb 0xff 0xc7 0xf7                                                                                  NOP;                                                        MOV.u20 p6, #1048572;         NOP
          20    0x80 0x00 0x00 0xa0 0x00 0x07 0x07 0xf7                                                                                  NOP;                                                        J #112;                       NOP
.delay_slot
          28    0x80 0x00 0x00 0x40 0xec 0x00 0x07 0xf7                                                                                  NOP;                                                        MOV.u20 r11, #0;              NOP
.delay_slot
          36    0xa2 0xf5                                                                        MOV p7, p0
.delay_slot
          38    0x00 0x00 0x07 0x6e 0x88 0x00 0x78 0x77                                          NOP;                                                                  MOV.s12 r12, #0;              MOV r10, r6
.delay_slot
          46    0xcb 0x21                                                                        MOV md0, r12
.delay_slot
          48    0x00 0x00 0x00 0x00 0x00 0x00 0x00 0x02 0xcb 0x40 0x00 0x00 0x00 0x00 0x00 0x02  NOP;                NOP;                NOP;                          NOP;                          MOV md1, r12;                 NOP;                                    NOP
.label TGT_F_main_init_64
.loop_nesting 1
          64    0x40 0xbf 0x80 0x00 0x00 0x00 0x00 0x37                                          LDA cb0, [p6], #-4;                     NOP;                          NOP
          72    0x00 0x01                                                                        NOP
          74    0x00 0x01                                                                        NOP
          76    0x00 0x01                                                                        NOP
          78    0x00 0x01                                                                        NOP
          80    0x00 0x01                                                                        NOP
          82    0x00 0x01                                                                        NOP
          84    0x00 0x01                                                                        NOP
.no_stack_arguments
          86    0x00 0x41                                                                        JAL cb0
.delay_slot
.swstall delay_slot
          88    0x00 0x01                                                                        NOP
.delay_slot
.swstall delay_slot
          90    0x00 0x01                                                                        NOP
.delay_slot
.swstall delay_slot
          92    0x00 0x01                                                                        NOP
.delay_slot
.swstall delay_slot
          94    0x00 0x01                                                                        NOP
.delay_slot
.swstall delay_slot
          96    0x00 0x00 0x00 0x00 0x00 0x00 0x00 0x00 0x00 0x00 0x00 0x00 0x00 0x00 0x00 0x02  NOP;                NOP;                NOP;                          NOP;                          NOP;                          NOP;                                    NOP
.label __ll1__main_init
.return_address
         112    0x08 0xa3 0x80 0x00 0x00 0x00 0x00 0x37                                          PADDA [p6], #4;                         NOP;                          NOP
         120    0x00 0x01                                                                        NOP
         122    0xbb 0xc5                                                                        MOV r12, p6
         124    0x39 0xbc 0xc0 0x03                                                              NOP;                                                                  NE r12, r12, r11
         128    0x80 0x00 0x00 0x91 0x80 0x04 0x07 0xf7                                                                                  NOP;                                                        BNEZ r12,#64;                 NOP
.delay_slot
         136    0xa0 0x17 0xf0 0x03                                                              NOP;                                    PADDS [p6], #-4
.delay_slot
.swstall delay_slot
         140    0x00 0x01                                                                        NOP
.delay_slot
.swstall delay_slot
         142    0x00 0x01                                                                        NOP
.delay_slot
.swstall delay_slot
         144    0x00 0x01                                                                        NOP
.delay_slot
.swstall delay_slot
         146    0x00 0x01                                                                        NOP
.loop_nesting 0
.no_stack_arguments
         148    0x80 0x00 0x00 0xa0 0x20 0x11 0x07 0xf7                                                                                  NOP;                                                        JAL #272;                     NOP
.delay_slot
         156    0xeb 0x65                                                                        MOV r6, r10
.delay_slot
         158    0xbe 0x85                                                                        MOV p0, p7
.delay_slot
.swstall delay_slot
         160    0x00 0x01                                                                        NOP
.delay_slot
.swstall delay_slot
         162    0x00 0x01                                                                        NOP
.delay_slot
.swstall delay_slot
         164    0x00 0x00 0x00 0x00 0x00 0x00 0x00 0x00 0x00 0x00 0x00 0x1f                      NOP;                NOP;                NOP;                          NOP;                          NOP
.return_address
.no_stack_arguments
         176    0x80 0x00 0x00 0xa0 0x20 0x35 0x07 0xf7                                                                                  NOP;                                                        JAL #848;                     NOP
.delay_slot
         184    0x80 0x00 0x00 0x40 0xa0 0x00 0x07 0xf7                                                                                  NOP;                                                        MOV.u20 p0, #0;               NOP
.delay_slot
.swstall delay_slot
         192    0x00 0x01                                                                        NOP
.delay_slot
.swstall delay_slot
         194    0x00 0x01                                                                        NOP
.delay_slot
.swstall delay_slot
         196    0x00 0x00 0x00 0x03                                                              NOP;                                                                  NOP
.delay_slot
.swstall delay_slot
         200    0x00 0x00 0x00 0x00 0x00 0x00 0x00 0x37                                          NOP;                                    NOP;                          NOP
.return_address
.swstall chess_separator_scheduler
         208    0x00 0x01                                                                        NOP
.swstall chess_separator_scheduler
         210    0x00 0x01                                                                        NOP
.swstall chess_separator_scheduler
         212    0x00 0x01                                                                        NOP
.swstall chess_separator_scheduler
         214    0x00 0x01                                                                        NOP
.swstall chess_separator_scheduler
         216    0x00 0x01                                                                        NOP
.swstall chess_separator_scheduler
         218    0x00 0x01                                                                        NOP
.swstall chess_separator_scheduler
         220    0x00 0x01                                                                        NOP
.swstall chess_separator_scheduler
         222    0x00 0x01                                                                        NOP
         224    0x04 0x00 0x20 0x03                                                              NOP;                                                                  EVENT #2
.swstall chess_separator_scheduler
         228    0x00 0x01                                                                        NOP
.swstall chess_separator_scheduler
         230    0x00 0x01                                                                        NOP
.swstall chess_separator_scheduler
         232    0x00 0x01                                                                        NOP
.swstall chess_separator_scheduler
         234    0x00 0x01                                                                        NOP
.swstall chess_separator_scheduler
         236    0x00 0x01                                                                        NOP
.swstall for_chess_exit
.exit
         238    0x00 0x01                                                                        NOP
.label TGT_F_main_init_240
.loop_nesting 1
         240    0x80 0x00 0x00 0xa0 0x00 0x0f 0x07 0xf7                                                                                  NOP;                                                        J #240;                       NOP
.delay_slot
.swstall delay_slot
         248    0x00 0x01                                                                        NOP
.delay_slot
.swstall delay_slot
         250    0x00 0x01                                                                        NOP
.delay_slot
.swstall delay_slot
         252    0x00 0x01                                                                        NOP
.delay_slot
.swstall delay_slot
         254    0x00 0x01                                                                        NOP
.delay_slot
.swstall delay_slot
         256    0x00 0x01                                                                        NOP
.label _main_init__end

.text_segment PM    272
.label _main___func_begin0
.label _main
.function_start
         272    0x39 0x00 0x18 0xc0 0x10 0x00 0x00 0x04 0xba 0x00 0x00 0x3f                      MOV.s10 r1, #0;     MOV.s9 r8, #0;      NOP;                                                        MOV.u20 p0, #180224;          NOP
         284    0x38 0x00 0x59 0xc0 0x95 0xe2 0x88 0x05 0x02 0x32 0x10 0x3f                      MOV.s10 r0, #1;     MOV.s9 r9, #4;      ST r8, [p0], #4;                                            MOV.u20 cl0, #274960;         NOP
         296    0x00 0x00 0x1c 0xc0 0x28 0x01 0x7a 0x04 0x02 0x40 0x00 0x3f                      NOP;                MOV.s9 r12, #1;                                   MOV.s12 r13, #2;              MOV.u20 cl1, #0;              NOP
         308    0x80 0x00 0x00 0x40 0x28 0x00 0x07 0xf7                                                                                  NOP;                                                        MOV.u20 cl2, #0;              NOP
         316    0x48 0x36 0x18 0x03                                                              NOP;                                                                                                MOV md0[8], r1[0]
         320    0x4a 0x36 0x18 0x03                                                              NOP;                                                                                                MOV md0[10], r1[0]
         324    0x49 0x16 0x18 0x03                                                              NOP;                                                                                                MOV md0[9], r0[0]
         328    0x80 0x00 0x00 0x01 0x20 0x76 0x57 0xf7                                                                                  NOP;                                                        MOVT.s12 cl0, #1893;          NOP
         336    0x00 0x00 0x00 0x00 0x10 0x00 0x00 0x00 0x12 0x40 0x0b 0x80 0x00 0x00 0x00 0x00  NOP;                NOP;                NOP;                          NOP;                          MOVT.s12 cl1, #11;            NOP;                                    NOP
.label TGT_F_main_80
.loop_nesting 1
         352    0x7e 0xbe 0x00 0x00 0x00 0x00 0x00 0x37                                          LDA r14, [p0], #-4;                     NOP;                          NOP
         360    0x00 0x01                                                                        NOP
         362    0x00 0x01                                                                        NOP
         364    0x00 0x01                                                                        NOP
         366    0x00 0x01                                                                        NOP
         368    0x00 0x01                                                                        NOP
         370    0x00 0x01                                                                        NOP
         372    0x00 0x01                                                                        NOP
         374    0x80 0x00 0x00 0x81 0xc0 0x22 0x07 0xf7                                                                                  NOP;                                                        BEQZ r14,#544;                NOP
.delay_slot
.swstall delay_slot
         382    0x00 0x01                                                                        NOP
.delay_slot
.swstall delay_slot
         384    0x00 0x01                                                                        NOP
.delay_slot
.swstall delay_slot
         386    0x00 0x01                                                                        NOP
.delay_slot
.swstall delay_slot
         388    0x00 0x00 0x00 0x03                                                              NOP;                                                                  NOP
.delay_slot
.swstall delay_slot
         392    0x00 0x00 0x00 0x00 0x00 0x00 0x00 0x37                                          NOP;                                    NOP;                          NOP
.label TGT_F_main_128
.loop_nesting 2
         400    0x3b 0xe8 0xf6 0x60 0x30 0x14 0x07 0xf7                                                                                                                LT r15, r8, r14;              VMOV0 vdl0, WSS.md0[ 8];      VMOV1 vrl0, WSS.md0[ 9]
         408    0x31 0xfe 0xe0 0x03                                                              NOP;                                                                  SUB r14, r14, r15
         412    0x00 0x01                                                                        NOP
         414    0x00 0x01                                                                        NOP
         416    0x00 0x00 0x06 0x60 0x34 0x34 0x07 0xf7                                                                                                                NOP;                          VMOV0 vdh0, WSS.md0[ 8];      VMOV1 vrh0, WSS.md0[ 9]
         424    0x00 0x01                                                                        NOP
         426    0x80 0x00 0x00 0x83 0x42 0x00 0x44 0x07                                          NOP;                                    NOP;                                                                                                                              VFPMAC wd0, r0, wd0, ya, r8, cl0, wc0, #0, cl2, #0, cl1
         434    0x00 0x01                                                                        NOP
         436    0x00 0x01                                                                        NOP
         438    0x00 0x01                                                                        NOP
         440    0x00 0x01                                                                        NOP
         442    0x00 0x01                                                                        NOP
         444    0x49 0xa8 0x98 0x03                                                              NOP;                                                                                                VMOV wr0, wd0
         448    0x80 0x00 0x00 0x83 0x42 0x40 0x44 0x47                                          NOP;                                    NOP;                                                                                                                              VFPMAC wd0, r1, wd0, ya, r9, cl0, wc0, #0, cl2, #0, cl1
         456    0x00 0x01                                                                        NOP
         458    0x00 0x01                                                                        NOP
         460    0x00 0x01                                                                        NOP
         462    0x00 0x01                                                                        NOP
         464    0x00 0x01                                                                        NOP
         466    0x49 0xa8 0x98 0x03                                                              NOP;                                                                                                VMOV wr0, wd0
         470    0x80 0x00 0x00 0x83 0x63 0x40 0x44 0x87                                          NOP;                                    NOP;                                                                                                                              VFPMAC wd1, r2, wd0, ya, r13, cl0, wc0, #0, cl2, #0, cl1
         478    0x00 0x01                                                                        NOP
         480    0x00 0x01                                                                        NOP
         482    0x00 0x01                                                                        NOP
         484    0x00 0x01                                                                        NOP
         486    0x00 0x01                                                                        NOP
         488    0x49 0xe8 0x98 0x03                                                              NOP;                                                                                                VMOV wr0, wd1
         492    0x80 0x00 0x00 0x83 0xe3 0x00 0x44 0xc7                                          NOP;                                    NOP;                                                                                                                              VFPMAC wd1, r3, wd1, ya, r12, cl0, wc0, #0, cl2, #0, cl1
         500    0x00 0x01                                                                        NOP
         502    0x80 0x00 0x00 0x91 0xc0 0x19 0x07 0xf7                                                                                  NOP;                                                        BNEZ r14,#400;                NOP
.delay_slot
.swstall delay_slot
         510    0x00 0x01                                                                        NOP
.delay_slot
.swstall delay_slot
         512    0x00 0x01                                                                        NOP
.delay_slot
.swstall delay_slot
         514    0x00 0x01                                                                        NOP
.delay_slot
         516    0x00 0x00 0x00 0x00 0x10 0x00 0x00 0x40 0x00 0x0b 0xc2 0x3f                      NOP;                NOP;                NOP;                                                        NOP;                          VEXT.32 r5, vdl1[0]
.delay_slot
         528    0x00 0x00 0x00 0x00 0x10 0x00 0x00 0x40 0x00 0x01 0x5c 0x80 0x00 0x00 0x00 0x00  NOP;                NOP;                NOP;                          NOP;                          NOP;                          MOV1 MS.md0[10], r5, #0;                NOP
.label TGT_F_main_272
.loop_nesting 1
.swstall chess_separator_scheduler
         544    0x00 0x01                                                                        NOP
.swstall chess_separator_scheduler
         546    0x00 0x01                                                                        NOP
.swstall chess_separator_scheduler
         548    0x00 0x01                                                                        NOP
.swstall chess_separator_scheduler
         550    0x00 0x01                                                                        NOP
.swstall chess_separator_scheduler
         552    0x00 0x01                                                                        NOP
.swstall chess_separator_scheduler
         554    0x00 0x01                                                                        NOP
.swstall chess_separator_scheduler
         556    0x00 0x01                                                                        NOP
.swstall chess_separator_scheduler
         558    0x00 0x01                                                                        NOP
         560    0x04 0x00 0x20 0x03                                                              NOP;                                                                  EVENT #2
.swstall chess_separator_scheduler
         564    0x00 0x01                                                                        NOP
.swstall chess_separator_scheduler
         566    0x00 0x01                                                                        NOP
.swstall chess_separator_scheduler
         568    0x00 0x01                                                                        NOP
.swstall chess_separator_scheduler
         570    0x00 0x01                                                                        NOP
.swstall chess_separator_scheduler
         572    0x00 0x01                                                                        NOP
         574    0x7e 0xa2 0x00 0x00 0x00 0x00 0x00 0x37                                          LDA r14, [p0], #4;                      NOP;                          NOP
         582    0x00 0x01                                                                        NOP
         584    0x00 0x01                                                                        NOP
         586    0x00 0x01                                                                        NOP
         588    0x00 0x01                                                                        NOP
         590    0x00 0x01                                                                        NOP
         592    0x00 0x01                                                                        NOP
         594    0x00 0x01                                                                        NOP
         596    0x3a 0xe8 0xe0 0x03                                                              NOP;                                                                  GE r14, r8, r14
         600    0x80 0x00 0x00 0x91 0xc0 0x16 0x07 0xf7                                                                                  NOP;                                                        BNEZ r14,#352;                NOP
.delay_slot
.swstall delay_slot
         608    0x00 0x01                                                                        NOP
.delay_slot
.swstall delay_slot
         610    0x00 0x01                                                                        NOP
.delay_slot
.swstall delay_slot
         612    0x00 0x01                                                                        NOP
.delay_slot
.swstall delay_slot
         614    0x00 0x01                                                                        NOP
.delay_slot
.swstall delay_slot
         616    0x00 0x01                                                                        NOP
.loop_nesting 0
         618    0x40 0x03 0x00 0x03                                                              NOP;                                                                  MOV.s12 r0, #0
         622    0x00 0x01                                                                        NOP
         624    0x00 0x01                                                                        NOP
         626    0x00 0x01                                                                        NOP
         628    0x00 0x01                                                                        NOP
         630    0x00 0x01                                                                        NOP
         632    0x00 0x01                                                                        NOP
         634    0x00 0x01                                                                        NOP
.end_of_main
         636    0x01 0x01                                                                        RET lr
.delay_slot
.swstall delay_slot
         638    0x00 0x01                                                                        NOP
.delay_slot
.swstall delay_slot
         640    0x00 0x01                                                                        NOP
.delay_slot
.swstall delay_slot
         642    0x00 0x01                                                                        NOP
.delay_slot
.swstall delay_slot
         644    0x00 0x01                                                                        NOP
.delay_slot
.swstall delay_slot
         646    0x00 0x01                                                                        NOP
.label _main__end
.label _main___func_end0

.text_segment PM    656
.label _fini
.function_start
         656    0x00 0x00 0x07 0xbd 0x48 0x10 0x40 0x77                                          NOP;                                                                  MOV.s12 m0, #32;              MOV r5, r11
         664    0x08 0x90 0x00 0x00 0x10 0x00 0x00 0x0a 0x00 0x03 0x00 0x3f                      PADDA [sp], m0;     NOP;                NOP;                                                        J #768;                       NOP
.delay_slot
         676    0x0e 0x98 0x18 0x03                                                              NOP;                                                                                                MOV r0, r4
.delay_slot
         680    0x52 0x3f 0xc0 0x00 0x00 0x37 0xd0 0xf7                                                                                  ST lr, [sp, #-16];            NOP;                          MOV p0, p7
.delay_slot
         688    0xad 0x1f 0xe8 0x40 0xd0 0x00 0x07 0xf7                                                                                  ST p0, [sp, #-12];                                          MOV.u20 r4, #0;               NOP
.delay_slot
         696    0xae 0x1f 0xf8 0x40 0xbc 0x00 0x07 0xf7                                                                                  ST r0, [sp, #-4];                                           MOV.u20 p7, #0;               NOP
.delay_slot
         704    0x00 0x00 0x00 0x00 0x15 0xd7 0xfe 0x04 0x0e 0xc0 0x00 0x80 0x00 0x00 0x00 0x00  NOP;                NOP;                ST r5, [sp, #-8];             NOP;                          MOV.u20 r11, #0;              NOP;                                    NOP
.label TGT_F_fini_64
.loop_nesting 1
         720    0x40 0xa3 0xc0 0x00 0x00 0x00 0x00 0x37                                          LDA cb0, [p7], #4;                      NOP;                          NOP
         728    0x00 0x01                                                                        NOP
         730    0x00 0x01                                                                        NOP
         732    0x00 0x01                                                                        NOP
         734    0x00 0x01                                                                        NOP
         736    0x00 0x01                                                                        NOP
         738    0x00 0x01                                                                        NOP
         740    0x00 0x01                                                                        NOP
.no_stack_arguments
         742    0x00 0x41                                                                        JAL cb0
.delay_slot
         744    0xbf 0xb5                                                                        MOV r11, p7
.delay_slot
.swstall delay_slot
         746    0x00 0x01                                                                        NOP
.delay_slot
.swstall delay_slot
         748    0x00 0x01                                                                        NOP
.delay_slot
.swstall delay_slot
         750    0x00 0x01                                                                        NOP
.delay_slot
.swstall delay_slot
         752    0x00 0x00 0x00 0x00 0x00 0x00 0x00 0x00 0x00 0x00 0x00 0x00 0x00 0x00 0x00 0x02  NOP;                NOP;                NOP;                          NOP;                          NOP;                          NOP;                                    NOP
.label __ll1__fini
.return_address
         768    0x39 0xb4 0xc0 0x03                                                              NOP;                                                                  NE r12, r4, r11
         772    0x80 0x00 0x00 0x91 0x80 0x2d 0x07 0xf7                                                                                  NOP;                                                        BNEZ r12,#720;                NOP
.delay_slot
.swstall delay_slot
         780    0x00 0x01                                                                        NOP
.delay_slot
.swstall delay_slot
         782    0x00 0x01                                                                        NOP
.delay_slot
.swstall delay_slot
         784    0x00 0x01                                                                        NOP
.delay_slot
.swstall delay_slot
         786    0x00 0x01                                                                        NOP
.delay_slot
.swstall delay_slot
         788    0x00 0x01                                                                        NOP
.loop_nesting 0
         790    0x58 0xff 0x38 0x03                                                              NOP;                LDB lr, [sp, #-16]
         794    0x80 0x00 0x00 0xc7 0xef 0xff 0x67 0xf7                                                                                  NOP;                                                        LDA.SPIL r11, [sp, #-8];      NOP
         802    0x80 0x00 0x00 0xc7 0xd3 0xff 0xe7 0xf7                                                                                  NOP;                                                        LDA.SPIL r4, [sp, #-4];       NOP
         810    0x80 0x00 0x00 0xc7 0xbf 0xfe 0xe7 0xf7                                                                                  NOP;                                                        LDA.SPIL p7, [sp, #-12];      NOP
         818    0x00 0x01                                                                        NOP
         820    0x00 0x01                                                                        NOP
         822    0x00 0x01                                                                        NOP
         824    0x00 0x01                                                                        NOP
         826    0x01 0x01                                                                        RET lr
.delay_slot
.swstall delay_slot
         828    0x00 0x01                                                                        NOP
.delay_slot
.swstall delay_slot
         830    0x00 0x01                                                                        NOP
.delay_slot
         832    0x7f 0x82 0x00 0x03                                                              NOP;                                                                  MOV.s12 m0, #-32
.delay_slot
         836    0x08 0x90 0x00 0x00 0x00 0x00 0x00 0x37                                          PADDA [sp], m0;                         NOP;                          NOP
.delay_slot
.swstall delay_slot
         844    0x00 0x01                                                                        NOP
.label _fini__end

.text_segment PM    848
.label __cxa_finalize
.function_start
         848    0x00 0x00 0x18 0xff 0xa8 0x04 0x78 0x04 0xba 0x10 0x40 0x3f                      NOP;                MOV.s9 r8, #-3;                                   MOV.s12 r12, #8;              MOV.u20 p0, #184384;          NOP
         860    0x79 0xd0 0x00 0x00 0x10 0x00 0x00 0x04 0xbb 0x90 0x20 0x3f                      LDA r9, [p0];       NOP;                NOP;                                                        MOV.u20 p6, #184352;          NOP
         872    0x5f 0x34 0x00 0x00 0x01 0x02 0xb4 0xf7                                                                                  ST r12, [p0];                 NOP;                          MOV r10, lr
         880    0x00 0x01                                                                        NOP
         882    0x00 0x01                                                                        NOP
         884    0x00 0x01                                                                        NOP
         886    0x00 0x01                                                                        NOP
         888    0x00 0x01                                                                        NOP
         890    0x00 0x01                                                                        NOP
         892    0x27 0x89 0x90 0x03                                                              NOP;                                                                  ADD r9, r9, #-8
         896    0x00 0x00 0x07 0x98 0x07 0xf1 0x36 0x77                                          NOP;                                                                  ASHL r11, r9, r8;             MOV m0, r9
         904    0xa0 0x10 0x30 0x03                                                              NOP;                                    PADDS [p6], m0
         908    0x00 0x00 0x00 0x03                                                              NOP;                                                                  NOP
.label TGT_F__cxa_finalize_64
.loop_nesting 1
         912    0x40 0xa3 0x80 0x00 0x00 0x00 0x00 0x37                                          LDA cb0, [p6], #4;                      NOP;                          NOP
         920    0x68 0xbb 0x80 0x00 0x00 0x00 0x00 0x37                                          LDA p0, [p6], #-12;                     NOP;                          NOP
         928    0x00 0x01                                                                        NOP
         930    0x00 0x01                                                                        NOP
         932    0x00 0x01                                                                        NOP
         934    0x00 0x01                                                                        NOP
         936    0x00 0x01                                                                        NOP
         938    0x00 0x01                                                                        NOP
.no_stack_arguments
         940    0x00 0x41                                                                        JAL cb0
.delay_slot
.swstall delay_slot
         942    0x00 0x01                                                                        NOP
.delay_slot
.swstall delay_slot
         944    0x00 0x01                                                                        NOP
.delay_slot
.swstall delay_slot
         946    0x00 0x01                                                                        NOP
.delay_slot
         948    0x0e 0x1a 0x18 0x03                                                              NOP;                                                                                                MOV r4, r0
.delay_slot
.swstall delay_slot
         952    0x00 0x00 0x00 0x00 0x00 0x00 0x00 0x37                                          NOP;                                    NOP;                          NOP
.return_address
         960    0x80 0x00 0x00 0x40 0x40 0x39 0x07 0xf7                                                                                  NOP;                                                        MOV.u20 cb0, #912;            NOP
         968    0x03 0x8b 0xb0 0x03                                                              NOP;                                                                  BDEC r11, r11, cb0
.delay_slot
         972    0xd3 0x05                                                                        MOV r0, r4
.delay_slot
.swstall delay_slot
         974    0x00 0x01                                                                        NOP
.delay_slot
.swstall delay_slot
         976    0x00 0x01                                                                        NOP
.delay_slot
.swstall delay_slot
         978    0x00 0x01                                                                        NOP
.delay_slot
.swstall delay_slot
         980    0x00 0x01                                                                        NOP
.loop_nesting 0
         982    0xa1 0x61                                                                        MOV lr, r10
         984    0x01 0x01                                                                        RET lr
.delay_slot
.swstall delay_slot
         986    0x00 0x01                                                                        NOP
.delay_slot
.swstall delay_slot
         988    0x00 0x01                                                                        NOP
.delay_slot
.swstall delay_slot
         990    0x00 0x01                                                                        NOP
.delay_slot
.swstall delay_slot
         992    0x00 0x01                                                                        NOP
.delay_slot
.swstall delay_slot
         994    0x00 0x01                                                                        NOP
.label __cxa_finalize__end

.data_segment DMb 180224
.label _ZL11sync_buffer
	0x0
	0x0
	0x0
	0x0
	0xff
	0xff
	0xff
	0xff
	0x0
	0x0
	0x0
	0x0
	0x0
	0x0
	0x0
	0x0
	0x0
	0x0
	0x0
	0x0
	0x0
	0x0
	0x0
	0x0
	0x0
	0x0
	0x0
	0x0
	0x0
	0x0
	0x0
	0x0

.data_segment DMb 184352
.label _ZL7atexits
	0x90
	0x2
	0x0
	0x0
	0x0
	0x0
	0x0
	0x0
	0x0
	0x0
	0x0
	0x0
	0x0
	0x0
	0x0
	0x0
	0x0
	0x0
	0x0
	0x0
	0x0
	0x0
	0x0
	0x0
	0x0
	0x0
	0x0
	0x0
	0x0
	0x0
	0x0
	0x0
.label _ZL10atexit_cnt
	0x8
	0x0
	0x0
	0x0

.stack DM_stack 180256 184352
