
// File generated by darts version R-2021.03#6beb14dd34#220609, Fri May 31 12:52:40 2024
// Copyright 2014-2021 Synopsys, Inc. All rights reserved.
// darts -v -I/home/xilinx/software/Vitis/2022.2/aietools/data/versal_prod/lib -d -h -I/home/xilinx/software/Vitis/2022.2/aietools/include -I../common -I/home/users/francesco.santambrogio/Downloads/Hpps24-fpga2aie/aie/. -I/home/users/francesco.santambrogio/Downloads/Hpps24-fpga2aie/aie/./src -I/home/users/francesco.santambrogio/Downloads/Hpps24-fpga2aie/aie/../common -I/home/users/francesco.santambrogio/Downloads/Hpps24-fpga2aie/aie/src -Isrc -I/home/xilinx/software/Vitis/2022.2/aietools/data/versal_prod/lib/runtime_cxx/libcxx-lite/include -I/home/xilinx/software/Vitis/2022.2/aietools/data/versal_prod/lib/runtime_cxx/libs/libcxx-9.0.0/include-lite -I/home/xilinx/software/Vitis/2022.2/aietools/data/versal_prod/lib/runtime/include -D__AIENGINE__ -D__AIEARCH__=10 -DDEPLOYMENT_ELF=1 -DAIE_OPTION_SCALAR_FLOAT_ON_VECTOR -D__tct_tgt__=220608 -L +Ihex +nanno ../Release/24_1.o me

// Release: ipp R-2021.03-TGT-220608
.data_segment_name
.data local 16 _ZL11sync_buffer DMb
	0x0
	0x0
	0x0
	0x0
	0xff
	0xff
	0xff
	0xff
	0x0
	0x0
	0x0
	0x0
	0x0
	0x0
	0x0
	0x0
	0x0
	0x0
	0x0
	0x0
	0x0
	0x0
	0x0
	0x0
	0x0
	0x0
	0x0
	0x0
	0x0
	0x0
	0x0
	0x0

.undef local data _ZL11sync_buffer

.undef global data _ZN12me_primitive3ss0E


.undef global data _ZN12me_primitive3ms0E


.undef global data _ZN12me_primitive4sst0E


.undef global data _ZN12me_primitive4ssc0E


.undef global data _ZN12me_primitive5wsst0E


.undef global data _ZN12me_primitive4msc0E


.undef global data _ZN12me_primitive3ss1E


.undef global data _ZN12me_primitive3ms1E


.undef global data _ZN12me_primitive4sst1E


.undef global data _ZN12me_primitive4ssc1E


.undef global data _ZN12me_primitive5wsst1E


.undef global data _ZN12me_primitive4msc1E


.undef global data ZERO

.undef global data ONES

.undef global data __chess_separator_idummy

.text_segment_name
.text global 16 _main
.label _main___func_begin0
.function_start
	     0    0x39 0x00 0x18 0xc0 0x10 0x00 0x00 0x04 0x0a 0x00 0x00 0x3f                      MOV.s10 r1, #0;     MOV.s9 r8, #0;      NOP;                                                        MOV.u20 p0, #_ZL11sync_buffer;NOP
	    12    0x38 0x00 0x59 0xc0 0x95 0xe2 0x88 0x05 0x02 0x32 0x10 0x3f                      MOV.s10 r0, #1;     MOV.s9 r9, #4;      ST r8, [p0], #4;                                            MOV.u20 cl0, #274960;         NOP
	    24    0x00 0x00 0x1c 0xc0 0x28 0x01 0x7a 0x04 0x02 0x40 0x00 0x3f                      NOP;                MOV.s9 r12, #1;                                   MOV.s12 r13, #2;              MOV.u20 cl1, #0;              NOP
	    36    0x80 0x00 0x00 0x40 0x28 0x00 0x07 0xf7                                                                                  NOP;                                                        MOV.u20 cl2, #0;              NOP
	    44    0x48 0x36 0x18 0x03                                                              NOP;                                                                                                MOV md0[8], r1[0]
	    48    0x4a 0x36 0x18 0x03                                                              NOP;                                                                                                MOV md0[10], r1[0]
	    52    0x49 0x16 0x18 0x03                                                              NOP;                                                                                                MOV md0[9], r0[0]
	    56    0x80 0x00 0x00 0x01 0x20 0x76 0x57 0xf7                                                                                  NOP;                                                        MOVT.s12 cl0, #1893;          NOP
	    64    0x00 0x00 0x00 0x00 0x10 0x00 0x00 0x00 0x12 0x40 0x0b 0x80 0x00 0x00 0x00 0x00  NOP;                NOP;                NOP;                          NOP;                          MOVT.s12 cl1, #11;            NOP;                                    NOP
.label TGT_F_main_80
.loop_nesting 1
	    80    0x7e 0xbe 0x00 0x00 0x00 0x00 0x00 0x37                                          LDA r14, [p0], #-4;                     NOP;                          NOP
	    88    0x00 0x01                                                                        NOP
	    90    0x00 0x01                                                                        NOP
	    92    0x00 0x01                                                                        NOP
	    94    0x00 0x01                                                                        NOP
	    96    0x00 0x01                                                                        NOP
	    98    0x00 0x01                                                                        NOP
	   100    0x00 0x01                                                                        NOP
	   102    0x80 0x00 0x00 0x81 0xc0 0x11 0x07 0xf7                                                                                  NOP;                                                        BEQZ r14,#TGT_F_main_272;     NOP
.delay_slot
.swstall delay_slot
	   110    0x00 0x01                                                                        NOP
.delay_slot
.swstall delay_slot
	   112    0x00 0x01                                                                        NOP
.delay_slot
.swstall delay_slot
	   114    0x00 0x01                                                                        NOP
.delay_slot
.swstall delay_slot
	   116    0x00 0x00 0x00 0x03                                                              NOP;                                                                  NOP
.delay_slot
.swstall delay_slot
	   120    0x00 0x00 0x00 0x00 0x00 0x00 0x00 0x37                                          NOP;                                    NOP;                          NOP
.label TGT_F_main_128
.loop_nesting 2
	   128    0x3b 0xe8 0xf6 0x60 0x30 0x14 0x07 0xf7                                                                                                                LT r15, r8, r14;              VMOV0 vdl0, WSS.md0[ 8];      VMOV1 vrl0, WSS.md0[ 9]
	   136    0x31 0xfe 0xe0 0x03                                                              NOP;                                                                  SUB r14, r14, r15
	   140    0x00 0x01                                                                        NOP
	   142    0x00 0x01                                                                        NOP
	   144    0x00 0x00 0x06 0x60 0x34 0x34 0x07 0xf7                                                                                                                NOP;                          VMOV0 vdh0, WSS.md0[ 8];      VMOV1 vrh0, WSS.md0[ 9]
	   152    0x00 0x01                                                                        NOP
	   154    0x80 0x00 0x00 0x83 0x42 0x00 0x44 0x07                                          NOP;                                    NOP;                                                                                                                              VFPMAC wd0, r0, wd0, ya, r8, cl0, wc0, #0, cl2, #0, cl1
	   162    0x00 0x01                                                                        NOP
	   164    0x00 0x01                                                                        NOP
	   166    0x00 0x01                                                                        NOP
	   168    0x00 0x01                                                                        NOP
	   170    0x00 0x01                                                                        NOP
	   172    0x49 0xa8 0x98 0x03                                                              NOP;                                                                                                VMOV wr0, wd0
	   176    0x80 0x00 0x00 0x83 0x42 0x40 0x44 0x47                                          NOP;                                    NOP;                                                                                                                              VFPMAC wd0, r1, wd0, ya, r9, cl0, wc0, #0, cl2, #0, cl1
	   184    0x00 0x01                                                                        NOP
	   186    0x00 0x01                                                                        NOP
	   188    0x00 0x01                                                                        NOP
	   190    0x00 0x01                                                                        NOP
	   192    0x00 0x01                                                                        NOP
	   194    0x49 0xa8 0x98 0x03                                                              NOP;                                                                                                VMOV wr0, wd0
	   198    0x80 0x00 0x00 0x83 0x63 0x40 0x44 0x87                                          NOP;                                    NOP;                                                                                                                              VFPMAC wd1, r2, wd0, ya, r13, cl0, wc0, #0, cl2, #0, cl1
	   206    0x00 0x01                                                                        NOP
	   208    0x00 0x01                                                                        NOP
	   210    0x00 0x01                                                                        NOP
	   212    0x00 0x01                                                                        NOP
	   214    0x00 0x01                                                                        NOP
	   216    0x49 0xe8 0x98 0x03                                                              NOP;                                                                                                VMOV wr0, wd1
	   220    0x80 0x00 0x00 0x83 0xe3 0x00 0x44 0xc7                                          NOP;                                    NOP;                                                                                                                              VFPMAC wd1, r3, wd1, ya, r12, cl0, wc0, #0, cl2, #0, cl1
	   228    0x00 0x01                                                                        NOP
	   230    0x80 0x00 0x00 0x91 0xc0 0x08 0x07 0xf7                                                                                  NOP;                                                        BNEZ r14,#TGT_F_main_128;     NOP
.delay_slot
.swstall delay_slot
	   238    0x00 0x01                                                                        NOP
.delay_slot
.swstall delay_slot
	   240    0x00 0x01                                                                        NOP
.delay_slot
.swstall delay_slot
	   242    0x00 0x01                                                                        NOP
.delay_slot
	   244    0x00 0x00 0x00 0x00 0x10 0x00 0x00 0x40 0x00 0x0b 0xc2 0x3f                      NOP;                NOP;                NOP;                                                        NOP;                          VEXT.32 r5, vdl1[0]
.delay_slot
	   256    0x00 0x00 0x00 0x00 0x10 0x00 0x00 0x40 0x00 0x01 0x5c 0x80 0x00 0x00 0x00 0x00  NOP;                NOP;                NOP;                          NOP;                          NOP;                          MOV1 MS.md0[10], r5, #0;                NOP
.label TGT_F_main_272
.loop_nesting 1
.swstall chess_separator_scheduler
	   272    0x00 0x01                                                                        NOP
.swstall chess_separator_scheduler
	   274    0x00 0x01                                                                        NOP
.swstall chess_separator_scheduler
	   276    0x00 0x01                                                                        NOP
.swstall chess_separator_scheduler
	   278    0x00 0x01                                                                        NOP
.swstall chess_separator_scheduler
	   280    0x00 0x01                                                                        NOP
.swstall chess_separator_scheduler
	   282    0x00 0x01                                                                        NOP
.swstall chess_separator_scheduler
	   284    0x00 0x01                                                                        NOP
.swstall chess_separator_scheduler
	   286    0x00 0x01                                                                        NOP
	   288    0x04 0x00 0x20 0x03                                                              NOP;                                                                  EVENT #2
.swstall chess_separator_scheduler
	   292    0x00 0x01                                                                        NOP
.swstall chess_separator_scheduler
	   294    0x00 0x01                                                                        NOP
.swstall chess_separator_scheduler
	   296    0x00 0x01                                                                        NOP
.swstall chess_separator_scheduler
	   298    0x00 0x01                                                                        NOP
.swstall chess_separator_scheduler
	   300    0x00 0x01                                                                        NOP
	   302    0x7e 0xa2 0x00 0x00 0x00 0x00 0x00 0x37                                          LDA r14, [p0], #4;                      NOP;                          NOP
	   310    0x00 0x01                                                                        NOP
	   312    0x00 0x01                                                                        NOP
	   314    0x00 0x01                                                                        NOP
	   316    0x00 0x01                                                                        NOP
	   318    0x00 0x01                                                                        NOP
	   320    0x00 0x01                                                                        NOP
	   322    0x00 0x01                                                                        NOP
	   324    0x3a 0xe8 0xe0 0x03                                                              NOP;                                                                  GE r14, r8, r14
	   328    0x80 0x00 0x00 0x91 0xc0 0x05 0x07 0xf7                                                                                  NOP;                                                        BNEZ r14,#TGT_F_main_80;      NOP
.delay_slot
.swstall delay_slot
	   336    0x00 0x01                                                                        NOP
.delay_slot
.swstall delay_slot
	   338    0x00 0x01                                                                        NOP
.delay_slot
.swstall delay_slot
	   340    0x00 0x01                                                                        NOP
.delay_slot
.swstall delay_slot
	   342    0x00 0x01                                                                        NOP
.delay_slot
.swstall delay_slot
	   344    0x00 0x01                                                                        NOP
.loop_nesting 0
	   346    0x40 0x03 0x00 0x03                                                              NOP;                                                                  MOV.s12 r0, #0
	   350    0x00 0x01                                                                        NOP
	   352    0x00 0x01                                                                        NOP
	   354    0x00 0x01                                                                        NOP
	   356    0x00 0x01                                                                        NOP
	   358    0x00 0x01                                                                        NOP
	   360    0x00 0x01                                                                        NOP
	   362    0x00 0x01                                                                        NOP
.end_of_main
	   364    0x01 0x01                                                                        RET lr
.delay_slot
.swstall delay_slot
	   366    0x00 0x01                                                                        NOP
.delay_slot
.swstall delay_slot
	   368    0x00 0x01                                                                        NOP
.delay_slot
.swstall delay_slot
	   370    0x00 0x01                                                                        NOP
.delay_slot
.swstall delay_slot
	   372    0x00 0x01                                                                        NOP
.label _main__end last
.label _main___func_end0 last
.delay_slot
.swstall delay_slot
	   374    0x00 0x01                                                                        NOP

.undef global data main

.text_segment_name
.text global 10 _Z26reduce_vec_kernel_functionP12input_streamIfES1_P13output_streamIfE
.label __Z26reduce_vec_kernel_functionP12input_streamIfES1_P13output_streamIfE___func_begin0
.function_start
	     0    0x00 0x00 0x24 0xeb 0x08 0x00 0x72 0x77                                          NOP;                                                                  MOV.s12 r9, #0;               MOV md0[9], r6[0]
	     8    0x00 0x00 0x06 0x47 0xb1 0x94 0x07 0xf7                                                                                                                NOP;                          MOV md0[8], r7[0];            VMOV1 vdl0, WSS.md0[ 9]
	    16    0x80 0x00 0x00 0x50 0x23 0x21 0x07 0xf7                                                                                  NOP;                                                        MOV.u20 cl0, #274960;         NOP
	    24    0x80 0x00 0x00 0x40 0x24 0x00 0x07 0xf7                                                                                  NOP;                                                        MOV.u20 cl1, #0;              NOP
	    32    0xe4 0xa5                                                                        MOV cl2, r9
	    34    0x00 0x00 0x04 0x78 0xdd 0xb4 0x07 0xf7                                                                                                                NOP;                          MOV r7, r8;                   VMOV1 vdh0, WSS.md0[ 9]
	    42    0x80 0x00 0x00 0x01 0x20 0x76 0x57 0xf7                                                                                  NOP;                                                        MOVT.s12 cl0, #1893;          NOP
	    50    0x80 0x00 0x00 0x01 0x24 0x00 0xb7 0xf7                                                                                  NOP;                                                        MOVT.s12 cl1, #11;            NOP
	    58    0x4a 0xf6 0x18 0x03                                                              NOP;                                                                                                MOV md0[10], r7[0]
	    62    0x4c 0x00 0x18 0x03                                                              NOP;                                                                                                VMOV0 vrl0, WSS.md0[ 8]
	    66    0x00 0x01                                                                        NOP
	    68    0x00 0x01                                                                        NOP
	    70    0x00 0x01                                                                        NOP
	    72    0x4c 0x00 0x98 0x03                                                              NOP;                                                                                                VMOV0 vrh0, WSS.md0[ 8]
	    76    0x00 0x01                                                                        NOP
	    78    0x80 0x00 0x00 0x83 0x52 0x40 0x44 0xc7                                          NOP;                                    NOP;                                                                                                                              VFPMAC wd0, r7, wd0, ya, r9, cl0, wc0, #0, cl2, #0, cl1
	    86    0x00 0x01                                                                        NOP
	    88    0x00 0x01                                                                        NOP
	    90    0x00 0x01                                                                        NOP
	    92    0x00 0x01                                                                        NOP
	    94    0x01 0x01                                                                        RET lr
.delay_slot
	    96    0x00 0x00 0x03 0x20 0x30 0x00 0x00 0x77                                          NOP;                                    NOP;                                                                                      VMOV1 WMS.md0[10], vdl0, #0
.delay_slot
.swstall delay_slot
	   104    0x00 0x01                                                                        NOP
.delay_slot
.swstall delay_slot
	   106    0x00 0x01                                                                        NOP
.delay_slot
.swstall delay_slot
	   108    0x00 0x01                                                                        NOP
.label _Z26reduce_vec_kernel_functionP12input_streamIfES1_P13output_streamIfE__end last
.label __Z26reduce_vec_kernel_functionP12input_streamIfES1_P13output_streamIfE___func_end0 last
.delay_slot
	   110    0x00 0x00 0x03 0x60 0x30 0x00 0x00 0x77                                          NOP;                                    NOP;                                                                                      VMOV1 WMS.md0[10], vdh0, #0

.text_segment_name
.text global 10 _Z22reduce_kernel_functionP12input_streamIfES1_P13output_streamIfE
.label __Z22reduce_kernel_functionP12input_streamIfES1_P13output_streamIfE___func_begin0
.function_start
	     0    0x3f 0x00 0x56 0xc0 0x10 0x00 0x00 0x04 0x02 0x80 0x00 0x3f                      MOV.s10 r7, #1;     MOV.s9 r6, #0;      NOP;                                                        MOV.u20 cl2, #0;              NOP
	    12    0x00 0x00 0x19 0xc0 0x88 0x00 0x78 0x00 0x12 0x80 0x0b 0x3f                      NOP;                MOV.s9 r9, #4;                                    MOV.s12 r12, #0;              MOVT.s12 cl2, #11;            NOP
	    24    0x00 0x00 0x1d 0xc0 0x20 0x00 0x01 0x00 0x2e 0x24 0xfb 0x1f                      NOP;                MOV.s9 r13, #1;     NOP;                          MOV.s12 r8, #2;               MOV md0[9], r7[0]
	    36    0x00 0x00 0x06 0x46 0xb0 0x14 0x07 0xf7                                                                                                                NOP;                          MOV md0[8], r6[0];            VMOV1 vrl0, WSS.md0[ 9]
	    44    0x80 0x00 0x00 0x50 0x27 0x21 0x07 0xf7                                                                                  NOP;                                                        MOV.u20 cl1, #274960;         NOP
	    52    0x80 0x00 0x00 0x01 0x24 0x76 0x57 0xf7                                                                                  NOP;                                                        MOVT.s12 cl1, #1893;          NOP
	    60    0x00 0x00 0x04 0x7c 0x21 0xc4 0x07 0xf7                                                                                                                NOP;                          MOV cl0, r12;                 VMOV1 vdl1, WSS.md0[ 8]
	    68    0x00 0x00 0x06 0x56 0xb0 0x34 0x07 0xf7                                                                                                                NOP;                          MOV md0[10], r6[0];           VMOV1 vrh0, WSS.md0[ 9]
	    76    0x00 0x01                                                                        NOP
.noswbrkpt
	    78    0x80 0x00 0x00 0x83 0x93 0x01 0x08 0x87                                          NOP;                                    NOP;                                                                                                                              VFPMAC wr2, r6, wd1, ya, r12, cl1, wc0, #0, cl0, #0, cl2
.nohwbrkpt
.noswbrkpt
	    86    0x4c 0x07 0x98 0x03                                                              NOP;                                                                                                VMOV0 vdh1, WSS.md0[ 8]
	    90    0x00 0x01                                                                        NOP
	    92    0x00 0x01                                                                        NOP
	    94    0x00 0x01                                                                        NOP
	    96    0x00 0x01                                                                        NOP
	    98    0x48 0xae 0x98 0x03                                                              NOP;                                                                                                VMOV wd0, wr2
	   102    0x80 0x00 0x00 0x82 0x72 0x41 0x09 0x87                                          NOP;                                    NOP;                                                                                                                              VFPMAC wd1, r6, wr2, yd, r9, cl1, wc0, #0, cl0, #0, cl2
	   110    0x00 0x01                                                                        NOP
	   112    0x00 0x01                                                                        NOP
	   114    0x00 0x01                                                                        NOP
	   116    0x00 0x01                                                                        NOP
	   118    0x00 0x01                                                                        NOP
	   120    0x49 0xe8 0x98 0x03                                                              NOP;                                                                                                VMOV wr0, wd1
	   124    0x80 0x00 0x00 0x83 0x92 0x01 0x08 0x87                                          NOP;                                    NOP;                                                                                                                              VFPMAC wr2, r6, wd1, ya, r8, cl1, wc0, #0, cl0, #0, cl2
	   132    0x00 0x01                                                                        NOP
	   134    0x00 0x01                                                                        NOP
	   136    0x00 0x01                                                                        NOP
	   138    0x00 0x01                                                                        NOP
	   140    0x00 0x01                                                                        NOP
	   142    0x48 0xae 0x98 0x03                                                              NOP;                                                                                                VMOV wd0, wr2
	   146    0x80 0x00 0x00 0x82 0x73 0x41 0x09 0x87                                          NOP;                                    NOP;                                                                                                                              VFPMAC wd1, r6, wr2, yd, r13, cl1, wc0, #0, cl0, #0, cl2
	   154    0x00 0x01                                                                        NOP
	   156    0x01 0x01                                                                        RET lr
.delay_slot
.swstall delay_slot
	   158    0x00 0x01                                                                        NOP
.delay_slot
.swstall delay_slot
	   160    0x00 0x01                                                                        NOP
.delay_slot
.swstall delay_slot
	   162    0x00 0x01                                                                        NOP
.delay_slot
	   164    0x00 0x00 0x23 0x84 0x30 0x00 0x00 0x77                                          NOP;                                    NOP;                                                                                      VEXT.32 r8, vdl1[0]
.label _Z22reduce_kernel_functionP12input_streamIfES1_P13output_streamIfE__end last
.label __Z22reduce_kernel_functionP12input_streamIfES1_P13output_streamIfE___func_end0 last
.delay_slot
	   172    0x00 0x00 0x03 0x18 0x30 0x00 0x00 0x77                                          NOP;                                    NOP;                                                                                      MOV1 MS.md0[10], r8, #0

