
// File generated by darts version R-2021.03#6beb14dd34#220609, Fri May 31 12:52:46 2024
// Copyright 2014-2021 Synopsys, Inc. All rights reserved.
// darts -v -I/home/xilinx/software/Vitis/2022.2/aietools/data/versal_prod/lib -d -h -I/home/xilinx/software/Vitis/2022.2/aietools/include -I../common -I/home/users/francesco.santambrogio/Downloads/Hpps24-fpga2aie/aie/. -I/home/users/francesco.santambrogio/Downloads/Hpps24-fpga2aie/aie/./src -I/home/users/francesco.santambrogio/Downloads/Hpps24-fpga2aie/aie/../common -I/home/users/francesco.santambrogio/Downloads/Hpps24-fpga2aie/aie/src -Isrc -I/home/xilinx/software/Vitis/2022.2/aietools/data/versal_prod/lib/runtime_cxx/libcxx-lite/include -I/home/xilinx/software/Vitis/2022.2/aietools/data/versal_prod/lib/runtime_cxx/libs/libcxx-9.0.0/include-lite -I/home/xilinx/software/Vitis/2022.2/aietools/data/versal_prod/lib/runtime/include -D__AIENGINE__ -D__AIEARCH__=10 -DDEPLOYMENT_ELF=1 -DAIE_OPTION_SCALAR_FLOAT_ON_VECTOR -D__tct_tgt__=220608 -L +Ihex +nanno +u ../Release/23_1 me

// Release: ipp R-2021.03-TGT-220608

.text_segment PM      0
.entry_point
.label __AIE_ARCH_MODEL_VERSION__10022200__inlined__1__me_basic___main_init_
.label _main_init
.function_start
           0    0x4c 0x64 0x02 0x0b                                                              NOP;                                                                                                MOV.u20 sp, #196640
           4    0x40 0x03 0xc0 0x03                                                              NOP;                                                                  MOV.s12 r12, #0
           8    0xca 0x21                                                                        MOV mc0, r12
          10    0xca 0x61                                                                        MOV mc1, r12
          12    0x80 0x00 0x00 0x7f 0xbb 0xff 0xc7 0xf7                                                                                  NOP;                                                        MOV.u20 p6, #1048572;         NOP
          20    0x80 0x00 0x00 0xa0 0x00 0x07 0x07 0xf7                                                                                  NOP;                                                        J #112;                       NOP
.delay_slot
          28    0x80 0x00 0x00 0x40 0xec 0x00 0x07 0xf7                                                                                  NOP;                                                        MOV.u20 r11, #0;              NOP
.delay_slot
          36    0xa2 0xf5                                                                        MOV p7, p0
.delay_slot
          38    0x00 0x00 0x07 0x6e 0x88 0x00 0x78 0x77                                          NOP;                                                                  MOV.s12 r12, #0;              MOV r10, r6
.delay_slot
          46    0xcb 0x21                                                                        MOV md0, r12
.delay_slot
          48    0x00 0x00 0x00 0x00 0x00 0x00 0x00 0x02 0xcb 0x40 0x00 0x00 0x00 0x00 0x00 0x02  NOP;                NOP;                NOP;                          NOP;                          MOV md1, r12;                 NOP;                                    NOP
.label TGT_F_main_init_64
.loop_nesting 1
          64    0x40 0xbf 0x80 0x00 0x00 0x00 0x00 0x37                                          LDA cb0, [p6], #-4;                     NOP;                          NOP
          72    0x00 0x01                                                                        NOP
          74    0x00 0x01                                                                        NOP
          76    0x00 0x01                                                                        NOP
          78    0x00 0x01                                                                        NOP
          80    0x00 0x01                                                                        NOP
          82    0x00 0x01                                                                        NOP
          84    0x00 0x01                                                                        NOP
.no_stack_arguments
          86    0x00 0x41                                                                        JAL cb0
.delay_slot
.swstall delay_slot
          88    0x00 0x01                                                                        NOP
.delay_slot
.swstall delay_slot
          90    0x00 0x01                                                                        NOP
.delay_slot
.swstall delay_slot
          92    0x00 0x01                                                                        NOP
.delay_slot
.swstall delay_slot
          94    0x00 0x01                                                                        NOP
.delay_slot
.swstall delay_slot
          96    0x00 0x00 0x00 0x00 0x00 0x00 0x00 0x00 0x00 0x00 0x00 0x00 0x00 0x00 0x00 0x02  NOP;                NOP;                NOP;                          NOP;                          NOP;                          NOP;                                    NOP
.label __ll1__main_init
.return_address
         112    0x08 0xa3 0x80 0x00 0x00 0x00 0x00 0x37                                          PADDA [p6], #4;                         NOP;                          NOP
         120    0x00 0x01                                                                        NOP
         122    0xbb 0xc5                                                                        MOV r12, p6
         124    0x39 0xbc 0xc0 0x03                                                              NOP;                                                                  NE r12, r12, r11
         128    0x80 0x00 0x00 0x91 0x80 0x04 0x07 0xf7                                                                                  NOP;                                                        BNEZ r12,#64;                 NOP
.delay_slot
         136    0xa0 0x17 0xf0 0x03                                                              NOP;                                    PADDS [p6], #-4
.delay_slot
.swstall delay_slot
         140    0x00 0x01                                                                        NOP
.delay_slot
.swstall delay_slot
         142    0x00 0x01                                                                        NOP
.delay_slot
.swstall delay_slot
         144    0x00 0x01                                                                        NOP
.delay_slot
.swstall delay_slot
         146    0x00 0x01                                                                        NOP
.loop_nesting 0
.no_stack_arguments
         148    0x80 0x00 0x00 0xa0 0x20 0x11 0x07 0xf7                                                                                  NOP;                                                        JAL #272;                     NOP
.delay_slot
         156    0xeb 0x65                                                                        MOV r6, r10
.delay_slot
         158    0xbe 0x85                                                                        MOV p0, p7
.delay_slot
.swstall delay_slot
         160    0x00 0x01                                                                        NOP
.delay_slot
.swstall delay_slot
         162    0x00 0x01                                                                        NOP
.delay_slot
.swstall delay_slot
         164    0x00 0x00 0x00 0x00 0x00 0x00 0x00 0x00 0x00 0x00 0x00 0x1f                      NOP;                NOP;                NOP;                          NOP;                          NOP
.return_address
.no_stack_arguments
         176    0x80 0x00 0x00 0xa0 0x20 0x31 0x07 0xf7                                                                                  NOP;                                                        JAL #784;                     NOP
.delay_slot
         184    0x80 0x00 0x00 0x40 0xa0 0x00 0x07 0xf7                                                                                  NOP;                                                        MOV.u20 p0, #0;               NOP
.delay_slot
.swstall delay_slot
         192    0x00 0x01                                                                        NOP
.delay_slot
.swstall delay_slot
         194    0x00 0x01                                                                        NOP
.delay_slot
.swstall delay_slot
         196    0x00 0x00 0x00 0x03                                                              NOP;                                                                  NOP
.delay_slot
.swstall delay_slot
         200    0x00 0x00 0x00 0x00 0x00 0x00 0x00 0x37                                          NOP;                                    NOP;                          NOP
.return_address
.swstall chess_separator_scheduler
         208    0x00 0x01                                                                        NOP
.swstall chess_separator_scheduler
         210    0x00 0x01                                                                        NOP
.swstall chess_separator_scheduler
         212    0x00 0x01                                                                        NOP
.swstall chess_separator_scheduler
         214    0x00 0x01                                                                        NOP
.swstall chess_separator_scheduler
         216    0x00 0x01                                                                        NOP
.swstall chess_separator_scheduler
         218    0x00 0x01                                                                        NOP
.swstall chess_separator_scheduler
         220    0x00 0x01                                                                        NOP
.swstall chess_separator_scheduler
         222    0x00 0x01                                                                        NOP
         224    0x04 0x00 0x20 0x03                                                              NOP;                                                                  EVENT #2
.swstall chess_separator_scheduler
         228    0x00 0x01                                                                        NOP
.swstall chess_separator_scheduler
         230    0x00 0x01                                                                        NOP
.swstall chess_separator_scheduler
         232    0x00 0x01                                                                        NOP
.swstall chess_separator_scheduler
         234    0x00 0x01                                                                        NOP
.swstall chess_separator_scheduler
         236    0x00 0x01                                                                        NOP
.swstall for_chess_exit
.exit
         238    0x00 0x01                                                                        NOP
.label TGT_F_main_init_240
.loop_nesting 1
         240    0x80 0x00 0x00 0xa0 0x00 0x0f 0x07 0xf7                                                                                  NOP;                                                        J #240;                       NOP
.delay_slot
.swstall delay_slot
         248    0x00 0x01                                                                        NOP
.delay_slot
.swstall delay_slot
         250    0x00 0x01                                                                        NOP
.delay_slot
.swstall delay_slot
         252    0x00 0x01                                                                        NOP
.delay_slot
.swstall delay_slot
         254    0x00 0x01                                                                        NOP
.delay_slot
.swstall delay_slot
         256    0x00 0x01                                                                        NOP
.label _main_init__end

.text_segment PM    272
.label _main___func_begin0
.label _main
.function_start
         272    0x39 0x00 0x18 0xc0 0x10 0x00 0x00 0x04 0xca 0x00 0x00 0x3f                      MOV.s10 r1, #0;     MOV.s9 r8, #0;      NOP;                                                        MOV.u20 p0, #196608;          NOP
         284    0x38 0x00 0x40 0x00 0x15 0xe2 0x88 0x05 0x02 0x32 0x10 0x3f                      MOV.s10 r0, #1;     NOP;                ST r8, [p0], #4;                                            MOV.u20 cl0, #274960;         NOP
         296    0x80 0x00 0x00 0x40 0x24 0x00 0x07 0xf7                                                                                  NOP;                                                        MOV.u20 cl1, #0;              NOP
         304    0x80 0x00 0x00 0x40 0x28 0x00 0x07 0xf7                                                                                  NOP;                                                        MOV.u20 cl2, #0;              NOP
         312    0x48 0x36 0x18 0x03                                                              NOP;                                                                                                MOV md0[8], r1[0]
         316    0x4a 0x36 0x18 0x03                                                              NOP;                                                                                                MOV md0[10], r1[0]
         320    0x49 0x16 0x18 0x03                                                              NOP;                                                                                                MOV md0[9], r0[0]
         324    0x00 0x00 0x00 0x00 0x10 0x00 0x00 0x00 0x12 0x07 0x65 0x3f                      NOP;                NOP;                NOP;                                                        MOVT.s12 cl0, #1893;          NOP
         336    0x00 0x00 0x00 0x00 0x10 0x00 0x00 0x00 0x12 0x40 0x0b 0x80 0x00 0x00 0x00 0x00  NOP;                NOP;                NOP;                          NOP;                          MOVT.s12 cl1, #11;            NOP;                                    NOP
.label TGT_F_main_80
.loop_nesting 1
         352    0x79 0xbe 0x00 0x00 0x00 0x00 0x00 0x37                                          LDA r9, [p0], #-4;                      NOP;                          NOP
         360    0x00 0x01                                                                        NOP
         362    0x00 0x01                                                                        NOP
         364    0x00 0x01                                                                        NOP
         366    0x00 0x01                                                                        NOP
         368    0x00 0x01                                                                        NOP
         370    0x00 0x01                                                                        NOP
         372    0x00 0x01                                                                        NOP
         374    0x80 0x00 0x00 0x81 0x20 0x1e 0x07 0xf7                                                                                  NOP;                                                        BEQZ r9,#480;                 NOP
.delay_slot
.swstall delay_slot
         382    0x00 0x01                                                                        NOP
.delay_slot
.swstall delay_slot
         384    0x00 0x01                                                                        NOP
.delay_slot
.swstall delay_slot
         386    0x00 0x01                                                                        NOP
.delay_slot
.swstall delay_slot
         388    0x00 0x00 0x00 0x03                                                              NOP;                                                                  NOP
.delay_slot
.swstall delay_slot
         392    0x00 0x00 0x00 0x00 0x00 0x00 0x00 0x37                                          NOP;                                    NOP;                          NOP
.label TGT_F_main_128
.loop_nesting 2
         400    0x3b 0x98 0xc6 0x60 0x10 0x14 0x07 0xf7                                                                                                                LT r12, r8, r9;               VMOV0 vrl2, WSS.md0[ 8];      VMOV1 vrl0, WSS.md0[ 9]
         408    0x31 0xc9 0x90 0x03                                                              NOP;                                                                  SUB r9, r9, r12
         412    0x00 0x01                                                                        NOP
         414    0x00 0x01                                                                        NOP
         416    0x00 0x00 0x06 0x60 0x14 0x34 0x07 0xf7                                                                                                                NOP;                          VMOV0 vrh2, WSS.md0[ 8];      VMOV1 vrh0, WSS.md0[ 9]
         424    0x00 0x01                                                                        NOP
         426    0x80 0x00 0x00 0x82 0x42 0x00 0x44 0x07                                          NOP;                                    NOP;                                                                                                                              VFPMAC wd0, r0, wr2, ya, r8, cl0, wc0, #0, cl2, #0, cl1
         434    0x00 0x01                                                                        NOP
         436    0x00 0x01                                                                        NOP
         438    0x00 0x01                                                                        NOP
         440    0x00 0x01                                                                        NOP
         442    0x80 0x00 0x00 0x91 0x20 0x19 0x07 0xf7                                                                                  NOP;                                                        BNEZ r9,#400;                 NOP
.delay_slot
         450    0x00 0x00 0x03 0x20 0x30 0x00 0x00 0x77                                          NOP;                                    NOP;                                                                                      VMOV1 WMS.md0[10], vdl0, #0
.delay_slot
.swstall delay_slot
         458    0x00 0x01                                                                        NOP
.delay_slot
.swstall delay_slot
         460    0x00 0x01                                                                        NOP
.delay_slot
.swstall delay_slot
         462    0x00 0x01                                                                        NOP
.delay_slot
         464    0x00 0x00 0x00 0x00 0x10 0x00 0x00 0x40 0x00 0x01 0xb0 0x80 0x00 0x00 0x00 0x00  NOP;                NOP;                NOP;                          NOP;                          NOP;                          VMOV1 WMS.md0[10], vdh0, #0;            NOP
.label TGT_F_main_208
.loop_nesting 1
.swstall chess_separator_scheduler
         480    0x00 0x01                                                                        NOP
.swstall chess_separator_scheduler
         482    0x00 0x01                                                                        NOP
.swstall chess_separator_scheduler
         484    0x00 0x01                                                                        NOP
.swstall chess_separator_scheduler
         486    0x00 0x01                                                                        NOP
.swstall chess_separator_scheduler
         488    0x00 0x01                                                                        NOP
.swstall chess_separator_scheduler
         490    0x00 0x01                                                                        NOP
.swstall chess_separator_scheduler
         492    0x00 0x01                                                                        NOP
.swstall chess_separator_scheduler
         494    0x00 0x01                                                                        NOP
         496    0x04 0x00 0x20 0x03                                                              NOP;                                                                  EVENT #2
.swstall chess_separator_scheduler
         500    0x00 0x01                                                                        NOP
.swstall chess_separator_scheduler
         502    0x00 0x01                                                                        NOP
.swstall chess_separator_scheduler
         504    0x00 0x01                                                                        NOP
.swstall chess_separator_scheduler
         506    0x00 0x01                                                                        NOP
.swstall chess_separator_scheduler
         508    0x00 0x01                                                                        NOP
         510    0x79 0xa2 0x00 0x00 0x00 0x00 0x00 0x37                                          LDA r9, [p0], #4;                       NOP;                          NOP
         518    0x00 0x01                                                                        NOP
         520    0x00 0x01                                                                        NOP
         522    0x00 0x01                                                                        NOP
         524    0x00 0x01                                                                        NOP
         526    0x00 0x01                                                                        NOP
         528    0x00 0x01                                                                        NOP
         530    0x00 0x01                                                                        NOP
         532    0x3a 0x98 0x90 0x03                                                              NOP;                                                                  GE r9, r8, r9
         536    0x80 0x00 0x00 0x91 0x20 0x16 0x07 0xf7                                                                                  NOP;                                                        BNEZ r9,#352;                 NOP
.delay_slot
.swstall delay_slot
         544    0x00 0x01                                                                        NOP
.delay_slot
.swstall delay_slot
         546    0x00 0x01                                                                        NOP
.delay_slot
.swstall delay_slot
         548    0x00 0x01                                                                        NOP
.delay_slot
.swstall delay_slot
         550    0x00 0x01                                                                        NOP
.delay_slot
.swstall delay_slot
         552    0x00 0x01                                                                        NOP
.loop_nesting 0
         554    0x40 0x03 0x00 0x03                                                              NOP;                                                                  MOV.s12 r0, #0
         558    0x00 0x01                                                                        NOP
         560    0x00 0x01                                                                        NOP
         562    0x00 0x01                                                                        NOP
         564    0x00 0x01                                                                        NOP
         566    0x00 0x01                                                                        NOP
         568    0x00 0x01                                                                        NOP
         570    0x00 0x01                                                                        NOP
.end_of_main
         572    0x01 0x01                                                                        RET lr
.delay_slot
.swstall delay_slot
         574    0x00 0x01                                                                        NOP
.delay_slot
.swstall delay_slot
         576    0x00 0x01                                                                        NOP
.delay_slot
.swstall delay_slot
         578    0x00 0x01                                                                        NOP
.delay_slot
.swstall delay_slot
         580    0x00 0x01                                                                        NOP
.delay_slot
.swstall delay_slot
         582    0x00 0x01                                                                        NOP
.label _main__end
.label _main___func_end0

.text_segment PM    592
.label _fini
.function_start
         592    0x00 0x00 0x07 0xbd 0x48 0x10 0x40 0x77                                          NOP;                                                                  MOV.s12 m0, #32;              MOV r5, r11
         600    0x08 0x90 0x00 0x00 0x10 0x00 0x00 0x0a 0x00 0x02 0xc0 0x3f                      PADDA [sp], m0;     NOP;                NOP;                                                        J #704;                       NOP
.delay_slot
         612    0x0e 0x98 0x18 0x03                                                              NOP;                                                                                                MOV r0, r4
.delay_slot
         616    0x52 0x3f 0xc0 0x00 0x00 0x37 0xd0 0xf7                                                                                  ST lr, [sp, #-16];            NOP;                          MOV p0, p7
.delay_slot
         624    0xad 0x1f 0xe8 0x40 0xd0 0x00 0x07 0xf7                                                                                  ST p0, [sp, #-12];                                          MOV.u20 r4, #0;               NOP
.delay_slot
         632    0xae 0x1f 0xf8 0x40 0xbc 0x00 0x07 0xf7                                                                                  ST r0, [sp, #-4];                                           MOV.u20 p7, #0;               NOP
.delay_slot
         640    0x00 0x00 0x00 0x00 0x15 0xd7 0xfe 0x04 0x0e 0xc0 0x00 0x80 0x00 0x00 0x00 0x00  NOP;                NOP;                ST r5, [sp, #-8];             NOP;                          MOV.u20 r11, #0;              NOP;                                    NOP
.label TGT_F_fini_64
.loop_nesting 1
         656    0x40 0xa3 0xc0 0x00 0x00 0x00 0x00 0x37                                          LDA cb0, [p7], #4;                      NOP;                          NOP
         664    0x00 0x01                                                                        NOP
         666    0x00 0x01                                                                        NOP
         668    0x00 0x01                                                                        NOP
         670    0x00 0x01                                                                        NOP
         672    0x00 0x01                                                                        NOP
         674    0x00 0x01                                                                        NOP
         676    0x00 0x01                                                                        NOP
.no_stack_arguments
         678    0x00 0x41                                                                        JAL cb0
.delay_slot
         680    0xbf 0xb5                                                                        MOV r11, p7
.delay_slot
.swstall delay_slot
         682    0x00 0x01                                                                        NOP
.delay_slot
.swstall delay_slot
         684    0x00 0x01                                                                        NOP
.delay_slot
.swstall delay_slot
         686    0x00 0x01                                                                        NOP
.delay_slot
.swstall delay_slot
         688    0x00 0x00 0x00 0x00 0x00 0x00 0x00 0x00 0x00 0x00 0x00 0x00 0x00 0x00 0x00 0x02  NOP;                NOP;                NOP;                          NOP;                          NOP;                          NOP;                                    NOP
.label __ll1__fini
.return_address
         704    0x39 0xb4 0xc0 0x03                                                              NOP;                                                                  NE r12, r4, r11
         708    0x80 0x00 0x00 0x91 0x80 0x29 0x07 0xf7                                                                                  NOP;                                                        BNEZ r12,#656;                NOP
.delay_slot
.swstall delay_slot
         716    0x00 0x01                                                                        NOP
.delay_slot
.swstall delay_slot
         718    0x00 0x01                                                                        NOP
.delay_slot
.swstall delay_slot
         720    0x00 0x01                                                                        NOP
.delay_slot
.swstall delay_slot
         722    0x00 0x01                                                                        NOP
.delay_slot
.swstall delay_slot
         724    0x00 0x01                                                                        NOP
.loop_nesting 0
         726    0x58 0xff 0x38 0x03                                                              NOP;                LDB lr, [sp, #-16]
         730    0x80 0x00 0x00 0xc7 0xef 0xff 0x67 0xf7                                                                                  NOP;                                                        LDA.SPIL r11, [sp, #-8];      NOP
         738    0x80 0x00 0x00 0xc7 0xd3 0xff 0xe7 0xf7                                                                                  NOP;                                                        LDA.SPIL r4, [sp, #-4];       NOP
         746    0x80 0x00 0x00 0xc7 0xbf 0xfe 0xe7 0xf7                                                                                  NOP;                                                        LDA.SPIL p7, [sp, #-12];      NOP
         754    0x00 0x01                                                                        NOP
         756    0x00 0x01                                                                        NOP
         758    0x00 0x01                                                                        NOP
         760    0x00 0x01                                                                        NOP
         762    0x01 0x01                                                                        RET lr
.delay_slot
.swstall delay_slot
         764    0x00 0x01                                                                        NOP
.delay_slot
.swstall delay_slot
         766    0x00 0x01                                                                        NOP
.delay_slot
         768    0x7f 0x82 0x00 0x03                                                              NOP;                                                                  MOV.s12 m0, #-32
.delay_slot
         772    0x08 0x90 0x00 0x00 0x00 0x00 0x00 0x37                                          PADDA [sp], m0;                         NOP;                          NOP
.delay_slot
.swstall delay_slot
         780    0x00 0x01                                                                        NOP
.label _fini__end

.text_segment PM    784
.label __cxa_finalize
.function_start
         784    0x00 0x00 0x18 0xff 0xa8 0x04 0x78 0x04 0xca 0x10 0x40 0x3f                      NOP;                MOV.s9 r8, #-3;                                   MOV.s12 r12, #8;              MOV.u20 p0, #200768;          NOP
         796    0x79 0xd0 0x00 0x00 0x10 0x00 0x00 0x04 0xcb 0x90 0x20 0x3f                      LDA r9, [p0];       NOP;                NOP;                                                        MOV.u20 p6, #200736;          NOP
         808    0x5f 0x34 0x00 0x00 0x01 0x02 0xb4 0xf7                                                                                  ST r12, [p0];                 NOP;                          MOV r10, lr
         816    0x00 0x01                                                                        NOP
         818    0x00 0x01                                                                        NOP
         820    0x00 0x01                                                                        NOP
         822    0x00 0x01                                                                        NOP
         824    0x00 0x01                                                                        NOP
         826    0x00 0x01                                                                        NOP
         828    0x27 0x89 0x90 0x03                                                              NOP;                                                                  ADD r9, r9, #-8
         832    0x00 0x00 0x07 0x98 0x07 0xf1 0x36 0x77                                          NOP;                                                                  ASHL r11, r9, r8;             MOV m0, r9
         840    0xa0 0x10 0x30 0x03                                                              NOP;                                    PADDS [p6], m0
         844    0x00 0x00 0x00 0x03                                                              NOP;                                                                  NOP
.label TGT_F__cxa_finalize_64
.loop_nesting 1
         848    0x40 0xa3 0x80 0x00 0x00 0x00 0x00 0x37                                          LDA cb0, [p6], #4;                      NOP;                          NOP
         856    0x68 0xbb 0x80 0x00 0x00 0x00 0x00 0x37                                          LDA p0, [p6], #-12;                     NOP;                          NOP
         864    0x00 0x01                                                                        NOP
         866    0x00 0x01                                                                        NOP
         868    0x00 0x01                                                                        NOP
         870    0x00 0x01                                                                        NOP
         872    0x00 0x01                                                                        NOP
         874    0x00 0x01                                                                        NOP
.no_stack_arguments
         876    0x00 0x41                                                                        JAL cb0
.delay_slot
.swstall delay_slot
         878    0x00 0x01                                                                        NOP
.delay_slot
.swstall delay_slot
         880    0x00 0x01                                                                        NOP
.delay_slot
.swstall delay_slot
         882    0x00 0x01                                                                        NOP
.delay_slot
         884    0x0e 0x1a 0x18 0x03                                                              NOP;                                                                                                MOV r4, r0
.delay_slot
.swstall delay_slot
         888    0x00 0x00 0x00 0x00 0x00 0x00 0x00 0x37                                          NOP;                                    NOP;                          NOP
.return_address
         896    0x80 0x00 0x00 0x40 0x40 0x35 0x07 0xf7                                                                                  NOP;                                                        MOV.u20 cb0, #848;            NOP
         904    0x03 0x8b 0xb0 0x03                                                              NOP;                                                                  BDEC r11, r11, cb0
.delay_slot
         908    0xd3 0x05                                                                        MOV r0, r4
.delay_slot
.swstall delay_slot
         910    0x00 0x01                                                                        NOP
.delay_slot
.swstall delay_slot
         912    0x00 0x01                                                                        NOP
.delay_slot
.swstall delay_slot
         914    0x00 0x01                                                                        NOP
.delay_slot
.swstall delay_slot
         916    0x00 0x01                                                                        NOP
.loop_nesting 0
         918    0xa1 0x61                                                                        MOV lr, r10
         920    0x01 0x01                                                                        RET lr
.delay_slot
.swstall delay_slot
         922    0x00 0x01                                                                        NOP
.delay_slot
.swstall delay_slot
         924    0x00 0x01                                                                        NOP
.delay_slot
.swstall delay_slot
         926    0x00 0x01                                                                        NOP
.delay_slot
.swstall delay_slot
         928    0x00 0x01                                                                        NOP
.delay_slot
.swstall delay_slot
         930    0x00 0x01                                                                        NOP
.label __cxa_finalize__end

.data_segment DMb 196608
.label _ZL11sync_buffer
	0x0
	0x0
	0x0
	0x0
	0xff
	0xff
	0xff
	0xff
	0x0
	0x0
	0x0
	0x0
	0x0
	0x0
	0x0
	0x0
	0x0
	0x0
	0x0
	0x0
	0x0
	0x0
	0x0
	0x0
	0x0
	0x0
	0x0
	0x0
	0x0
	0x0
	0x0
	0x0

.data_segment DMb 200736
.label _ZL7atexits
	0x50
	0x2
	0x0
	0x0
	0x0
	0x0
	0x0
	0x0
	0x0
	0x0
	0x0
	0x0
	0x0
	0x0
	0x0
	0x0
	0x0
	0x0
	0x0
	0x0
	0x0
	0x0
	0x0
	0x0
	0x0
	0x0
	0x0
	0x0
	0x0
	0x0
	0x0
	0x0
.label _ZL10atexit_cnt
	0x8
	0x0
	0x0
	0x0

.stack DM_stack 196640 200736
