
// File generated by darts version R-2021.03#6beb14dd34#220609, Fri May 31 12:52:42 2024
// Copyright 2014-2021 Synopsys, Inc. All rights reserved.
// darts -v -I/home/xilinx/software/Vitis/2022.2/aietools/data/versal_prod/lib -d -h -I/home/xilinx/software/Vitis/2022.2/aietools/include -I../common -I/home/users/francesco.santambrogio/Downloads/Hpps24-fpga2aie/aie/. -I/home/users/francesco.santambrogio/Downloads/Hpps24-fpga2aie/aie/./src -I/home/users/francesco.santambrogio/Downloads/Hpps24-fpga2aie/aie/../common -I/home/users/francesco.santambrogio/Downloads/Hpps24-fpga2aie/aie/src -Isrc -I/home/xilinx/software/Vitis/2022.2/aietools/data/versal_prod/lib/runtime_cxx/libcxx-lite/include -I/home/xilinx/software/Vitis/2022.2/aietools/data/versal_prod/lib/runtime_cxx/libs/libcxx-9.0.0/include-lite -I/home/xilinx/software/Vitis/2022.2/aietools/data/versal_prod/lib/runtime/include -D__AIENGINE__ -D__AIEARCH__=10 -DDEPLOYMENT_ELF=1 -DAIE_OPTION_SCALAR_FLOAT_ON_VECTOR -D__tct_tgt__=220608 -L +Ihex +nanno ../Release/23_1.o me

// Release: ipp R-2021.03-TGT-220608
.data_segment_name
.data local 16 _ZL11sync_buffer DMb
	0x0
	0x0
	0x0
	0x0
	0xff
	0xff
	0xff
	0xff
	0x0
	0x0
	0x0
	0x0
	0x0
	0x0
	0x0
	0x0
	0x0
	0x0
	0x0
	0x0
	0x0
	0x0
	0x0
	0x0
	0x0
	0x0
	0x0
	0x0
	0x0
	0x0
	0x0
	0x0

.undef local data _ZL11sync_buffer

.undef global data _ZN12me_primitive3ss0E


.undef global data _ZN12me_primitive3ms0E


.undef global data _ZN12me_primitive4sst0E


.undef global data _ZN12me_primitive4ssc0E


.undef global data _ZN12me_primitive5wsst0E


.undef global data _ZN12me_primitive4msc0E


.undef global data _ZN12me_primitive3ss1E


.undef global data _ZN12me_primitive3ms1E


.undef global data _ZN12me_primitive4sst1E


.undef global data _ZN12me_primitive4ssc1E


.undef global data _ZN12me_primitive5wsst1E


.undef global data _ZN12me_primitive4msc1E


.undef global data ZERO

.undef global data ONES

.undef global data __chess_separator_idummy

.text_segment_name
.text global 16 _main
.label _main___func_begin0
.function_start
	     0    0x39 0x00 0x18 0xc0 0x10 0x00 0x00 0x04 0x0a 0x00 0x00 0x3f                      MOV.s10 r1, #0;     MOV.s9 r8, #0;      NOP;                                                        MOV.u20 p0, #_ZL11sync_buffer;NOP
	    12    0x38 0x00 0x40 0x00 0x15 0xe2 0x88 0x05 0x02 0x32 0x10 0x3f                      MOV.s10 r0, #1;     NOP;                ST r8, [p0], #4;                                            MOV.u20 cl0, #274960;         NOP
	    24    0x80 0x00 0x00 0x40 0x24 0x00 0x07 0xf7                                                                                  NOP;                                                        MOV.u20 cl1, #0;              NOP
	    32    0x80 0x00 0x00 0x40 0x28 0x00 0x07 0xf7                                                                                  NOP;                                                        MOV.u20 cl2, #0;              NOP
	    40    0x48 0x36 0x18 0x03                                                              NOP;                                                                                                MOV md0[8], r1[0]
	    44    0x4a 0x36 0x18 0x03                                                              NOP;                                                                                                MOV md0[10], r1[0]
	    48    0x49 0x16 0x18 0x03                                                              NOP;                                                                                                MOV md0[9], r0[0]
	    52    0x00 0x00 0x00 0x00 0x10 0x00 0x00 0x00 0x12 0x07 0x65 0x3f                      NOP;                NOP;                NOP;                                                        MOVT.s12 cl0, #1893;          NOP
	    64    0x00 0x00 0x00 0x00 0x10 0x00 0x00 0x00 0x12 0x40 0x0b 0x80 0x00 0x00 0x00 0x00  NOP;                NOP;                NOP;                          NOP;                          MOVT.s12 cl1, #11;            NOP;                                    NOP
.label TGT_F_main_80
.loop_nesting 1
	    80    0x79 0xbe 0x00 0x00 0x00 0x00 0x00 0x37                                          LDA r9, [p0], #-4;                      NOP;                          NOP
	    88    0x00 0x01                                                                        NOP
	    90    0x00 0x01                                                                        NOP
	    92    0x00 0x01                                                                        NOP
	    94    0x00 0x01                                                                        NOP
	    96    0x00 0x01                                                                        NOP
	    98    0x00 0x01                                                                        NOP
	   100    0x00 0x01                                                                        NOP
	   102    0x80 0x00 0x00 0x81 0x20 0x0d 0x07 0xf7                                                                                  NOP;                                                        BEQZ r9,#TGT_F_main_208;      NOP
.delay_slot
.swstall delay_slot
	   110    0x00 0x01                                                                        NOP
.delay_slot
.swstall delay_slot
	   112    0x00 0x01                                                                        NOP
.delay_slot
.swstall delay_slot
	   114    0x00 0x01                                                                        NOP
.delay_slot
.swstall delay_slot
	   116    0x00 0x00 0x00 0x03                                                              NOP;                                                                  NOP
.delay_slot
.swstall delay_slot
	   120    0x00 0x00 0x00 0x00 0x00 0x00 0x00 0x37                                          NOP;                                    NOP;                          NOP
.label TGT_F_main_128
.loop_nesting 2
	   128    0x3b 0x98 0xc6 0x60 0x10 0x14 0x07 0xf7                                                                                                                LT r12, r8, r9;               VMOV0 vrl2, WSS.md0[ 8];      VMOV1 vrl0, WSS.md0[ 9]
	   136    0x31 0xc9 0x90 0x03                                                              NOP;                                                                  SUB r9, r9, r12
	   140    0x00 0x01                                                                        NOP
	   142    0x00 0x01                                                                        NOP
	   144    0x00 0x00 0x06 0x60 0x14 0x34 0x07 0xf7                                                                                                                NOP;                          VMOV0 vrh2, WSS.md0[ 8];      VMOV1 vrh0, WSS.md0[ 9]
	   152    0x00 0x01                                                                        NOP
	   154    0x80 0x00 0x00 0x82 0x42 0x00 0x44 0x07                                          NOP;                                    NOP;                                                                                                                              VFPMAC wd0, r0, wr2, ya, r8, cl0, wc0, #0, cl2, #0, cl1
	   162    0x00 0x01                                                                        NOP
	   164    0x00 0x01                                                                        NOP
	   166    0x00 0x01                                                                        NOP
	   168    0x00 0x01                                                                        NOP
	   170    0x80 0x00 0x00 0x91 0x20 0x08 0x07 0xf7                                                                                  NOP;                                                        BNEZ r9,#TGT_F_main_128;      NOP
.delay_slot
	   178    0x00 0x00 0x03 0x20 0x30 0x00 0x00 0x77                                          NOP;                                    NOP;                                                                                      VMOV1 WMS.md0[10], vdl0, #0
.delay_slot
.swstall delay_slot
	   186    0x00 0x01                                                                        NOP
.delay_slot
.swstall delay_slot
	   188    0x00 0x01                                                                        NOP
.delay_slot
.swstall delay_slot
	   190    0x00 0x01                                                                        NOP
.delay_slot
	   192    0x00 0x00 0x00 0x00 0x10 0x00 0x00 0x40 0x00 0x01 0xb0 0x80 0x00 0x00 0x00 0x00  NOP;                NOP;                NOP;                          NOP;                          NOP;                          VMOV1 WMS.md0[10], vdh0, #0;            NOP
.label TGT_F_main_208
.loop_nesting 1
.swstall chess_separator_scheduler
	   208    0x00 0x01                                                                        NOP
.swstall chess_separator_scheduler
	   210    0x00 0x01                                                                        NOP
.swstall chess_separator_scheduler
	   212    0x00 0x01                                                                        NOP
.swstall chess_separator_scheduler
	   214    0x00 0x01                                                                        NOP
.swstall chess_separator_scheduler
	   216    0x00 0x01                                                                        NOP
.swstall chess_separator_scheduler
	   218    0x00 0x01                                                                        NOP
.swstall chess_separator_scheduler
	   220    0x00 0x01                                                                        NOP
.swstall chess_separator_scheduler
	   222    0x00 0x01                                                                        NOP
	   224    0x04 0x00 0x20 0x03                                                              NOP;                                                                  EVENT #2
.swstall chess_separator_scheduler
	   228    0x00 0x01                                                                        NOP
.swstall chess_separator_scheduler
	   230    0x00 0x01                                                                        NOP
.swstall chess_separator_scheduler
	   232    0x00 0x01                                                                        NOP
.swstall chess_separator_scheduler
	   234    0x00 0x01                                                                        NOP
.swstall chess_separator_scheduler
	   236    0x00 0x01                                                                        NOP
	   238    0x79 0xa2 0x00 0x00 0x00 0x00 0x00 0x37                                          LDA r9, [p0], #4;                       NOP;                          NOP
	   246    0x00 0x01                                                                        NOP
	   248    0x00 0x01                                                                        NOP
	   250    0x00 0x01                                                                        NOP
	   252    0x00 0x01                                                                        NOP
	   254    0x00 0x01                                                                        NOP
	   256    0x00 0x01                                                                        NOP
	   258    0x00 0x01                                                                        NOP
	   260    0x3a 0x98 0x90 0x03                                                              NOP;                                                                  GE r9, r8, r9
	   264    0x80 0x00 0x00 0x91 0x20 0x05 0x07 0xf7                                                                                  NOP;                                                        BNEZ r9,#TGT_F_main_80;       NOP
.delay_slot
.swstall delay_slot
	   272    0x00 0x01                                                                        NOP
.delay_slot
.swstall delay_slot
	   274    0x00 0x01                                                                        NOP
.delay_slot
.swstall delay_slot
	   276    0x00 0x01                                                                        NOP
.delay_slot
.swstall delay_slot
	   278    0x00 0x01                                                                        NOP
.delay_slot
.swstall delay_slot
	   280    0x00 0x01                                                                        NOP
.loop_nesting 0
	   282    0x40 0x03 0x00 0x03                                                              NOP;                                                                  MOV.s12 r0, #0
	   286    0x00 0x01                                                                        NOP
	   288    0x00 0x01                                                                        NOP
	   290    0x00 0x01                                                                        NOP
	   292    0x00 0x01                                                                        NOP
	   294    0x00 0x01                                                                        NOP
	   296    0x00 0x01                                                                        NOP
	   298    0x00 0x01                                                                        NOP
.end_of_main
	   300    0x01 0x01                                                                        RET lr
.delay_slot
.swstall delay_slot
	   302    0x00 0x01                                                                        NOP
.delay_slot
.swstall delay_slot
	   304    0x00 0x01                                                                        NOP
.delay_slot
.swstall delay_slot
	   306    0x00 0x01                                                                        NOP
.delay_slot
.swstall delay_slot
	   308    0x00 0x01                                                                        NOP
.label _main__end last
.label _main___func_end0 last
.delay_slot
.swstall delay_slot
	   310    0x00 0x01                                                                        NOP

.undef global data main

.text_segment_name
.text global 10 _Z26reduce_vec_kernel_functionP12input_streamIfES1_P13output_streamIfE
.label __Z26reduce_vec_kernel_functionP12input_streamIfES1_P13output_streamIfE___func_begin0
.function_start
	     0    0x3f 0x00 0x56 0xc0 0x10 0x00 0x00 0x04 0x02 0x80 0x00 0x3f                      MOV.s10 r7, #1;     MOV.s9 r6, #0;      NOP;                                                        MOV.u20 cl2, #0;              NOP
	    12    0x00 0x00 0x18 0xc0 0x10 0x00 0x00 0x00 0x12 0x80 0x0b 0x3f                      NOP;                MOV.s9 r8, #0;      NOP;                                                        MOVT.s12 cl2, #11;            NOP
	    24    0x49 0xf6 0x18 0x03                                                              NOP;                                                                                                MOV md0[9], r7[0]
	    28    0x00 0x00 0x06 0x46 0xb0 0x14 0x07 0xf7                                                                                                                NOP;                          MOV md0[8], r6[0];            VMOV1 vrl0, WSS.md0[ 9]
	    36    0x80 0x00 0x00 0x50 0x27 0x21 0x07 0xf7                                                                                  NOP;                                                        MOV.u20 cl1, #274960;         NOP
	    44    0x80 0x00 0x00 0x01 0x24 0x76 0x57 0xf7                                                                                  NOP;                                                        MOVT.s12 cl1, #1893;          NOP
	    52    0x00 0x00 0x04 0x78 0x21 0x84 0x07 0xf7                                                                                                                NOP;                          MOV cl0, r8;                  VMOV1 vdl0, WSS.md0[ 8]
	    60    0x00 0x00 0x06 0x56 0xb0 0x34 0x07 0xf7                                                                                                                NOP;                          MOV md0[10], r6[0];           VMOV1 vrh0, WSS.md0[ 9]
	    68    0x00 0x01                                                                        NOP
.noswbrkpt
	    70    0x80 0x00 0x00 0x83 0x12 0x01 0x08 0x87                                          NOP;                                    NOP;                                                                                                                              VFPMAC wr2, r6, wd0, ya, r8, cl1, wc0, #0, cl0, #0, cl2
.nohwbrkpt
.noswbrkpt
	    78    0x4c 0x06 0x98 0x03                                                              NOP;                                                                                                VMOV0 vdh0, WSS.md0[ 8]
	    82    0x00 0x01                                                                        NOP
	    84    0x00 0x01                                                                        NOP
	    86    0x00 0x01                                                                        NOP
	    88    0x01 0x01                                                                        RET lr
.delay_slot
	    90    0x00 0x00 0x01 0x20 0x30 0x00 0x00 0x77                                          NOP;                                    NOP;                                                                                      VMOV1 WMS.md0[10], vrl2, #0
.delay_slot
.swstall delay_slot
	    98    0x00 0x01                                                                        NOP
.delay_slot
.swstall delay_slot
	   100    0x00 0x01                                                                        NOP
.delay_slot
.swstall delay_slot
	   102    0x00 0x01                                                                        NOP
.label _Z26reduce_vec_kernel_functionP12input_streamIfES1_P13output_streamIfE__end last
.label __Z26reduce_vec_kernel_functionP12input_streamIfES1_P13output_streamIfE___func_end0 last
.delay_slot
	   104    0x00 0x00 0x01 0x60 0x30 0x00 0x00 0x77                                          NOP;                                    NOP;                                                                                      VMOV1 WMS.md0[10], vrh2, #0

.text_segment_name
.text global 10 _Z22reduce_kernel_functionP12input_streamIfES1_P13output_streamIfE
.label __Z22reduce_kernel_functionP12input_streamIfES1_P13output_streamIfE___func_begin0
.function_start
	     0    0x00 0x00 0x1c 0xc0 0x80 0x00 0x01 0x00 0x0f 0xa4 0xeb 0x1f                      NOP;                MOV.s9 r12, #4;     NOP;                          MOV.s12 r14, #0;              MOV md0[9], r6[0]
	    12    0x00 0x00 0x19 0xc0 0x28 0x01 0x7a 0x64 0x7b 0x1d 0x40 0x3f                      NOP;                MOV.s9 r9, #1;                                    MOV.s12 r13, #2;              MOV md0[8], r7[0];            VMOV1 vdl1, WSS.md0[ 9]
	    24    0x80 0x00 0x00 0x50 0x23 0x21 0x07 0xf7                                                                                  NOP;                                                        MOV.u20 cl0, #274960;         NOP
	    32    0x80 0x00 0x00 0x40 0x24 0x00 0x07 0xf7                                                                                  NOP;                                                        MOV.u20 cl1, #0;              NOP
	    40    0xf8 0xa5                                                                        MOV cl2, r14
	    42    0x00 0x00 0x04 0x78 0xdd 0xf4 0x07 0xf7                                                                                                                NOP;                          MOV r7, r8;                   VMOV1 vdh1, WSS.md0[ 9]
	    50    0x80 0x00 0x00 0x01 0x20 0x76 0x57 0xf7                                                                                  NOP;                                                        MOVT.s12 cl0, #1893;          NOP
	    58    0x80 0x00 0x00 0x01 0x24 0x00 0xb7 0xf7                                                                                  NOP;                                                        MOVT.s12 cl1, #11;            NOP
	    66    0x4a 0xf6 0x18 0x03                                                              NOP;                                                                                                MOV md0[10], r7[0]
	    70    0x4c 0x00 0x18 0x03                                                              NOP;                                                                                                VMOV0 vrl0, WSS.md0[ 8]
	    74    0x00 0x01                                                                        NOP
	    76    0x00 0x01                                                                        NOP
	    78    0x00 0x01                                                                        NOP
	    80    0x4c 0x00 0x98 0x03                                                              NOP;                                                                                                VMOV0 vrh0, WSS.md0[ 8]
	    84    0x00 0x01                                                                        NOP
	    86    0x80 0x00 0x00 0x83 0x93 0x80 0x44 0xc7                                          NOP;                                    NOP;                                                                                                                              VFPMAC wr2, r7, wd1, ya, r14, cl0, wc0, #0, cl2, #0, cl1
	    94    0x00 0x01                                                                        NOP
	    96    0x00 0x01                                                                        NOP
	    98    0x00 0x01                                                                        NOP
	   100    0x00 0x01                                                                        NOP
	   102    0x00 0x01                                                                        NOP
	   104    0x48 0xae 0x98 0x03                                                              NOP;                                                                                                VMOV wd0, wr2
	   108    0x80 0x00 0x00 0x82 0x73 0x00 0x45 0xc7                                          NOP;                                    NOP;                                                                                                                              VFPMAC wd1, r7, wr2, yd, r12, cl0, wc0, #0, cl2, #0, cl1
	   116    0x00 0x01                                                                        NOP
	   118    0x00 0x01                                                                        NOP
	   120    0x00 0x01                                                                        NOP
	   122    0x00 0x01                                                                        NOP
	   124    0x00 0x01                                                                        NOP
	   126    0x49 0xe8 0x98 0x03                                                              NOP;                                                                                                VMOV wr0, wd1
	   130    0x80 0x00 0x00 0x83 0xf3 0x40 0x44 0xc7                                          NOP;                                    NOP;                                                                                                                              VFPMAC wd1, r7, wd1, ya, r13, cl0, wc0, #0, cl2, #0, cl1
	   138    0x00 0x01                                                                        NOP
	   140    0x00 0x01                                                                        NOP
	   142    0x00 0x01                                                                        NOP
	   144    0x00 0x01                                                                        NOP
	   146    0x00 0x01                                                                        NOP
	   148    0x49 0xe8 0x98 0x03                                                              NOP;                                                                                                VMOV wr0, wd1
	   152    0x80 0x00 0x00 0x83 0x92 0x40 0x44 0xc7                                          NOP;                                    NOP;                                                                                                                              VFPMAC wr2, r7, wd1, ya, r9, cl0, wc0, #0, cl2, #0, cl1
	   160    0x00 0x01                                                                        NOP
	   162    0x01 0x01                                                                        RET lr
.delay_slot
.swstall delay_slot
	   164    0x00 0x01                                                                        NOP
.delay_slot
.swstall delay_slot
	   166    0x00 0x01                                                                        NOP
.delay_slot
.swstall delay_slot
	   168    0x00 0x01                                                                        NOP
.delay_slot
	   170    0x00 0x00 0x21 0x04 0x30 0x00 0x00 0x77                                          NOP;                                    NOP;                                                                                      VEXT.32 r8, vrl2[0]
.label _Z22reduce_kernel_functionP12input_streamIfES1_P13output_streamIfE__end last
.label __Z22reduce_kernel_functionP12input_streamIfES1_P13output_streamIfE___func_end0 last
.delay_slot
	   178    0x00 0x00 0x03 0x18 0x30 0x00 0x00 0x77                                          NOP;                                    NOP;                                                                                      MOV1 MS.md0[10], r8, #0

